Classic Timing Analyzer report for part6
Sat Dec 08 19:52:55 2018
Quartus II Version 9.0 Build 235 06/17/2009 Service Pack 2 SJ Web Edition


---------------------
; Table of Contents ;
---------------------
  1. Legal Notice
  2. Timing Analyzer Summary
  3. Timing Analyzer Settings
  4. Parallel Compilation
  5. tpd
  6. Timing Analyzer Messages



----------------
; Legal Notice ;
----------------
Copyright (C) 1991-2009 Altera Corporation
Your use of Altera Corporation's design tools, logic functions 
and other software and tools, and its AMPP partner logic 
functions, and any output files from any of the foregoing 
(including device programming or simulation files), and any 
associated documentation or information are expressly subject 
to the terms and conditions of the Altera Program License 
Subscription Agreement, Altera MegaCore Function License 
Agreement, or other applicable license agreement, including, 
without limitation, that your use is for the sole purpose of 
programming logic devices manufactured by Altera and sold by 
Altera or its authorized distributors.  Please refer to the 
applicable agreement for further details.



+------------------------------------------------------------------------------------------------------------------------------+
; Timing Analyzer Summary                                                                                                      ;
+------------------------------+-------+---------------+-------------+--------+---------+------------+----------+--------------+
; Type                         ; Slack ; Required Time ; Actual Time ; From   ; To      ; From Clock ; To Clock ; Failed Paths ;
+------------------------------+-------+---------------+-------------+--------+---------+------------+----------+--------------+
; Worst-case tpd               ; N/A   ; None          ; 16.359 ns   ; SW[15] ; HEX7[3] ; --         ; --       ; 0            ;
; Total number of failed paths ;       ;               ;             ;        ;         ;            ;          ; 0            ;
+------------------------------+-------+---------------+-------------+--------+---------+------------+----------+--------------+


+--------------------------------------------------------------------------------------------------------------------+
; Timing Analyzer Settings                                                                                           ;
+---------------------------------------------------------------------+--------------------+------+----+-------------+
; Option                                                              ; Setting            ; From ; To ; Entity Name ;
+---------------------------------------------------------------------+--------------------+------+----+-------------+
; Device Name                                                         ; EP2C35F672C6       ;      ;    ;             ;
; Timing Models                                                       ; Final              ;      ;    ;             ;
; Default hold multicycle                                             ; Same as Multicycle ;      ;    ;             ;
; Cut paths between unrelated clock domains                           ; On                 ;      ;    ;             ;
; Cut off read during write signal paths                              ; On                 ;      ;    ;             ;
; Cut off feedback from I/O pins                                      ; On                 ;      ;    ;             ;
; Report Combined Fast/Slow Timing                                    ; Off                ;      ;    ;             ;
; Ignore Clock Settings                                               ; Off                ;      ;    ;             ;
; Analyze latches as synchronous elements                             ; On                 ;      ;    ;             ;
; Enable Recovery/Removal analysis                                    ; Off                ;      ;    ;             ;
; Enable Clock Latency                                                ; Off                ;      ;    ;             ;
; Use TimeQuest Timing Analyzer                                       ; Off                ;      ;    ;             ;
; Minimum Core Junction Temperature                                   ; 0                  ;      ;    ;             ;
; Maximum Core Junction Temperature                                   ; 85                 ;      ;    ;             ;
; Number of source nodes to report per destination node               ; 10                 ;      ;    ;             ;
; Number of destination nodes to report                               ; 10                 ;      ;    ;             ;
; Number of paths to report                                           ; 200                ;      ;    ;             ;
; Report Minimum Timing Checks                                        ; Off                ;      ;    ;             ;
; Use Fast Timing Models                                              ; Off                ;      ;    ;             ;
; Report IO Paths Separately                                          ; Off                ;      ;    ;             ;
; Perform Multicorner Analysis                                        ; On                 ;      ;    ;             ;
; Reports the worst-case path for each clock domain and analysis      ; Off                ;      ;    ;             ;
; Removes common clock path pessimism (CCPP) during slack computation ; Off                ;      ;    ;             ;
; Output I/O Timing Endpoint                                          ; Near End           ;      ;    ;             ;
+---------------------------------------------------------------------+--------------------+------+----+-------------+


+------------------------------------------+
; Parallel Compilation                     ;
+----------------------------+-------------+
; Processors                 ; Number      ;
+----------------------------+-------------+
; Number detected on machine ; 2           ;
; Maximum allowed            ; 2           ;
;                            ;             ;
; Average used               ; 1.00        ;
; Maximum used               ; 1           ;
;                            ;             ;
; Usage by Processor         ; % Time Used ;
;     1 processor            ; 100.0%      ;
;     2 processors           ;   0.0%      ;
+----------------------------+-------------+


+------------------------------------------------------------------------------------------------------------------------------------+
; tpd                                                                                                                                ;
+-----------------------------------------+-----------------------------------------------------+-----------------+--------+---------+
; Slack                                   ; Required P2P Time                                   ; Actual P2P Time ; From   ; To      ;
+-----------------------------------------+-----------------------------------------------------+-----------------+--------+---------+
; N/A                                     ; None                                                ; 16.359 ns       ; SW[15] ; HEX7[3] ;
; N/A                                     ; None                                                ; 16.110 ns       ; SW[15] ; HEX7[0] ;
; N/A                                     ; None                                                ; 15.937 ns       ; SW[16] ; HEX7[3] ;
; N/A                                     ; None                                                ; 15.842 ns       ; SW[15] ; HEX4[3] ;
; N/A                                     ; None                                                ; 15.759 ns       ; SW[15] ; HEX4[6] ;
; N/A                                     ; None                                                ; 15.729 ns       ; SW[15] ; HEX1[3] ;
; N/A                                     ; None                                                ; 15.654 ns       ; SW[15] ; HEX5[3] ;
; N/A                                     ; None                                                ; 15.622 ns       ; SW[15] ; HEX4[0] ;
; N/A                                     ; None                                                ; 15.535 ns       ; SW[16] ; HEX1[3] ;
; N/A                                     ; None                                                ; 15.511 ns       ; SW[16] ; HEX5[6] ;
; N/A                                     ; None                                                ; 15.504 ns       ; SW[15] ; HEX5[6] ;
; N/A                                     ; None                                                ; 15.500 ns       ; SW[15] ; HEX7[1] ;
; N/A                                     ; None                                                ; 15.470 ns       ; SW[15] ; HEX7[2] ;
; N/A                                     ; None                                                ; 15.460 ns       ; SW[16] ; HEX5[3] ;
; N/A                                     ; None                                                ; 15.455 ns       ; SW[15] ; HEX7[5] ;
; N/A                                     ; None                                                ; 15.427 ns       ; SW[16] ; HEX6[3] ;
; N/A                                     ; None                                                ; 15.318 ns       ; SW[15] ; HEX7[6] ;
; N/A                                     ; None                                                ; 15.278 ns       ; SW[14] ; HEX4[3] ;
; N/A                                     ; None                                                ; 15.243 ns       ; SW[14] ; HEX4[6] ;
; N/A                                     ; None                                                ; 15.218 ns       ; SW[17] ; HEX6[3] ;
; N/A                                     ; None                                                ; 15.164 ns       ; SW[15] ; HEX3[6] ;
; N/A                                     ; None                                                ; 15.145 ns       ; SW[15] ; HEX7[4] ;
; N/A                                     ; None                                                ; 15.130 ns       ; SW[15] ; HEX3[0] ;
; N/A                                     ; None                                                ; 15.109 ns       ; SW[16] ; HEX6[1] ;
; N/A                                     ; None                                                ; 15.109 ns       ; SW[16] ; HEX6[2] ;
; N/A                                     ; None                                                ; 15.081 ns       ; SW[15] ; HEX4[1] ;
; N/A                                     ; None                                                ; 15.081 ns       ; SW[15] ; HEX4[2] ;
; N/A                                     ; None                                                ; 15.078 ns       ; SW[16] ; HEX7[1] ;
; N/A                                     ; None                                                ; 15.071 ns       ; SW[15] ; HEX1[0] ;
; N/A                                     ; None                                                ; 15.068 ns       ; SW[16] ; HEX1[6] ;
; N/A                                     ; None                                                ; 15.061 ns       ; SW[15] ; HEX1[6] ;
; N/A                                     ; None                                                ; 15.048 ns       ; SW[15] ; HEX6[3] ;
; N/A                                     ; None                                                ; 15.048 ns       ; SW[16] ; HEX7[2] ;
; N/A                                     ; None                                                ; 15.045 ns       ; SW[15] ; HEX4[4] ;
; N/A                                     ; None                                                ; 15.045 ns       ; SW[15] ; HEX4[5] ;
; N/A                                     ; None                                                ; 15.024 ns       ; SW[15] ; HEX2[2] ;
; N/A                                     ; None                                                ; 15.014 ns       ; SW[16] ; HEX7[0] ;
; N/A                                     ; None                                                ; 14.984 ns       ; SW[15] ; HEX2[1] ;
; N/A                                     ; None                                                ; 14.957 ns       ; SW[15] ; HEX2[3] ;
; N/A                                     ; None                                                ; 14.954 ns       ; SW[15] ; HEX2[0] ;
; N/A                                     ; None                                                ; 14.953 ns       ; SW[13] ; HEX5[6] ;
; N/A                                     ; None                                                ; 14.939 ns       ; SW[16] ; HEX4[3] ;
; N/A                                     ; None                                                ; 14.934 ns       ; SW[13] ; HEX1[3] ;
; N/A                                     ; None                                                ; 14.904 ns       ; SW[16] ; HEX4[6] ;
; N/A                                     ; None                                                ; 14.900 ns       ; SW[17] ; HEX6[1] ;
; N/A                                     ; None                                                ; 14.900 ns       ; SW[17] ; HEX6[2] ;
; N/A                                     ; None                                                ; 14.896 ns       ; SW[15] ; HEX3[3] ;
; N/A                                     ; None                                                ; 14.896 ns       ; SW[16] ; HEX7[6] ;
; N/A                                     ; None                                                ; 14.877 ns       ; SW[16] ; HEX1[0] ;
; N/A                                     ; None                                                ; 14.863 ns       ; SW[13] ; HEX5[3] ;
; N/A                                     ; None                                                ; 14.833 ns       ; SW[13] ; HEX6[3] ;
; N/A                                     ; None                                                ; 14.828 ns       ; SW[15] ; HEX6[0] ;
; N/A                                     ; None                                                ; 14.804 ns       ; SW[14] ; HEX4[0] ;
; N/A                                     ; None                                                ; 14.787 ns       ; SW[16] ; HEX2[2] ;
; N/A                                     ; None                                                ; 14.784 ns       ; SW[15] ; HEX1[2] ;
; N/A                                     ; None                                                ; 14.757 ns       ; SW[15] ; HEX6[1] ;
; N/A                                     ; None                                                ; 14.757 ns       ; SW[15] ; HEX6[2] ;
; N/A                                     ; None                                                ; 14.751 ns       ; SW[16] ; HEX2[3] ;
; N/A                                     ; None                                                ; 14.747 ns       ; SW[16] ; HEX2[1] ;
; N/A                                     ; None                                                ; 14.742 ns       ; SW[16] ; HEX3[6] ;
; N/A                                     ; None                                                ; 14.735 ns       ; SW[14] ; HEX7[0] ;
; N/A                                     ; None                                                ; 14.717 ns       ; SW[16] ; HEX2[0] ;
; N/A                                     ; None                                                ; 14.715 ns       ; SW[17] ; HEX6[0] ;
; N/A                                     ; None                                                ; 14.703 ns       ; SW[15] ; HEX1[1] ;
; N/A                                     ; None                                                ; 14.701 ns       ; SW[16] ; HEX4[0] ;
; N/A                                     ; None                                                ; 14.656 ns       ; SW[14] ; HEX7[6] ;
; N/A                                     ; None                                                ; 14.655 ns       ; SW[15] ; HEX5[4] ;
; N/A                                     ; None                                                ; 14.655 ns       ; SW[15] ; HEX5[5] ;
; N/A                                     ; None                                                ; 14.648 ns       ; SW[16] ; HEX6[0] ;
; N/A                                     ; None                                                ; 14.633 ns       ; SW[13] ; HEX4[3] ;
; N/A                                     ; None                                                ; 14.602 ns       ; SW[16] ; HEX7[5] ;
; N/A                                     ; None                                                ; 14.598 ns       ; SW[13] ; HEX4[6] ;
; N/A                                     ; None                                                ; 14.592 ns       ; SW[17] ; HEX7[3] ;
; N/A                                     ; None                                                ; 14.590 ns       ; SW[16] ; HEX1[2] ;
; N/A                                     ; None                                                ; 14.547 ns       ; SW[16] ; HEX6[6] ;
; N/A                                     ; None                                                ; 14.545 ns       ; SW[13] ; HEX7[6] ;
; N/A                                     ; None                                                ; 14.529 ns       ; SW[14] ; HEX4[4] ;
; N/A                                     ; None                                                ; 14.529 ns       ; SW[14] ; HEX4[5] ;
; N/A                                     ; None                                                ; 14.515 ns       ; SW[13] ; HEX6[1] ;
; N/A                                     ; None                                                ; 14.515 ns       ; SW[13] ; HEX6[2] ;
; N/A                                     ; None                                                ; 14.510 ns       ; SW[13] ; HEX1[6] ;
; N/A                                     ; None                                                ; 14.510 ns       ; SW[15] ; HEX3[5] ;
; N/A                                     ; None                                                ; 14.509 ns       ; SW[16] ; HEX1[1] ;
; N/A                                     ; None                                                ; 14.509 ns       ; SW[14] ; HEX4[1] ;
; N/A                                     ; None                                                ; 14.509 ns       ; SW[14] ; HEX4[2] ;
; N/A                                     ; None                                                ; 14.509 ns       ; SW[14] ; HEX6[3] ;
; N/A                                     ; None                                                ; 14.477 ns       ; SW[16] ; HEX5[4] ;
; N/A                                     ; None                                                ; 14.477 ns       ; SW[16] ; HEX5[5] ;
; N/A                                     ; None                                                ; 14.474 ns       ; SW[16] ; HEX3[3] ;
; N/A                                     ; None                                                ; 14.463 ns       ; SW[15] ; HEX5[0] ;
; N/A                                     ; None                                                ; 14.453 ns       ; SW[16] ; HEX2[6] ;
; N/A                                     ; None                                                ; 14.445 ns       ; SW[15] ; HEX5[1] ;
; N/A                                     ; None                                                ; 14.445 ns       ; SW[15] ; HEX5[2] ;
; N/A                                     ; None                                                ; 14.374 ns       ; SW[17] ; HEX5[6] ;
; N/A                                     ; None                                                ; 14.361 ns       ; SW[14] ; HEX5[6] ;
; N/A                                     ; None                                                ; 14.354 ns       ; SW[17] ; HEX1[3] ;
; N/A                                     ; None                                                ; 14.345 ns       ; SW[17] ; HEX4[3] ;
; N/A                                     ; None                                                ; 14.338 ns       ; SW[17] ; HEX6[6] ;
; N/A                                     ; None                                                ; 14.310 ns       ; SW[17] ; HEX4[6] ;
; N/A                                     ; None                                                ; 14.306 ns       ; SW[14] ; HEX5[3] ;
; N/A                                     ; None                                                ; 14.292 ns       ; SW[16] ; HEX7[4] ;
; N/A                                     ; None                                                ; 14.287 ns       ; SW[14] ; HEX6[0] ;
; N/A                                     ; None                                                ; 14.284 ns       ; SW[17] ; HEX5[3] ;
; N/A                                     ; None                                                ; 14.269 ns       ; SW[16] ; HEX5[0] ;
; N/A                                     ; None                                                ; 14.251 ns       ; SW[16] ; HEX5[1] ;
; N/A                                     ; None                                                ; 14.251 ns       ; SW[16] ; HEX5[2] ;
; N/A                                     ; None                                                ; 14.191 ns       ; SW[14] ; HEX6[1] ;
; N/A                                     ; None                                                ; 14.191 ns       ; SW[14] ; HEX6[2] ;
; N/A                                     ; None                                                ; 14.190 ns       ; SW[16] ; HEX4[4] ;
; N/A                                     ; None                                                ; 14.190 ns       ; SW[16] ; HEX4[5] ;
; N/A                                     ; None                                                ; 14.189 ns       ; SW[15] ; HEX2[6] ;
; N/A                                     ; None                                                ; 14.176 ns       ; SW[14] ; HEX1[3] ;
; N/A                                     ; None                                                ; 14.170 ns       ; SW[16] ; HEX4[1] ;
; N/A                                     ; None                                                ; 14.170 ns       ; SW[16] ; HEX4[2] ;
; N/A                                     ; None                                                ; 14.080 ns       ; SW[15] ; HEX3[4] ;
; N/A                                     ; None                                                ; 14.060 ns       ; SW[15] ; HEX6[6] ;
; N/A                                     ; None                                                ; 13.999 ns       ; SW[13] ; HEX1[2] ;
; N/A                                     ; None                                                ; 13.965 ns       ; SW[17] ; HEX7[0] ;
; N/A                                     ; None                                                ; 13.953 ns       ; SW[13] ; HEX6[6] ;
; N/A                                     ; None                                                ; 13.930 ns       ; SW[17] ; HEX1[6] ;
; N/A                                     ; None                                                ; 13.922 ns       ; SW[15] ; HEX3[1] ;
; N/A                                     ; None                                                ; 13.922 ns       ; SW[15] ; HEX3[2] ;
; N/A                                     ; None                                                ; 13.918 ns       ; SW[13] ; HEX1[1] ;
; N/A                                     ; None                                                ; 13.907 ns       ; SW[13] ; HEX7[3] ;
; N/A                                     ; None                                                ; 13.892 ns       ; SW[16] ; HEX3[0] ;
; N/A                                     ; None                                                ; 13.888 ns       ; SW[14] ; HEX7[3] ;
; N/A                                     ; None                                                ; 13.865 ns       ; SW[13] ; HEX4[1] ;
; N/A                                     ; None                                                ; 13.865 ns       ; SW[13] ; HEX4[2] ;
; N/A                                     ; None                                                ; 13.837 ns       ; SW[15] ; HEX0[2] ;
; N/A                                     ; None                                                ; 13.828 ns       ; SW[15] ; HEX0[0] ;
; N/A                                     ; None                                                ; 13.828 ns       ; SW[17] ; HEX2[2] ;
; N/A                                     ; None                                                ; 13.828 ns       ; SW[14] ; HEX2[2] ;
; N/A                                     ; None                                                ; 13.827 ns       ; SW[15] ; HEX0[1] ;
; N/A                                     ; None                                                ; 13.818 ns       ; SW[17] ; HEX4[0] ;
; N/A                                     ; None                                                ; 13.805 ns       ; SW[17] ; HEX7[5] ;
; N/A                                     ; None                                                ; 13.791 ns       ; SW[14] ; HEX2[3] ;
; N/A                                     ; None                                                ; 13.788 ns       ; SW[17] ; HEX2[1] ;
; N/A                                     ; None                                                ; 13.788 ns       ; SW[14] ; HEX2[1] ;
; N/A                                     ; None                                                ; 13.784 ns       ; SW[14] ; HEX2[0] ;
; N/A                                     ; None                                                ; 13.783 ns       ; SW[17] ; HEX2[3] ;
; N/A                                     ; None                                                ; 13.758 ns       ; SW[17] ; HEX2[0] ;
; N/A                                     ; None                                                ; 13.734 ns       ; SW[14] ; HEX5[4] ;
; N/A                                     ; None                                                ; 13.734 ns       ; SW[14] ; HEX5[5] ;
; N/A                                     ; None                                                ; 13.733 ns       ; SW[17] ; HEX7[1] ;
; N/A                                     ; None                                                ; 13.730 ns       ; SW[14] ; HEX1[6] ;
; N/A                                     ; None                                                ; 13.703 ns       ; SW[17] ; HEX7[2] ;
; N/A                                     ; None                                                ; 13.675 ns       ; SW[13] ; HEX2[2] ;
; N/A                                     ; None                                                ; 13.658 ns       ; SW[14] ; HEX6[6] ;
; N/A                                     ; None                                                ; 13.657 ns       ; SW[15] ; HEX1[5] ;
; N/A                                     ; None                                                ; 13.657 ns       ; SW[16] ; HEX3[5] ;
; N/A                                     ; None                                                ; 13.656 ns       ; SW[13] ; HEX5[1] ;
; N/A                                     ; None                                                ; 13.656 ns       ; SW[13] ; HEX5[2] ;
; N/A                                     ; None                                                ; 13.639 ns       ; SW[13] ; HEX2[3] ;
; N/A                                     ; None                                                ; 13.635 ns       ; SW[13] ; HEX2[1] ;
; N/A                                     ; None                                                ; 13.626 ns       ; SW[15] ; HEX0[3] ;
; N/A                                     ; None                                                ; 13.577 ns       ; SW[17] ; HEX4[1] ;
; N/A                                     ; None                                                ; 13.577 ns       ; SW[17] ; HEX4[2] ;
; N/A                                     ; None                                                ; 13.551 ns       ; SW[15] ; HEX2[4] ;
; N/A                                     ; None                                                ; 13.551 ns       ; SW[15] ; HEX2[5] ;
; N/A                                     ; None                                                ; 13.544 ns       ; SW[17] ; HEX7[6] ;
; N/A                                     ; None                                                ; 13.528 ns       ; SW[14] ; HEX1[0] ;
; N/A                                     ; None                                                ; 13.522 ns       ; SW[14] ; HEX2[6] ;
; N/A                                     ; None                                                ; 13.500 ns       ; SW[16] ; HEX3[1] ;
; N/A                                     ; None                                                ; 13.500 ns       ; SW[16] ; HEX3[2] ;
; N/A                                     ; None                                                ; 13.495 ns       ; SW[17] ; HEX7[4] ;
; N/A                                     ; None                                                ; 13.485 ns       ; SW[17] ; HEX2[6] ;
; N/A                                     ; None                                                ; 13.479 ns       ; SW[16] ; HEX1[5] ;
; N/A                                     ; None                                                ; 13.419 ns       ; SW[17] ; HEX1[2] ;
; N/A                                     ; None                                                ; 13.394 ns       ; SW[17] ; HEX3[6] ;
; N/A                                     ; None                                                ; 13.343 ns       ; SW[16] ; HEX2[4] ;
; N/A                                     ; None                                                ; 13.343 ns       ; SW[16] ; HEX2[5] ;
; N/A                                     ; None                                                ; 13.341 ns       ; SW[13] ; HEX2[6] ;
; N/A                                     ; None                                                ; 13.338 ns       ; SW[17] ; HEX1[1] ;
; N/A                                     ; None                                                ; 13.297 ns       ; SW[17] ; HEX1[0] ;
; N/A                                     ; None                                                ; 13.293 ns       ; SW[17] ; HEX4[4] ;
; N/A                                     ; None                                                ; 13.293 ns       ; SW[17] ; HEX4[5] ;
; N/A                                     ; None                                                ; 13.289 ns       ; SW[14] ; HEX7[5] ;
; N/A                                     ; None                                                ; 13.262 ns       ; SW[15] ; HEX0[6] ;
; N/A                                     ; None                                                ; 13.253 ns       ; SW[17] ; HEX3[0] ;
; N/A                                     ; None                                                ; 13.227 ns       ; SW[16] ; HEX3[4] ;
; N/A                                     ; None                                                ; 13.218 ns       ; SW[14] ; HEX1[2] ;
; N/A                                     ; None                                                ; 13.193 ns       ; SW[15] ; HEX1[4] ;
; N/A                                     ; None                                                ; 13.147 ns       ; SW[17] ; HEX5[4] ;
; N/A                                     ; None                                                ; 13.147 ns       ; SW[17] ; HEX5[5] ;
; N/A                                     ; None                                                ; 13.137 ns       ; SW[14] ; HEX1[1] ;
; N/A                                     ; None                                                ; 13.127 ns       ; SW[15] ; HEX6[4] ;
; N/A                                     ; None                                                ; 13.126 ns       ; SW[17] ; HEX3[3] ;
; N/A                                     ; None                                                ; 13.113 ns       ; SW[14] ; HEX5[0] ;
; N/A                                     ; None                                                ; 13.107 ns       ; SW[15] ; HEX6[5] ;
; N/A                                     ; None                                                ; 13.106 ns       ; SW[17] ; HEX6[4] ;
; N/A                                     ; None                                                ; 13.086 ns       ; SW[16] ; HEX6[4] ;
; N/A                                     ; None                                                ; 13.086 ns       ; SW[17] ; HEX6[5] ;
; N/A                                     ; None                                                ; 13.077 ns       ; SW[17] ; HEX5[1] ;
; N/A                                     ; None                                                ; 13.077 ns       ; SW[17] ; HEX5[2] ;
; N/A                                     ; None                                                ; 13.074 ns       ; SW[14] ; HEX5[1] ;
; N/A                                     ; None                                                ; 13.074 ns       ; SW[14] ; HEX5[2] ;
; N/A                                     ; None                                                ; 13.066 ns       ; SW[16] ; HEX6[5] ;
; N/A                                     ; None                                                ; 13.048 ns       ; SW[13] ; HEX7[1] ;
; N/A                                     ; None                                                ; 13.023 ns       ; SW[14] ; HEX7[1] ;
; N/A                                     ; None                                                ; 13.018 ns       ; SW[13] ; HEX7[2] ;
; Timing analysis restricted to 200 rows. ; To change the limit use Settings (Assignments menu) ;                 ;        ;         ;
+-----------------------------------------+-----------------------------------------------------+-----------------+--------+---------+


+--------------------------+
; Timing Analyzer Messages ;
+--------------------------+
Info: *******************************************************************
Info: Running Quartus II Classic Timing Analyzer
    Info: Version 9.0 Build 235 06/17/2009 Service Pack 2 SJ Web Edition
    Info: Processing started: Sat Dec 08 19:52:54 2018
Info: Command: quartus_tan --read_settings_files=off --write_settings_files=off part6 -c part6 --timing_analysis_only
Info: Parallel compilation is enabled and will use 2 of the 2 processors detected
Info: Longest tpd from source pin "SW[15]" to destination pin "HEX7[3]" is 16.359 ns
    Info: 1: + IC(0.000 ns) + CELL(0.832 ns) = 0.832 ns; Loc. = PIN_U4; Fanout = 23; PIN Node = 'SW[15]'
    Info: 2: + IC(6.074 ns) + CELL(0.438 ns) = 7.344 ns; Loc. = LCCOMB_X29_Y4_N2; Fanout = 1; COMB Node = 'mux_3bit_8to1:M7|m_1[6]~13'
    Info: 3: + IC(0.259 ns) + CELL(0.416 ns) = 8.019 ns; Loc. = LCCOMB_X29_Y4_N4; Fanout = 3; COMB Node = 'mux_3bit_8to1:M7|m_1[6]~14'
    Info: 4: + IC(0.762 ns) + CELL(0.271 ns) = 9.052 ns; Loc. = LCCOMB_X29_Y8_N30; Fanout = 2; COMB Node = 'mux_3bit_8to1:M7|M[1]~10'
    Info: 5: + IC(0.264 ns) + CELL(0.419 ns) = 9.735 ns; Loc. = LCCOMB_X29_Y8_N12; Fanout = 1; COMB Node = 'char_7seg:H7|Display[3]'
    Info: 6: + IC(4.002 ns) + CELL(2.622 ns) = 16.359 ns; Loc. = PIN_L6; Fanout = 0; PIN Node = 'HEX7[3]'
    Info: Total cell delay = 4.998 ns ( 30.55 % )
    Info: Total interconnect delay = 11.361 ns ( 69.45 % )
Info: Quartus II Classic Timing Analyzer was successful. 0 errors, 0 warnings
    Info: Peak virtual memory: 254 megabytes
    Info: Processing ended: Sat Dec 08 19:52:55 2018
    Info: Elapsed time: 00:00:01
    Info: Total CPU time (on all processors): 00:00:00


