Classic Timing Analyzer report for part2
Sat Dec 08 19:38:08 2018
Quartus II Version 9.0 Build 235 06/17/2009 Service Pack 2 SJ Web Edition


---------------------
; Table of Contents ;
---------------------
  1. Legal Notice
  2. Timing Analyzer Summary
  3. Timing Analyzer Settings
  4. Parallel Compilation
  5. tpd
  6. Timing Analyzer Messages



----------------
; Legal Notice ;
----------------
Copyright (C) 1991-2009 Altera Corporation
Your use of Altera Corporation's design tools, logic functions 
and other software and tools, and its AMPP partner logic 
functions, and any output files from any of the foregoing 
(including device programming or simulation files), and any 
associated documentation or information are expressly subject 
to the terms and conditions of the Altera Program License 
Subscription Agreement, Altera MegaCore Function License 
Agreement, or other applicable license agreement, including, 
without limitation, that your use is for the sole purpose of 
programming logic devices manufactured by Altera and sold by 
Altera or its authorized distributors.  Please refer to the 
applicable agreement for further details.



+------------------------------------------------------------------------------------------------------------------------------+
; Timing Analyzer Summary                                                                                                      ;
+------------------------------+-------+---------------+-------------+--------+---------+------------+----------+--------------+
; Type                         ; Slack ; Required Time ; Actual Time ; From   ; To      ; From Clock ; To Clock ; Failed Paths ;
+------------------------------+-------+---------------+-------------+--------+---------+------------+----------+--------------+
; Worst-case tpd               ; N/A   ; None          ; 11.372 ns   ; SW[17] ; LEDG[1] ; --         ; --       ; 0            ;
; Total number of failed paths ;       ;               ;             ;        ;         ;            ;          ; 0            ;
+------------------------------+-------+---------------+-------------+--------+---------+------------+----------+--------------+


+--------------------------------------------------------------------------------------------------------------------+
; Timing Analyzer Settings                                                                                           ;
+---------------------------------------------------------------------+--------------------+------+----+-------------+
; Option                                                              ; Setting            ; From ; To ; Entity Name ;
+---------------------------------------------------------------------+--------------------+------+----+-------------+
; Device Name                                                         ; EP2C35F672C6       ;      ;    ;             ;
; Timing Models                                                       ; Final              ;      ;    ;             ;
; Default hold multicycle                                             ; Same as Multicycle ;      ;    ;             ;
; Cut paths between unrelated clock domains                           ; On                 ;      ;    ;             ;
; Cut off read during write signal paths                              ; On                 ;      ;    ;             ;
; Cut off feedback from I/O pins                                      ; On                 ;      ;    ;             ;
; Report Combined Fast/Slow Timing                                    ; Off                ;      ;    ;             ;
; Ignore Clock Settings                                               ; Off                ;      ;    ;             ;
; Analyze latches as synchronous elements                             ; On                 ;      ;    ;             ;
; Enable Recovery/Removal analysis                                    ; Off                ;      ;    ;             ;
; Enable Clock Latency                                                ; Off                ;      ;    ;             ;
; Use TimeQuest Timing Analyzer                                       ; Off                ;      ;    ;             ;
; Minimum Core Junction Temperature                                   ; 0                  ;      ;    ;             ;
; Maximum Core Junction Temperature                                   ; 85                 ;      ;    ;             ;
; Number of source nodes to report per destination node               ; 10                 ;      ;    ;             ;
; Number of destination nodes to report                               ; 10                 ;      ;    ;             ;
; Number of paths to report                                           ; 200                ;      ;    ;             ;
; Report Minimum Timing Checks                                        ; Off                ;      ;    ;             ;
; Use Fast Timing Models                                              ; Off                ;      ;    ;             ;
; Report IO Paths Separately                                          ; Off                ;      ;    ;             ;
; Perform Multicorner Analysis                                        ; On                 ;      ;    ;             ;
; Reports the worst-case path for each clock domain and analysis      ; Off                ;      ;    ;             ;
; Removes common clock path pessimism (CCPP) during slack computation ; Off                ;      ;    ;             ;
; Output I/O Timing Endpoint                                          ; Near End           ;      ;    ;             ;
+---------------------------------------------------------------------+--------------------+------+----+-------------+


+------------------------------------------+
; Parallel Compilation                     ;
+----------------------------+-------------+
; Processors                 ; Number      ;
+----------------------------+-------------+
; Number detected on machine ; 2           ;
; Maximum allowed            ; 2           ;
;                            ;             ;
; Average used               ; 1.00        ;
; Maximum used               ; 1           ;
;                            ;             ;
; Usage by Processor         ; % Time Used ;
;     1 processor            ; 100.0%      ;
;     2 processors           ;   0.0%      ;
+----------------------------+-------------+


+-----------------------------------------------------------------+
; tpd                                                             ;
+-------+-------------------+-----------------+--------+----------+
; Slack ; Required P2P Time ; Actual P2P Time ; From   ; To       ;
+-------+-------------------+-----------------+--------+----------+
; N/A   ; None              ; 11.372 ns       ; SW[17] ; LEDG[1]  ;
; N/A   ; None              ; 11.369 ns       ; SW[17] ; LEDG[0]  ;
; N/A   ; None              ; 11.350 ns       ; SW[17] ; LEDG[2]  ;
; N/A   ; None              ; 11.340 ns       ; SW[17] ; LEDG[3]  ;
; N/A   ; None              ; 11.264 ns       ; SW[14] ; LEDG[6]  ;
; N/A   ; None              ; 11.248 ns       ; SW[13] ; LEDG[5]  ;
; N/A   ; None              ; 11.145 ns       ; SW[17] ; LEDG[6]  ;
; N/A   ; None              ; 11.105 ns       ; SW[17] ; LEDG[7]  ;
; N/A   ; None              ; 11.091 ns       ; SW[15] ; LEDG[7]  ;
; N/A   ; None              ; 11.024 ns       ; SW[17] ; LEDG[4]  ;
; N/A   ; None              ; 11.013 ns       ; SW[17] ; LEDG[5]  ;
; N/A   ; None              ; 10.703 ns       ; SW[14] ; LEDR[14] ;
; N/A   ; None              ; 9.892 ns        ; SW[13] ; LEDR[13] ;
; N/A   ; None              ; 9.855 ns        ; SW[15] ; LEDR[15] ;
; N/A   ; None              ; 9.811 ns        ; SW[17] ; LEDR[17] ;
; N/A   ; None              ; 9.615 ns        ; SW[16] ; LEDR[16] ;
; N/A   ; None              ; 7.591 ns        ; SW[9]  ; LEDG[1]  ;
; N/A   ; None              ; 7.380 ns        ; SW[8]  ; LEDG[0]  ;
; N/A   ; None              ; 7.292 ns        ; SW[12] ; LEDG[4]  ;
; N/A   ; None              ; 7.261 ns        ; SW[11] ; LEDG[3]  ;
; N/A   ; None              ; 7.258 ns        ; SW[10] ; LEDG[2]  ;
; N/A   ; None              ; 6.922 ns        ; SW[7]  ; LEDG[7]  ;
; N/A   ; None              ; 6.910 ns        ; SW[9]  ; LEDR[9]  ;
; N/A   ; None              ; 6.630 ns        ; SW[1]  ; LEDG[1]  ;
; N/A   ; None              ; 6.609 ns        ; SW[10] ; LEDR[10] ;
; N/A   ; None              ; 6.503 ns        ; SW[0]  ; LEDG[0]  ;
; N/A   ; None              ; 6.446 ns        ; SW[8]  ; LEDR[8]  ;
; N/A   ; None              ; 6.422 ns        ; SW[7]  ; LEDR[7]  ;
; N/A   ; None              ; 6.414 ns        ; SW[2]  ; LEDG[2]  ;
; N/A   ; None              ; 6.334 ns        ; SW[3]  ; LEDG[3]  ;
; N/A   ; None              ; 6.035 ns        ; SW[6]  ; LEDG[6]  ;
; N/A   ; None              ; 5.916 ns        ; SW[5]  ; LEDG[5]  ;
; N/A   ; None              ; 5.878 ns        ; SW[0]  ; LEDR[0]  ;
; N/A   ; None              ; 5.876 ns        ; SW[4]  ; LEDG[4]  ;
; N/A   ; None              ; 5.702 ns        ; SW[12] ; LEDR[12] ;
; N/A   ; None              ; 5.659 ns        ; SW[11] ; LEDR[11] ;
; N/A   ; None              ; 5.630 ns        ; SW[2]  ; LEDR[2]  ;
; N/A   ; None              ; 5.546 ns        ; SW[5]  ; LEDR[5]  ;
; N/A   ; None              ; 5.462 ns        ; SW[6]  ; LEDR[6]  ;
; N/A   ; None              ; 5.414 ns        ; SW[3]  ; LEDR[3]  ;
; N/A   ; None              ; 5.282 ns        ; SW[4]  ; LEDR[4]  ;
; N/A   ; None              ; 5.173 ns        ; SW[1]  ; LEDR[1]  ;
+-------+-------------------+-----------------+--------+----------+


+--------------------------+
; Timing Analyzer Messages ;
+--------------------------+
Info: *******************************************************************
Info: Running Quartus II Classic Timing Analyzer
    Info: Version 9.0 Build 235 06/17/2009 Service Pack 2 SJ Web Edition
    Info: Processing started: Sat Dec 08 19:38:08 2018
Info: Command: quartus_tan --read_settings_files=off --write_settings_files=off part2 -c part2 --timing_analysis_only
Info: Parallel compilation is enabled and will use 2 of the 2 processors detected
Info: Longest tpd from source pin "SW[17]" to destination pin "LEDG[1]" is 11.372 ns
    Info: 1: + IC(0.000 ns) + CELL(0.852 ns) = 0.852 ns; Loc. = PIN_V2; Fanout = 9; PIN Node = 'SW[17]'
    Info: 2: + IC(6.503 ns) + CELL(0.420 ns) = 7.775 ns; Loc. = LCCOMB_X57_Y1_N18; Fanout = 1; COMB Node = 'M~25'
    Info: 3: + IC(0.789 ns) + CELL(2.808 ns) = 11.372 ns; Loc. = PIN_AF22; Fanout = 0; PIN Node = 'LEDG[1]'
    Info: Total cell delay = 4.080 ns ( 35.88 % )
    Info: Total interconnect delay = 7.292 ns ( 64.12 % )
Info: Quartus II Classic Timing Analyzer was successful. 0 errors, 0 warnings
    Info: Peak virtual memory: 253 megabytes
    Info: Processing ended: Sat Dec 08 19:38:08 2018
    Info: Elapsed time: 00:00:00
    Info: Total CPU time (on all processors): 00:00:00


