Classic Timing Analyzer report for part4
Sat Dec 08 19:46:28 2018
Quartus II Version 9.0 Build 235 06/17/2009 Service Pack 2 SJ Web Edition


---------------------
; Table of Contents ;
---------------------
  1. Legal Notice
  2. Timing Analyzer Summary
  3. Timing Analyzer Settings
  4. Parallel Compilation
  5. tpd
  6. Timing Analyzer Messages



----------------
; Legal Notice ;
----------------
Copyright (C) 1991-2009 Altera Corporation
Your use of Altera Corporation's design tools, logic functions 
and other software and tools, and its AMPP partner logic 
functions, and any output files from any of the foregoing 
(including device programming or simulation files), and any 
associated documentation or information are expressly subject 
to the terms and conditions of the Altera Program License 
Subscription Agreement, Altera MegaCore Function License 
Agreement, or other applicable license agreement, including, 
without limitation, that your use is for the sole purpose of 
programming logic devices manufactured by Altera and sold by 
Altera or its authorized distributors.  Please refer to the 
applicable agreement for further details.



+-----------------------------------------------------------------------------------------------------------------------------+
; Timing Analyzer Summary                                                                                                     ;
+------------------------------+-------+---------------+-------------+-------+---------+------------+----------+--------------+
; Type                         ; Slack ; Required Time ; Actual Time ; From  ; To      ; From Clock ; To Clock ; Failed Paths ;
+------------------------------+-------+---------------+-------------+-------+---------+------------+----------+--------------+
; Worst-case tpd               ; N/A   ; None          ; 7.429 ns    ; SW[1] ; HEX0[2] ; --         ; --       ; 0            ;
; Total number of failed paths ;       ;               ;             ;       ;         ;            ;          ; 0            ;
+------------------------------+-------+---------------+-------------+-------+---------+------------+----------+--------------+


+--------------------------------------------------------------------------------------------------------------------+
; Timing Analyzer Settings                                                                                           ;
+---------------------------------------------------------------------+--------------------+------+----+-------------+
; Option                                                              ; Setting            ; From ; To ; Entity Name ;
+---------------------------------------------------------------------+--------------------+------+----+-------------+
; Device Name                                                         ; EP2C35F672C6       ;      ;    ;             ;
; Timing Models                                                       ; Final              ;      ;    ;             ;
; Default hold multicycle                                             ; Same as Multicycle ;      ;    ;             ;
; Cut paths between unrelated clock domains                           ; On                 ;      ;    ;             ;
; Cut off read during write signal paths                              ; On                 ;      ;    ;             ;
; Cut off feedback from I/O pins                                      ; On                 ;      ;    ;             ;
; Report Combined Fast/Slow Timing                                    ; Off                ;      ;    ;             ;
; Ignore Clock Settings                                               ; Off                ;      ;    ;             ;
; Analyze latches as synchronous elements                             ; On                 ;      ;    ;             ;
; Enable Recovery/Removal analysis                                    ; Off                ;      ;    ;             ;
; Enable Clock Latency                                                ; Off                ;      ;    ;             ;
; Use TimeQuest Timing Analyzer                                       ; Off                ;      ;    ;             ;
; Minimum Core Junction Temperature                                   ; 0                  ;      ;    ;             ;
; Maximum Core Junction Temperature                                   ; 85                 ;      ;    ;             ;
; Number of source nodes to report per destination node               ; 10                 ;      ;    ;             ;
; Number of destination nodes to report                               ; 10                 ;      ;    ;             ;
; Number of paths to report                                           ; 200                ;      ;    ;             ;
; Report Minimum Timing Checks                                        ; Off                ;      ;    ;             ;
; Use Fast Timing Models                                              ; Off                ;      ;    ;             ;
; Report IO Paths Separately                                          ; Off                ;      ;    ;             ;
; Perform Multicorner Analysis                                        ; On                 ;      ;    ;             ;
; Reports the worst-case path for each clock domain and analysis      ; Off                ;      ;    ;             ;
; Removes common clock path pessimism (CCPP) during slack computation ; Off                ;      ;    ;             ;
; Output I/O Timing Endpoint                                          ; Near End           ;      ;    ;             ;
+---------------------------------------------------------------------+--------------------+------+----+-------------+


+------------------------------------------+
; Parallel Compilation                     ;
+----------------------------+-------------+
; Processors                 ; Number      ;
+----------------------------+-------------+
; Number detected on machine ; 2           ;
; Maximum allowed            ; 2           ;
;                            ;             ;
; Average used               ; 1.00        ;
; Maximum used               ; 1           ;
;                            ;             ;
; Usage by Processor         ; % Time Used ;
;     1 processor            ; 100.0%      ;
;     2 processors           ;   0.0%      ;
+----------------------------+-------------+


+---------------------------------------------------------------+
; tpd                                                           ;
+-------+-------------------+-----------------+-------+---------+
; Slack ; Required P2P Time ; Actual P2P Time ; From  ; To      ;
+-------+-------------------+-----------------+-------+---------+
; N/A   ; None              ; 7.429 ns        ; SW[1] ; HEX0[2] ;
; N/A   ; None              ; 7.419 ns        ; SW[1] ; HEX0[1] ;
; N/A   ; None              ; 7.191 ns        ; SW[1] ; HEX0[6] ;
; N/A   ; None              ; 7.180 ns        ; SW[1] ; HEX0[3] ;
; N/A   ; None              ; 7.158 ns        ; SW[0] ; HEX0[0] ;
; N/A   ; None              ; 7.131 ns        ; SW[0] ; HEX0[2] ;
; N/A   ; None              ; 7.121 ns        ; SW[0] ; HEX0[1] ;
; N/A   ; None              ; 6.908 ns        ; SW[0] ; HEX0[3] ;
; N/A   ; None              ; 6.863 ns        ; SW[2] ; HEX0[0] ;
; N/A   ; None              ; 6.835 ns        ; SW[2] ; HEX0[2] ;
; N/A   ; None              ; 6.825 ns        ; SW[2] ; HEX0[1] ;
; N/A   ; None              ; 6.613 ns        ; SW[2] ; HEX0[3] ;
; N/A   ; None              ; 6.597 ns        ; SW[2] ; HEX0[6] ;
; N/A   ; None              ; 6.503 ns        ; SW[0] ; LEDR[0] ;
; N/A   ; None              ; 5.976 ns        ; SW[1] ; LEDR[1] ;
; N/A   ; None              ; 5.771 ns        ; SW[2] ; HEX0[4] ;
; N/A   ; None              ; 5.761 ns        ; SW[2] ; HEX0[5] ;
; N/A   ; None              ; 5.447 ns        ; SW[2] ; LEDR[2] ;
+-------+-------------------+-----------------+-------+---------+


+--------------------------+
; Timing Analyzer Messages ;
+--------------------------+
Info: *******************************************************************
Info: Running Quartus II Classic Timing Analyzer
    Info: Version 9.0 Build 235 06/17/2009 Service Pack 2 SJ Web Edition
    Info: Processing started: Sat Dec 08 19:46:28 2018
Info: Command: quartus_tan --read_settings_files=off --write_settings_files=off part4 -c part4 --timing_analysis_only
Info: Parallel compilation is enabled and will use 2 of the 2 processors detected
Info: Longest tpd from source pin "SW[1]" to destination pin "HEX0[2]" is 7.429 ns
    Info: 1: + IC(0.000 ns) + CELL(0.999 ns) = 0.999 ns; Loc. = PIN_N26; Fanout = 4; PIN Node = 'SW[1]'
    Info: 2: + IC(2.417 ns) + CELL(0.420 ns) = 3.836 ns; Loc. = LCCOMB_X28_Y1_N20; Fanout = 2; COMB Node = 'HEX0~9'
    Info: 3: + IC(0.815 ns) + CELL(2.778 ns) = 7.429 ns; Loc. = PIN_AC12; Fanout = 0; PIN Node = 'HEX0[2]'
    Info: Total cell delay = 4.197 ns ( 56.49 % )
    Info: Total interconnect delay = 3.232 ns ( 43.51 % )
Info: Quartus II Classic Timing Analyzer was successful. 0 errors, 0 warnings
    Info: Peak virtual memory: 253 megabytes
    Info: Processing ended: Sat Dec 08 19:46:28 2018
    Info: Elapsed time: 00:00:00
    Info: Total CPU time (on all processors): 00:00:00


