Classic Timing Analyzer report for part5
Mon Dec 10 23:58:51 2018
Quartus II Version 9.0 Build 235 06/17/2009 Service Pack 2 SJ Web Edition


---------------------
; Table of Contents ;
---------------------
  1. Legal Notice
  2. Timing Analyzer Summary
  3. Timing Analyzer Settings
  4. Clock Settings Summary
  5. Parallel Compilation
  6. Clock Setup: 'CLOCK_50'
  7. tco
  8. Timing Analyzer Messages



----------------
; Legal Notice ;
----------------
Copyright (C) 1991-2009 Altera Corporation
Your use of Altera Corporation's design tools, logic functions 
and other software and tools, and its AMPP partner logic 
functions, and any output files from any of the foregoing 
(including device programming or simulation files), and any 
associated documentation or information are expressly subject 
to the terms and conditions of the Altera Program License 
Subscription Agreement, Altera MegaCore Function License 
Agreement, or other applicable license agreement, including, 
without limitation, that your use is for the sole purpose of 
programming logic devices manufactured by Altera and sold by 
Altera or its authorized distributors.  Please refer to the 
applicable agreement for further details.



+-------------------------------------------------------------------------------------------------------------------------------------------------------------+
; Timing Analyzer Summary                                                                                                                                     ;
+------------------------------+-------+---------------+----------------------------------+-------------+--------------+------------+----------+--------------+
; Type                         ; Slack ; Required Time ; Actual Time                      ; From        ; To           ; From Clock ; To Clock ; Failed Paths ;
+------------------------------+-------+---------------+----------------------------------+-------------+--------------+------------+----------+--------------+
; Worst-case tco               ; N/A   ; None          ; 16.087 ns                        ; count[2]    ; HEX3[0]      ; CLOCK_50   ; --       ; 0            ;
; Clock Setup: 'CLOCK_50'      ; N/A   ; None          ; 252.33 MHz ( period = 3.963 ns ) ; countsec[0] ; countsec[21] ; CLOCK_50   ; CLOCK_50 ; 0            ;
; Total number of failed paths ;       ;               ;                                  ;             ;              ;            ;          ; 0            ;
+------------------------------+-------+---------------+----------------------------------+-------------+--------------+------------+----------+--------------+


+--------------------------------------------------------------------------------------------------------------------+
; Timing Analyzer Settings                                                                                           ;
+---------------------------------------------------------------------+--------------------+------+----+-------------+
; Option                                                              ; Setting            ; From ; To ; Entity Name ;
+---------------------------------------------------------------------+--------------------+------+----+-------------+
; Device Name                                                         ; EP2C35F672C6       ;      ;    ;             ;
; Timing Models                                                       ; Final              ;      ;    ;             ;
; Default hold multicycle                                             ; Same as Multicycle ;      ;    ;             ;
; Cut paths between unrelated clock domains                           ; On                 ;      ;    ;             ;
; Cut off read during write signal paths                              ; On                 ;      ;    ;             ;
; Cut off feedback from I/O pins                                      ; On                 ;      ;    ;             ;
; Report Combined Fast/Slow Timing                                    ; Off                ;      ;    ;             ;
; Ignore Clock Settings                                               ; Off                ;      ;    ;             ;
; Analyze latches as synchronous elements                             ; On                 ;      ;    ;             ;
; Enable Recovery/Removal analysis                                    ; Off                ;      ;    ;             ;
; Enable Clock Latency                                                ; Off                ;      ;    ;             ;
; Use TimeQuest Timing Analyzer                                       ; Off                ;      ;    ;             ;
; Minimum Core Junction Temperature                                   ; 0                  ;      ;    ;             ;
; Maximum Core Junction Temperature                                   ; 85                 ;      ;    ;             ;
; Number of source nodes to report per destination node               ; 10                 ;      ;    ;             ;
; Number of destination nodes to report                               ; 10                 ;      ;    ;             ;
; Number of paths to report                                           ; 200                ;      ;    ;             ;
; Report Minimum Timing Checks                                        ; Off                ;      ;    ;             ;
; Use Fast Timing Models                                              ; Off                ;      ;    ;             ;
; Report IO Paths Separately                                          ; Off                ;      ;    ;             ;
; Perform Multicorner Analysis                                        ; On                 ;      ;    ;             ;
; Reports the worst-case path for each clock domain and analysis      ; Off                ;      ;    ;             ;
; Removes common clock path pessimism (CCPP) during slack computation ; Off                ;      ;    ;             ;
; Output I/O Timing Endpoint                                          ; Near End           ;      ;    ;             ;
+---------------------------------------------------------------------+--------------------+------+----+-------------+


+------------------------------------------------------------------------------------------------------------------------------------------------------------------------------------+
; Clock Settings Summary                                                                                                                                                             ;
+-----------------+--------------------+----------+------------------+---------------+--------------+----------+-----------------------+---------------------+--------+--------------+
; Clock Node Name ; Clock Setting Name ; Type     ; Fmax Requirement ; Early Latency ; Late Latency ; Based on ; Multiply Base Fmax by ; Divide Base Fmax by ; Offset ; Phase offset ;
+-----------------+--------------------+----------+------------------+---------------+--------------+----------+-----------------------+---------------------+--------+--------------+
; CLOCK_50        ;                    ; User Pin ; None             ; 0.000 ns      ; 0.000 ns     ; --       ; N/A                   ; N/A                 ; N/A    ;              ;
+-----------------+--------------------+----------+------------------+---------------+--------------+----------+-----------------------+---------------------+--------+--------------+


+------------------------------------------+
; Parallel Compilation                     ;
+----------------------------+-------------+
; Processors                 ; Number      ;
+----------------------------+-------------+
; Number detected on machine ; 2           ;
; Maximum allowed            ; 2           ;
;                            ;             ;
; Average used               ; 1.00        ;
; Maximum used               ; 1           ;
;                            ;             ;
; Usage by Processor         ; % Time Used ;
;     1 processor            ; 100.0%      ;
;     2 processors           ;   0.0%      ;
+----------------------------+-------------+


+-----------------------------------------------------------------------------------------------------------------------------------------------------------------------------------------------------------------------------------------+
; Clock Setup: 'CLOCK_50'                                                                                                                                                                                                                 ;
+-----------------------------------------+-----------------------------------------------------+--------------+--------------+------------+----------+-----------------------------+---------------------------+-------------------------+
; Slack                                   ; Actual fmax (period)                                ; From         ; To           ; From Clock ; To Clock ; Required Setup Relationship ; Required Longest P2P Time ; Actual Longest P2P Time ;
+-----------------------------------------+-----------------------------------------------------+--------------+--------------+------------+----------+-----------------------------+---------------------------+-------------------------+
; N/A                                     ; 252.33 MHz ( period = 3.963 ns )                    ; countsec[0]  ; countsec[21] ; CLOCK_50   ; CLOCK_50 ; None                        ; None                      ; 3.740 ns                ;
; N/A                                     ; 253.29 MHz ( period = 3.948 ns )                    ; countsec[0]  ; countsec[25] ; CLOCK_50   ; CLOCK_50 ; None                        ; None                      ; 3.726 ns                ;
; N/A                                     ; 259.54 MHz ( period = 3.853 ns )                    ; countsec[1]  ; countsec[21] ; CLOCK_50   ; CLOCK_50 ; None                        ; None                      ; 3.630 ns                ;
; N/A                                     ; 260.55 MHz ( period = 3.838 ns )                    ; countsec[1]  ; countsec[25] ; CLOCK_50   ; CLOCK_50 ; None                        ; None                      ; 3.616 ns                ;
; N/A                                     ; 261.64 MHz ( period = 3.822 ns )                    ; countsec[2]  ; countsec[21] ; CLOCK_50   ; CLOCK_50 ; None                        ; None                      ; 3.599 ns                ;
; N/A                                     ; 262.67 MHz ( period = 3.807 ns )                    ; countsec[2]  ; countsec[25] ; CLOCK_50   ; CLOCK_50 ; None                        ; None                      ; 3.585 ns                ;
; N/A                                     ; 262.74 MHz ( period = 3.806 ns )                    ; countsec[0]  ; countsec[23] ; CLOCK_50   ; CLOCK_50 ; None                        ; None                      ; 3.584 ns                ;
; N/A                                     ; 263.78 MHz ( period = 3.791 ns )                    ; countsec[7]  ; countsec[21] ; CLOCK_50   ; CLOCK_50 ; None                        ; None                      ; 3.577 ns                ;
; N/A                                     ; 264.41 MHz ( period = 3.782 ns )                    ; countsec[16] ; count[2]     ; CLOCK_50   ; CLOCK_50 ; None                        ; None                      ; 3.567 ns                ;
; N/A                                     ; 264.41 MHz ( period = 3.782 ns )                    ; countsec[16] ; count[0]     ; CLOCK_50   ; CLOCK_50 ; None                        ; None                      ; 3.567 ns                ;
; N/A                                     ; 264.41 MHz ( period = 3.782 ns )                    ; countsec[16] ; count[1]     ; CLOCK_50   ; CLOCK_50 ; None                        ; None                      ; 3.567 ns                ;
; N/A                                     ; 264.62 MHz ( period = 3.779 ns )                    ; countsec[22] ; count[2]     ; CLOCK_50   ; CLOCK_50 ; None                        ; None                      ; 3.564 ns                ;
; N/A                                     ; 264.62 MHz ( period = 3.779 ns )                    ; countsec[22] ; count[0]     ; CLOCK_50   ; CLOCK_50 ; None                        ; None                      ; 3.564 ns                ;
; N/A                                     ; 264.62 MHz ( period = 3.779 ns )                    ; countsec[22] ; count[1]     ; CLOCK_50   ; CLOCK_50 ; None                        ; None                      ; 3.564 ns                ;
; N/A                                     ; 264.83 MHz ( period = 3.776 ns )                    ; countsec[7]  ; countsec[25] ; CLOCK_50   ; CLOCK_50 ; None                        ; None                      ; 3.563 ns                ;
; N/A                                     ; 266.88 MHz ( period = 3.747 ns )                    ; countsec[3]  ; countsec[21] ; CLOCK_50   ; CLOCK_50 ; None                        ; None                      ; 3.524 ns                ;
; N/A                                     ; 267.74 MHz ( period = 3.735 ns )                    ; countsec[20] ; count[2]     ; CLOCK_50   ; CLOCK_50 ; None                        ; None                      ; 3.521 ns                ;
; N/A                                     ; 267.74 MHz ( period = 3.735 ns )                    ; countsec[20] ; count[0]     ; CLOCK_50   ; CLOCK_50 ; None                        ; None                      ; 3.521 ns                ;
; N/A                                     ; 267.74 MHz ( period = 3.735 ns )                    ; countsec[20] ; count[1]     ; CLOCK_50   ; CLOCK_50 ; None                        ; None                      ; 3.521 ns                ;
; N/A                                     ; 267.95 MHz ( period = 3.732 ns )                    ; countsec[3]  ; countsec[25] ; CLOCK_50   ; CLOCK_50 ; None                        ; None                      ; 3.510 ns                ;
; N/A                                     ; 269.40 MHz ( period = 3.712 ns )                    ; countsec[21] ; count[2]     ; CLOCK_50   ; CLOCK_50 ; None                        ; None                      ; 3.498 ns                ;
; N/A                                     ; 269.40 MHz ( period = 3.712 ns )                    ; countsec[21] ; count[0]     ; CLOCK_50   ; CLOCK_50 ; None                        ; None                      ; 3.498 ns                ;
; N/A                                     ; 269.40 MHz ( period = 3.712 ns )                    ; countsec[21] ; count[1]     ; CLOCK_50   ; CLOCK_50 ; None                        ; None                      ; 3.498 ns                ;
; N/A                                     ; 270.56 MHz ( period = 3.696 ns )                    ; countsec[1]  ; countsec[23] ; CLOCK_50   ; CLOCK_50 ; None                        ; None                      ; 3.474 ns                ;
; N/A                                     ; 272.85 MHz ( period = 3.665 ns )                    ; countsec[2]  ; countsec[23] ; CLOCK_50   ; CLOCK_50 ; None                        ; None                      ; 3.443 ns                ;
; N/A                                     ; 273.30 MHz ( period = 3.659 ns )                    ; countsec[0]  ; countsec[20] ; CLOCK_50   ; CLOCK_50 ; None                        ; None                      ; 3.436 ns                ;
; N/A                                     ; 274.12 MHz ( period = 3.648 ns )                    ; countsec[18] ; count[2]     ; CLOCK_50   ; CLOCK_50 ; None                        ; None                      ; 3.433 ns                ;
; N/A                                     ; 274.12 MHz ( period = 3.648 ns )                    ; countsec[18] ; count[0]     ; CLOCK_50   ; CLOCK_50 ; None                        ; None                      ; 3.433 ns                ;
; N/A                                     ; 274.12 MHz ( period = 3.648 ns )                    ; countsec[18] ; count[1]     ; CLOCK_50   ; CLOCK_50 ; None                        ; None                      ; 3.433 ns                ;
; N/A                                     ; 274.50 MHz ( period = 3.643 ns )                    ; countsec[23] ; count[2]     ; CLOCK_50   ; CLOCK_50 ; None                        ; None                      ; 3.428 ns                ;
; N/A                                     ; 274.50 MHz ( period = 3.643 ns )                    ; countsec[23] ; count[0]     ; CLOCK_50   ; CLOCK_50 ; None                        ; None                      ; 3.428 ns                ;
; N/A                                     ; 274.50 MHz ( period = 3.643 ns )                    ; countsec[23] ; count[1]     ; CLOCK_50   ; CLOCK_50 ; None                        ; None                      ; 3.428 ns                ;
; N/A                                     ; 274.73 MHz ( period = 3.640 ns )                    ; countsec[4]  ; countsec[21] ; CLOCK_50   ; CLOCK_50 ; None                        ; None                      ; 3.417 ns                ;
; N/A                                     ; 275.18 MHz ( period = 3.634 ns )                    ; countsec[7]  ; countsec[23] ; CLOCK_50   ; CLOCK_50 ; None                        ; None                      ; 3.421 ns                ;
; N/A                                     ; 275.18 MHz ( period = 3.634 ns )                    ; countsec[16] ; countsec[17] ; CLOCK_50   ; CLOCK_50 ; None                        ; None                      ; 3.419 ns                ;
; N/A                                     ; 275.25 MHz ( period = 3.633 ns )                    ; countsec[16] ; countsec[12] ; CLOCK_50   ; CLOCK_50 ; None                        ; None                      ; 3.418 ns                ;
; N/A                                     ; 275.25 MHz ( period = 3.633 ns )                    ; countsec[16] ; countsec[19] ; CLOCK_50   ; CLOCK_50 ; None                        ; None                      ; 3.418 ns                ;
; N/A                                     ; 275.41 MHz ( period = 3.631 ns )                    ; countsec[22] ; countsec[17] ; CLOCK_50   ; CLOCK_50 ; None                        ; None                      ; 3.416 ns                ;
; N/A                                     ; 275.41 MHz ( period = 3.631 ns )                    ; countsec[3]  ; count[2]     ; CLOCK_50   ; CLOCK_50 ; None                        ; None                      ; 3.408 ns                ;
; N/A                                     ; 275.41 MHz ( period = 3.631 ns )                    ; countsec[3]  ; count[0]     ; CLOCK_50   ; CLOCK_50 ; None                        ; None                      ; 3.408 ns                ;
; N/A                                     ; 275.41 MHz ( period = 3.631 ns )                    ; countsec[3]  ; count[1]     ; CLOCK_50   ; CLOCK_50 ; None                        ; None                      ; 3.408 ns                ;
; N/A                                     ; 275.48 MHz ( period = 3.630 ns )                    ; countsec[22] ; countsec[12] ; CLOCK_50   ; CLOCK_50 ; None                        ; None                      ; 3.415 ns                ;
; N/A                                     ; 275.48 MHz ( period = 3.630 ns )                    ; countsec[22] ; countsec[19] ; CLOCK_50   ; CLOCK_50 ; None                        ; None                      ; 3.415 ns                ;
; N/A                                     ; 275.63 MHz ( period = 3.628 ns )                    ; countsec[16] ; countsec[20] ; CLOCK_50   ; CLOCK_50 ; None                        ; None                      ; 3.413 ns                ;
; N/A                                     ; 275.71 MHz ( period = 3.627 ns )                    ; countsec[16] ; countsec[7]  ; CLOCK_50   ; CLOCK_50 ; None                        ; None                      ; 3.412 ns                ;
; N/A                                     ; 275.79 MHz ( period = 3.626 ns )                    ; countsec[16] ; countsec[13] ; CLOCK_50   ; CLOCK_50 ; None                        ; None                      ; 3.411 ns                ;
; N/A                                     ; 275.86 MHz ( period = 3.625 ns )                    ; countsec[4]  ; countsec[25] ; CLOCK_50   ; CLOCK_50 ; None                        ; None                      ; 3.403 ns                ;
; N/A                                     ; 275.86 MHz ( period = 3.625 ns )                    ; countsec[22] ; countsec[20] ; CLOCK_50   ; CLOCK_50 ; None                        ; None                      ; 3.410 ns                ;
; N/A                                     ; 275.94 MHz ( period = 3.624 ns )                    ; countsec[22] ; countsec[7]  ; CLOCK_50   ; CLOCK_50 ; None                        ; None                      ; 3.409 ns                ;
; N/A                                     ; 276.01 MHz ( period = 3.623 ns )                    ; countsec[22] ; countsec[13] ; CLOCK_50   ; CLOCK_50 ; None                        ; None                      ; 3.408 ns                ;
; N/A                                     ; 276.24 MHz ( period = 3.620 ns )                    ; countsec[0]  ; countsec[19] ; CLOCK_50   ; CLOCK_50 ; None                        ; None                      ; 3.397 ns                ;
; N/A                                     ; 276.32 MHz ( period = 3.619 ns )                    ; countsec[25] ; count[2]     ; CLOCK_50   ; CLOCK_50 ; None                        ; None                      ; 3.404 ns                ;
; N/A                                     ; 276.32 MHz ( period = 3.619 ns )                    ; countsec[25] ; count[0]     ; CLOCK_50   ; CLOCK_50 ; None                        ; None                      ; 3.404 ns                ;
; N/A                                     ; 276.32 MHz ( period = 3.619 ns )                    ; countsec[25] ; count[1]     ; CLOCK_50   ; CLOCK_50 ; None                        ; None                      ; 3.404 ns                ;
; N/A                                     ; 277.39 MHz ( period = 3.605 ns )                    ; countsec[10] ; count[2]     ; CLOCK_50   ; CLOCK_50 ; None                        ; None                      ; 3.382 ns                ;
; N/A                                     ; 277.39 MHz ( period = 3.605 ns )                    ; countsec[10] ; count[0]     ; CLOCK_50   ; CLOCK_50 ; None                        ; None                      ; 3.382 ns                ;
; N/A                                     ; 277.39 MHz ( period = 3.605 ns )                    ; countsec[10] ; count[1]     ; CLOCK_50   ; CLOCK_50 ; None                        ; None                      ; 3.382 ns                ;
; N/A                                     ; 277.70 MHz ( period = 3.601 ns )                    ; countsec[0]  ; countsec[22] ; CLOCK_50   ; CLOCK_50 ; None                        ; None                      ; 3.379 ns                ;
; N/A                                     ; 278.16 MHz ( period = 3.595 ns )                    ; countsec[4]  ; count[2]     ; CLOCK_50   ; CLOCK_50 ; None                        ; None                      ; 3.372 ns                ;
; N/A                                     ; 278.16 MHz ( period = 3.595 ns )                    ; countsec[4]  ; count[0]     ; CLOCK_50   ; CLOCK_50 ; None                        ; None                      ; 3.372 ns                ;
; N/A                                     ; 278.16 MHz ( period = 3.595 ns )                    ; countsec[4]  ; count[1]     ; CLOCK_50   ; CLOCK_50 ; None                        ; None                      ; 3.372 ns                ;
; N/A                                     ; 278.55 MHz ( period = 3.590 ns )                    ; countsec[3]  ; countsec[23] ; CLOCK_50   ; CLOCK_50 ; None                        ; None                      ; 3.368 ns                ;
; N/A                                     ; 278.78 MHz ( period = 3.587 ns )                    ; countsec[20] ; countsec[17] ; CLOCK_50   ; CLOCK_50 ; None                        ; None                      ; 3.373 ns                ;
; N/A                                     ; 278.86 MHz ( period = 3.586 ns )                    ; countsec[20] ; countsec[12] ; CLOCK_50   ; CLOCK_50 ; None                        ; None                      ; 3.372 ns                ;
; N/A                                     ; 278.86 MHz ( period = 3.586 ns )                    ; countsec[20] ; countsec[19] ; CLOCK_50   ; CLOCK_50 ; None                        ; None                      ; 3.372 ns                ;
; N/A                                     ; 279.25 MHz ( period = 3.581 ns )                    ; countsec[20] ; countsec[20] ; CLOCK_50   ; CLOCK_50 ; None                        ; None                      ; 3.367 ns                ;
; N/A                                     ; 279.33 MHz ( period = 3.580 ns )                    ; countsec[20] ; countsec[7]  ; CLOCK_50   ; CLOCK_50 ; None                        ; None                      ; 3.366 ns                ;
; N/A                                     ; 279.41 MHz ( period = 3.579 ns )                    ; countsec[20] ; countsec[13] ; CLOCK_50   ; CLOCK_50 ; None                        ; None                      ; 3.365 ns                ;
; N/A                                     ; 279.64 MHz ( period = 3.576 ns )                    ; countsec[16] ; countsec[14] ; CLOCK_50   ; CLOCK_50 ; None                        ; None                      ; 3.361 ns                ;
; N/A                                     ; 279.64 MHz ( period = 3.576 ns )                    ; countsec[16] ; countsec[15] ; CLOCK_50   ; CLOCK_50 ; None                        ; None                      ; 3.361 ns                ;
; N/A                                     ; 279.88 MHz ( period = 3.573 ns )                    ; countsec[22] ; countsec[14] ; CLOCK_50   ; CLOCK_50 ; None                        ; None                      ; 3.358 ns                ;
; N/A                                     ; 279.88 MHz ( period = 3.573 ns )                    ; countsec[22] ; countsec[15] ; CLOCK_50   ; CLOCK_50 ; None                        ; None                      ; 3.358 ns                ;
; N/A                                     ; 280.58 MHz ( period = 3.564 ns )                    ; countsec[21] ; countsec[17] ; CLOCK_50   ; CLOCK_50 ; None                        ; None                      ; 3.350 ns                ;
; N/A                                     ; 280.58 MHz ( period = 3.564 ns )                    ; countsec[19] ; count[2]     ; CLOCK_50   ; CLOCK_50 ; None                        ; None                      ; 3.350 ns                ;
; N/A                                     ; 280.58 MHz ( period = 3.564 ns )                    ; countsec[19] ; count[0]     ; CLOCK_50   ; CLOCK_50 ; None                        ; None                      ; 3.350 ns                ;
; N/A                                     ; 280.58 MHz ( period = 3.564 ns )                    ; countsec[19] ; count[1]     ; CLOCK_50   ; CLOCK_50 ; None                        ; None                      ; 3.350 ns                ;
; N/A                                     ; 280.66 MHz ( period = 3.563 ns )                    ; countsec[21] ; countsec[12] ; CLOCK_50   ; CLOCK_50 ; None                        ; None                      ; 3.349 ns                ;
; N/A                                     ; 280.66 MHz ( period = 3.563 ns )                    ; countsec[21] ; countsec[19] ; CLOCK_50   ; CLOCK_50 ; None                        ; None                      ; 3.349 ns                ;
; N/A                                     ; 280.74 MHz ( period = 3.562 ns )                    ; countsec[24] ; count[2]     ; CLOCK_50   ; CLOCK_50 ; None                        ; None                      ; 3.347 ns                ;
; N/A                                     ; 280.74 MHz ( period = 3.562 ns )                    ; countsec[24] ; count[0]     ; CLOCK_50   ; CLOCK_50 ; None                        ; None                      ; 3.347 ns                ;
; N/A                                     ; 280.74 MHz ( period = 3.562 ns )                    ; countsec[24] ; count[1]     ; CLOCK_50   ; CLOCK_50 ; None                        ; None                      ; 3.347 ns                ;
; N/A                                     ; 281.06 MHz ( period = 3.558 ns )                    ; countsec[21] ; countsec[20] ; CLOCK_50   ; CLOCK_50 ; None                        ; None                      ; 3.344 ns                ;
; N/A                                     ; 281.14 MHz ( period = 3.557 ns )                    ; countsec[21] ; countsec[7]  ; CLOCK_50   ; CLOCK_50 ; None                        ; None                      ; 3.343 ns                ;
; N/A                                     ; 281.21 MHz ( period = 3.556 ns )                    ; countsec[21] ; countsec[13] ; CLOCK_50   ; CLOCK_50 ; None                        ; None                      ; 3.342 ns                ;
; N/A                                     ; 281.45 MHz ( period = 3.553 ns )                    ; countsec[0]  ; countsec[12] ; CLOCK_50   ; CLOCK_50 ; None                        ; None                      ; 3.330 ns                ;
; N/A                                     ; 281.77 MHz ( period = 3.549 ns )                    ; countsec[1]  ; countsec[20] ; CLOCK_50   ; CLOCK_50 ; None                        ; None                      ; 3.326 ns                ;
; N/A                                     ; 283.37 MHz ( period = 3.529 ns )                    ; countsec[20] ; countsec[14] ; CLOCK_50   ; CLOCK_50 ; None                        ; None                      ; 3.315 ns                ;
; N/A                                     ; 283.37 MHz ( period = 3.529 ns )                    ; countsec[20] ; countsec[15] ; CLOCK_50   ; CLOCK_50 ; None                        ; None                      ; 3.315 ns                ;
; N/A                                     ; 284.17 MHz ( period = 3.519 ns )                    ; countsec[0]  ; countsec[15] ; CLOCK_50   ; CLOCK_50 ; None                        ; None                      ; 3.296 ns                ;
; N/A                                     ; 284.25 MHz ( period = 3.518 ns )                    ; countsec[2]  ; countsec[20] ; CLOCK_50   ; CLOCK_50 ; None                        ; None                      ; 3.295 ns                ;
; N/A                                     ; 284.82 MHz ( period = 3.511 ns )                    ; countsec[5]  ; countsec[21] ; CLOCK_50   ; CLOCK_50 ; None                        ; None                      ; 3.288 ns                ;
; N/A                                     ; 284.90 MHz ( period = 3.510 ns )                    ; countsec[1]  ; countsec[19] ; CLOCK_50   ; CLOCK_50 ; None                        ; None                      ; 3.287 ns                ;
; N/A                                     ; 285.23 MHz ( period = 3.506 ns )                    ; countsec[21] ; countsec[14] ; CLOCK_50   ; CLOCK_50 ; None                        ; None                      ; 3.292 ns                ;
; N/A                                     ; 285.23 MHz ( period = 3.506 ns )                    ; countsec[21] ; countsec[15] ; CLOCK_50   ; CLOCK_50 ; None                        ; None                      ; 3.292 ns                ;
; N/A                                     ; 285.39 MHz ( period = 3.504 ns )                    ; countsec[16] ; countsec[21] ; CLOCK_50   ; CLOCK_50 ; None                        ; None                      ; 3.289 ns                ;
; N/A                                     ; 285.63 MHz ( period = 3.501 ns )                    ; countsec[22] ; countsec[21] ; CLOCK_50   ; CLOCK_50 ; None                        ; None                      ; 3.286 ns                ;
; N/A                                     ; 285.71 MHz ( period = 3.500 ns )                    ; countsec[18] ; countsec[17] ; CLOCK_50   ; CLOCK_50 ; None                        ; None                      ; 3.285 ns                ;
; N/A                                     ; 285.80 MHz ( period = 3.499 ns )                    ; countsec[18] ; countsec[12] ; CLOCK_50   ; CLOCK_50 ; None                        ; None                      ; 3.284 ns                ;
; N/A                                     ; 285.80 MHz ( period = 3.499 ns )                    ; countsec[18] ; countsec[19] ; CLOCK_50   ; CLOCK_50 ; None                        ; None                      ; 3.284 ns                ;
; N/A                                     ; 286.04 MHz ( period = 3.496 ns )                    ; countsec[5]  ; countsec[25] ; CLOCK_50   ; CLOCK_50 ; None                        ; None                      ; 3.274 ns                ;
; N/A                                     ; 286.12 MHz ( period = 3.495 ns )                    ; countsec[23] ; countsec[17] ; CLOCK_50   ; CLOCK_50 ; None                        ; None                      ; 3.280 ns                ;
; N/A                                     ; 286.20 MHz ( period = 3.494 ns )                    ; countsec[23] ; countsec[12] ; CLOCK_50   ; CLOCK_50 ; None                        ; None                      ; 3.279 ns                ;
; N/A                                     ; 286.20 MHz ( period = 3.494 ns )                    ; countsec[18] ; countsec[20] ; CLOCK_50   ; CLOCK_50 ; None                        ; None                      ; 3.279 ns                ;
; N/A                                     ; 286.20 MHz ( period = 3.494 ns )                    ; countsec[23] ; countsec[19] ; CLOCK_50   ; CLOCK_50 ; None                        ; None                      ; 3.279 ns                ;
; N/A                                     ; 286.29 MHz ( period = 3.493 ns )                    ; countsec[18] ; countsec[7]  ; CLOCK_50   ; CLOCK_50 ; None                        ; None                      ; 3.278 ns                ;
; N/A                                     ; 286.37 MHz ( period = 3.492 ns )                    ; countsec[18] ; countsec[13] ; CLOCK_50   ; CLOCK_50 ; None                        ; None                      ; 3.277 ns                ;
; N/A                                     ; 286.45 MHz ( period = 3.491 ns )                    ; countsec[1]  ; countsec[22] ; CLOCK_50   ; CLOCK_50 ; None                        ; None                      ; 3.269 ns                ;
; N/A                                     ; 286.62 MHz ( period = 3.489 ns )                    ; countsec[23] ; countsec[20] ; CLOCK_50   ; CLOCK_50 ; None                        ; None                      ; 3.274 ns                ;
; N/A                                     ; 286.70 MHz ( period = 3.488 ns )                    ; countsec[23] ; countsec[7]  ; CLOCK_50   ; CLOCK_50 ; None                        ; None                      ; 3.273 ns                ;
; N/A                                     ; 286.78 MHz ( period = 3.487 ns )                    ; countsec[23] ; countsec[13] ; CLOCK_50   ; CLOCK_50 ; None                        ; None                      ; 3.272 ns                ;
; N/A                                     ; 286.78 MHz ( period = 3.487 ns )                    ; countsec[7]  ; countsec[20] ; CLOCK_50   ; CLOCK_50 ; None                        ; None                      ; 3.273 ns                ;
; N/A                                     ; 286.94 MHz ( period = 3.485 ns )                    ; countsec[0]  ; countsec[17] ; CLOCK_50   ; CLOCK_50 ; None                        ; None                      ; 3.262 ns                ;
; N/A                                     ; 287.11 MHz ( period = 3.483 ns )                    ; countsec[4]  ; countsec[23] ; CLOCK_50   ; CLOCK_50 ; None                        ; None                      ; 3.261 ns                ;
; N/A                                     ; 287.11 MHz ( period = 3.483 ns )                    ; countsec[3]  ; countsec[17] ; CLOCK_50   ; CLOCK_50 ; None                        ; None                      ; 3.260 ns                ;
; N/A                                     ; 287.19 MHz ( period = 3.482 ns )                    ; countsec[3]  ; countsec[12] ; CLOCK_50   ; CLOCK_50 ; None                        ; None                      ; 3.259 ns                ;
; N/A                                     ; 287.19 MHz ( period = 3.482 ns )                    ; countsec[3]  ; countsec[19] ; CLOCK_50   ; CLOCK_50 ; None                        ; None                      ; 3.259 ns                ;
; N/A                                     ; 287.19 MHz ( period = 3.482 ns )                    ; countsec[5]  ; count[2]     ; CLOCK_50   ; CLOCK_50 ; None                        ; None                      ; 3.259 ns                ;
; N/A                                     ; 287.19 MHz ( period = 3.482 ns )                    ; countsec[5]  ; count[0]     ; CLOCK_50   ; CLOCK_50 ; None                        ; None                      ; 3.259 ns                ;
; N/A                                     ; 287.19 MHz ( period = 3.482 ns )                    ; countsec[5]  ; count[1]     ; CLOCK_50   ; CLOCK_50 ; None                        ; None                      ; 3.259 ns                ;
; N/A                                     ; 287.44 MHz ( period = 3.479 ns )                    ; countsec[2]  ; countsec[19] ; CLOCK_50   ; CLOCK_50 ; None                        ; None                      ; 3.256 ns                ;
; N/A                                     ; 287.60 MHz ( period = 3.477 ns )                    ; countsec[3]  ; countsec[20] ; CLOCK_50   ; CLOCK_50 ; None                        ; None                      ; 3.254 ns                ;
; N/A                                     ; 287.60 MHz ( period = 3.477 ns )                    ; countsec[12] ; countsec[21] ; CLOCK_50   ; CLOCK_50 ; None                        ; None                      ; 3.263 ns                ;
; N/A                                     ; 287.60 MHz ( period = 3.477 ns )                    ; countsec[16] ; countsec[22] ; CLOCK_50   ; CLOCK_50 ; None                        ; None                      ; 3.263 ns                ;
; N/A                                     ; 287.69 MHz ( period = 3.476 ns )                    ; countsec[3]  ; countsec[7]  ; CLOCK_50   ; CLOCK_50 ; None                        ; None                      ; 3.253 ns                ;
; N/A                                     ; 287.77 MHz ( period = 3.475 ns )                    ; countsec[3]  ; countsec[13] ; CLOCK_50   ; CLOCK_50 ; None                        ; None                      ; 3.252 ns                ;
; N/A                                     ; 287.77 MHz ( period = 3.475 ns )                    ; countsec[1]  ; count[2]     ; CLOCK_50   ; CLOCK_50 ; None                        ; None                      ; 3.252 ns                ;
; N/A                                     ; 287.77 MHz ( period = 3.475 ns )                    ; countsec[1]  ; count[0]     ; CLOCK_50   ; CLOCK_50 ; None                        ; None                      ; 3.252 ns                ;
; N/A                                     ; 287.77 MHz ( period = 3.475 ns )                    ; countsec[1]  ; count[1]     ; CLOCK_50   ; CLOCK_50 ; None                        ; None                      ; 3.252 ns                ;
; N/A                                     ; 287.85 MHz ( period = 3.474 ns )                    ; countsec[22] ; countsec[22] ; CLOCK_50   ; CLOCK_50 ; None                        ; None                      ; 3.260 ns                ;
; N/A                                     ; 288.02 MHz ( period = 3.472 ns )                    ; countsec[9]  ; count[2]     ; CLOCK_50   ; CLOCK_50 ; None                        ; None                      ; 3.249 ns                ;
; N/A                                     ; 288.02 MHz ( period = 3.472 ns )                    ; countsec[9]  ; count[0]     ; CLOCK_50   ; CLOCK_50 ; None                        ; None                      ; 3.249 ns                ;
; N/A                                     ; 288.02 MHz ( period = 3.472 ns )                    ; countsec[9]  ; count[1]     ; CLOCK_50   ; CLOCK_50 ; None                        ; None                      ; 3.249 ns                ;
; N/A                                     ; 288.10 MHz ( period = 3.471 ns )                    ; countsec[25] ; countsec[17] ; CLOCK_50   ; CLOCK_50 ; None                        ; None                      ; 3.256 ns                ;
; N/A                                     ; 288.18 MHz ( period = 3.470 ns )                    ; countsec[25] ; countsec[12] ; CLOCK_50   ; CLOCK_50 ; None                        ; None                      ; 3.255 ns                ;
; N/A                                     ; 288.18 MHz ( period = 3.470 ns )                    ; countsec[25] ; countsec[19] ; CLOCK_50   ; CLOCK_50 ; None                        ; None                      ; 3.255 ns                ;
; N/A                                     ; 288.60 MHz ( period = 3.465 ns )                    ; countsec[25] ; countsec[20] ; CLOCK_50   ; CLOCK_50 ; None                        ; None                      ; 3.250 ns                ;
; N/A                                     ; 288.68 MHz ( period = 3.464 ns )                    ; countsec[25] ; countsec[7]  ; CLOCK_50   ; CLOCK_50 ; None                        ; None                      ; 3.249 ns                ;
; N/A                                     ; 288.77 MHz ( period = 3.463 ns )                    ; countsec[25] ; countsec[13] ; CLOCK_50   ; CLOCK_50 ; None                        ; None                      ; 3.248 ns                ;
; N/A                                     ; 288.85 MHz ( period = 3.462 ns )                    ; countsec[12] ; countsec[25] ; CLOCK_50   ; CLOCK_50 ; None                        ; None                      ; 3.249 ns                ;
; N/A                                     ; 289.02 MHz ( period = 3.460 ns )                    ; countsec[2]  ; countsec[22] ; CLOCK_50   ; CLOCK_50 ; None                        ; None                      ; 3.238 ns                ;
; N/A                                     ; 289.27 MHz ( period = 3.457 ns )                    ; countsec[20] ; countsec[21] ; CLOCK_50   ; CLOCK_50 ; None                        ; None                      ; 3.243 ns                ;
; N/A                                     ; 289.27 MHz ( period = 3.457 ns )                    ; countsec[10] ; countsec[17] ; CLOCK_50   ; CLOCK_50 ; None                        ; None                      ; 3.234 ns                ;
; N/A                                     ; 289.35 MHz ( period = 3.456 ns )                    ; countsec[10] ; countsec[12] ; CLOCK_50   ; CLOCK_50 ; None                        ; None                      ; 3.233 ns                ;
; N/A                                     ; 289.35 MHz ( period = 3.456 ns )                    ; countsec[10] ; countsec[19] ; CLOCK_50   ; CLOCK_50 ; None                        ; None                      ; 3.233 ns                ;
; N/A                                     ; 289.77 MHz ( period = 3.451 ns )                    ; countsec[10] ; countsec[20] ; CLOCK_50   ; CLOCK_50 ; None                        ; None                      ; 3.228 ns                ;
; N/A                                     ; 289.86 MHz ( period = 3.450 ns )                    ; countsec[10] ; countsec[7]  ; CLOCK_50   ; CLOCK_50 ; None                        ; None                      ; 3.227 ns                ;
; N/A                                     ; 289.94 MHz ( period = 3.449 ns )                    ; countsec[0]  ; countsec[14] ; CLOCK_50   ; CLOCK_50 ; None                        ; None                      ; 3.226 ns                ;
; N/A                                     ; 289.94 MHz ( period = 3.449 ns )                    ; countsec[10] ; countsec[13] ; CLOCK_50   ; CLOCK_50 ; None                        ; None                      ; 3.226 ns                ;
; N/A                                     ; 290.02 MHz ( period = 3.448 ns )                    ; countsec[7]  ; countsec[19] ; CLOCK_50   ; CLOCK_50 ; None                        ; None                      ; 3.234 ns                ;
; N/A                                     ; 290.11 MHz ( period = 3.447 ns )                    ; countsec[4]  ; countsec[17] ; CLOCK_50   ; CLOCK_50 ; None                        ; None                      ; 3.224 ns                ;
; N/A                                     ; 290.19 MHz ( period = 3.446 ns )                    ; countsec[4]  ; countsec[12] ; CLOCK_50   ; CLOCK_50 ; None                        ; None                      ; 3.223 ns                ;
; N/A                                     ; 290.19 MHz ( period = 3.446 ns )                    ; countsec[4]  ; countsec[19] ; CLOCK_50   ; CLOCK_50 ; None                        ; None                      ; 3.223 ns                ;
; N/A                                     ; 290.44 MHz ( period = 3.443 ns )                    ; countsec[1]  ; countsec[12] ; CLOCK_50   ; CLOCK_50 ; None                        ; None                      ; 3.220 ns                ;
; N/A                                     ; 290.53 MHz ( period = 3.442 ns )                    ; countsec[18] ; countsec[14] ; CLOCK_50   ; CLOCK_50 ; None                        ; None                      ; 3.227 ns                ;
; N/A                                     ; 290.53 MHz ( period = 3.442 ns )                    ; countsec[18] ; countsec[15] ; CLOCK_50   ; CLOCK_50 ; None                        ; None                      ; 3.227 ns                ;
; N/A                                     ; 290.61 MHz ( period = 3.441 ns )                    ; countsec[4]  ; countsec[20] ; CLOCK_50   ; CLOCK_50 ; None                        ; None                      ; 3.218 ns                ;
; N/A                                     ; 290.70 MHz ( period = 3.440 ns )                    ; countsec[4]  ; countsec[7]  ; CLOCK_50   ; CLOCK_50 ; None                        ; None                      ; 3.217 ns                ;
; N/A                                     ; 290.78 MHz ( period = 3.439 ns )                    ; countsec[4]  ; countsec[13] ; CLOCK_50   ; CLOCK_50 ; None                        ; None                      ; 3.216 ns                ;
; N/A                                     ; 290.95 MHz ( period = 3.437 ns )                    ; countsec[23] ; countsec[14] ; CLOCK_50   ; CLOCK_50 ; None                        ; None                      ; 3.222 ns                ;
; N/A                                     ; 290.95 MHz ( period = 3.437 ns )                    ; countsec[23] ; countsec[15] ; CLOCK_50   ; CLOCK_50 ; None                        ; None                      ; 3.222 ns                ;
; N/A                                     ; 291.21 MHz ( period = 3.434 ns )                    ; countsec[21] ; countsec[21] ; CLOCK_50   ; CLOCK_50 ; None                        ; None                      ; 3.220 ns                ;
; N/A                                     ; 291.55 MHz ( period = 3.430 ns )                    ; countsec[20] ; countsec[22] ; CLOCK_50   ; CLOCK_50 ; None                        ; None                      ; 3.217 ns                ;
; N/A                                     ; 291.63 MHz ( period = 3.429 ns )                    ; countsec[7]  ; countsec[22] ; CLOCK_50   ; CLOCK_50 ; None                        ; None                      ; 3.216 ns                ;
; N/A                                     ; 291.97 MHz ( period = 3.425 ns )                    ; countsec[3]  ; countsec[14] ; CLOCK_50   ; CLOCK_50 ; None                        ; None                      ; 3.202 ns                ;
; N/A                                     ; 291.97 MHz ( period = 3.425 ns )                    ; countsec[3]  ; countsec[15] ; CLOCK_50   ; CLOCK_50 ; None                        ; None                      ; 3.202 ns                ;
; N/A                                     ; 292.48 MHz ( period = 3.419 ns )                    ; countsec[14] ; count[2]     ; CLOCK_50   ; CLOCK_50 ; None                        ; None                      ; 3.205 ns                ;
; N/A                                     ; 292.48 MHz ( period = 3.419 ns )                    ; countsec[14] ; count[0]     ; CLOCK_50   ; CLOCK_50 ; None                        ; None                      ; 3.205 ns                ;
; N/A                                     ; 292.48 MHz ( period = 3.419 ns )                    ; countsec[14] ; count[1]     ; CLOCK_50   ; CLOCK_50 ; None                        ; None                      ; 3.205 ns                ;
; N/A                                     ; 292.74 MHz ( period = 3.416 ns )                    ; countsec[19] ; countsec[17] ; CLOCK_50   ; CLOCK_50 ; None                        ; None                      ; 3.202 ns                ;
; N/A                                     ; 292.83 MHz ( period = 3.415 ns )                    ; countsec[19] ; countsec[12] ; CLOCK_50   ; CLOCK_50 ; None                        ; None                      ; 3.201 ns                ;
; N/A                                     ; 292.83 MHz ( period = 3.415 ns )                    ; countsec[19] ; countsec[19] ; CLOCK_50   ; CLOCK_50 ; None                        ; None                      ; 3.201 ns                ;
; N/A                                     ; 292.91 MHz ( period = 3.414 ns )                    ; countsec[24] ; countsec[17] ; CLOCK_50   ; CLOCK_50 ; None                        ; None                      ; 3.199 ns                ;
; N/A                                     ; 293.00 MHz ( period = 3.413 ns )                    ; countsec[25] ; countsec[14] ; CLOCK_50   ; CLOCK_50 ; None                        ; None                      ; 3.198 ns                ;
; N/A                                     ; 293.00 MHz ( period = 3.413 ns )                    ; countsec[24] ; countsec[12] ; CLOCK_50   ; CLOCK_50 ; None                        ; None                      ; 3.198 ns                ;
; N/A                                     ; 293.00 MHz ( period = 3.413 ns )                    ; countsec[25] ; countsec[15] ; CLOCK_50   ; CLOCK_50 ; None                        ; None                      ; 3.198 ns                ;
; N/A                                     ; 293.00 MHz ( period = 3.413 ns )                    ; countsec[24] ; countsec[19] ; CLOCK_50   ; CLOCK_50 ; None                        ; None                      ; 3.198 ns                ;
; N/A                                     ; 293.00 MHz ( period = 3.413 ns )                    ; countsec[11] ; count[2]     ; CLOCK_50   ; CLOCK_50 ; None                        ; None                      ; 3.190 ns                ;
; N/A                                     ; 293.00 MHz ( period = 3.413 ns )                    ; countsec[11] ; count[0]     ; CLOCK_50   ; CLOCK_50 ; None                        ; None                      ; 3.190 ns                ;
; N/A                                     ; 293.00 MHz ( period = 3.413 ns )                    ; countsec[11] ; count[1]     ; CLOCK_50   ; CLOCK_50 ; None                        ; None                      ; 3.190 ns                ;
; N/A                                     ; 293.08 MHz ( period = 3.412 ns )                    ; countsec[2]  ; countsec[12] ; CLOCK_50   ; CLOCK_50 ; None                        ; None                      ; 3.189 ns                ;
; N/A                                     ; 293.26 MHz ( period = 3.410 ns )                    ; countsec[19] ; countsec[20] ; CLOCK_50   ; CLOCK_50 ; None                        ; None                      ; 3.196 ns                ;
; N/A                                     ; 293.34 MHz ( period = 3.409 ns )                    ; countsec[19] ; countsec[7]  ; CLOCK_50   ; CLOCK_50 ; None                        ; None                      ; 3.195 ns                ;
; N/A                                     ; 293.34 MHz ( period = 3.409 ns )                    ; countsec[1]  ; countsec[15] ; CLOCK_50   ; CLOCK_50 ; None                        ; None                      ; 3.186 ns                ;
; N/A                                     ; 293.34 MHz ( period = 3.409 ns )                    ; countsec[6]  ; countsec[21] ; CLOCK_50   ; CLOCK_50 ; None                        ; None                      ; 3.186 ns                ;
; N/A                                     ; 293.43 MHz ( period = 3.408 ns )                    ; countsec[19] ; countsec[13] ; CLOCK_50   ; CLOCK_50 ; None                        ; None                      ; 3.194 ns                ;
; N/A                                     ; 293.43 MHz ( period = 3.408 ns )                    ; countsec[24] ; countsec[20] ; CLOCK_50   ; CLOCK_50 ; None                        ; None                      ; 3.193 ns                ;
; N/A                                     ; 293.51 MHz ( period = 3.407 ns )                    ; countsec[24] ; countsec[7]  ; CLOCK_50   ; CLOCK_50 ; None                        ; None                      ; 3.192 ns                ;
; N/A                                     ; 293.51 MHz ( period = 3.407 ns )                    ; countsec[21] ; countsec[22] ; CLOCK_50   ; CLOCK_50 ; None                        ; None                      ; 3.194 ns                ;
; N/A                                     ; 293.60 MHz ( period = 3.406 ns )                    ; countsec[24] ; countsec[13] ; CLOCK_50   ; CLOCK_50 ; None                        ; None                      ; 3.191 ns                ;
; N/A                                     ; 294.20 MHz ( period = 3.399 ns )                    ; countsec[10] ; countsec[14] ; CLOCK_50   ; CLOCK_50 ; None                        ; None                      ; 3.176 ns                ;
; N/A                                     ; 294.20 MHz ( period = 3.399 ns )                    ; countsec[10] ; countsec[15] ; CLOCK_50   ; CLOCK_50 ; None                        ; None                      ; 3.176 ns                ;
; N/A                                     ; 294.64 MHz ( period = 3.394 ns )                    ; countsec[6]  ; countsec[25] ; CLOCK_50   ; CLOCK_50 ; None                        ; None                      ; 3.172 ns                ;
; N/A                                     ; 295.07 MHz ( period = 3.389 ns )                    ; countsec[4]  ; countsec[14] ; CLOCK_50   ; CLOCK_50 ; None                        ; None                      ; 3.166 ns                ;
; N/A                                     ; 295.07 MHz ( period = 3.389 ns )                    ; countsec[4]  ; countsec[15] ; CLOCK_50   ; CLOCK_50 ; None                        ; None                      ; 3.166 ns                ;
; N/A                                     ; 295.33 MHz ( period = 3.386 ns )                    ; countsec[13] ; count[2]     ; CLOCK_50   ; CLOCK_50 ; None                        ; None                      ; 3.172 ns                ;
; N/A                                     ; 295.33 MHz ( period = 3.386 ns )                    ; countsec[13] ; count[0]     ; CLOCK_50   ; CLOCK_50 ; None                        ; None                      ; 3.172 ns                ;
; N/A                                     ; 295.33 MHz ( period = 3.386 ns )                    ; countsec[13] ; count[1]     ; CLOCK_50   ; CLOCK_50 ; None                        ; None                      ; 3.172 ns                ;
; N/A                                     ; 295.42 MHz ( period = 3.385 ns )                    ; countsec[3]  ; countsec[22] ; CLOCK_50   ; CLOCK_50 ; None                        ; None                      ; 3.163 ns                ;
; N/A                                     ; 295.77 MHz ( period = 3.381 ns )                    ; countsec[7]  ; countsec[12] ; CLOCK_50   ; CLOCK_50 ; None                        ; None                      ; 3.167 ns                ;
; N/A                                     ; 296.03 MHz ( period = 3.378 ns )                    ; countsec[2]  ; countsec[15] ; CLOCK_50   ; CLOCK_50 ; None                        ; None                      ; 3.155 ns                ;
; Timing analysis restricted to 200 rows. ; To change the limit use Settings (Assignments menu) ;              ;              ;            ;          ;                             ;                           ;                         ;
+-----------------------------------------+-----------------------------------------------------+--------------+--------------+------------+----------+-----------------------------+---------------------------+-------------------------+


+---------------------------------------------------------------------+
; tco                                                                 ;
+-------+--------------+------------+----------+---------+------------+
; Slack ; Required tco ; Actual tco ; From     ; To      ; From Clock ;
+-------+--------------+------------+----------+---------+------------+
; N/A   ; None         ; 16.087 ns  ; count[2] ; HEX3[0] ; CLOCK_50   ;
; N/A   ; None         ; 15.950 ns  ; count[1] ; HEX3[0] ; CLOCK_50   ;
; N/A   ; None         ; 15.816 ns  ; count[2] ; HEX3[6] ; CLOCK_50   ;
; N/A   ; None         ; 15.653 ns  ; count[1] ; HEX3[6] ; CLOCK_50   ;
; N/A   ; None         ; 15.192 ns  ; count[1] ; HEX3[1] ; CLOCK_50   ;
; N/A   ; None         ; 15.192 ns  ; count[1] ; HEX3[2] ; CLOCK_50   ;
; N/A   ; None         ; 14.134 ns  ; count[2] ; HEX3[5] ; CLOCK_50   ;
; N/A   ; None         ; 14.130 ns  ; count[0] ; HEX3[0] ; CLOCK_50   ;
; N/A   ; None         ; 14.025 ns  ; count[2] ; HEX3[4] ; CLOCK_50   ;
; N/A   ; None         ; 13.992 ns  ; count[1] ; HEX3[5] ; CLOCK_50   ;
; N/A   ; None         ; 13.883 ns  ; count[1] ; HEX3[4] ; CLOCK_50   ;
; N/A   ; None         ; 13.858 ns  ; count[0] ; HEX3[6] ; CLOCK_50   ;
; N/A   ; None         ; 13.387 ns  ; count[0] ; HEX3[1] ; CLOCK_50   ;
; N/A   ; None         ; 13.387 ns  ; count[0] ; HEX3[2] ; CLOCK_50   ;
; N/A   ; None         ; 12.886 ns  ; count[2] ; HEX5[3] ; CLOCK_50   ;
; N/A   ; None         ; 12.759 ns  ; count[1] ; HEX5[3] ; CLOCK_50   ;
; N/A   ; None         ; 12.586 ns  ; count[0] ; HEX6[1] ; CLOCK_50   ;
; N/A   ; None         ; 12.586 ns  ; count[0] ; HEX6[2] ; CLOCK_50   ;
; N/A   ; None         ; 12.543 ns  ; count[1] ; HEX6[1] ; CLOCK_50   ;
; N/A   ; None         ; 12.543 ns  ; count[1] ; HEX6[2] ; CLOCK_50   ;
; N/A   ; None         ; 12.344 ns  ; count[2] ; HEX7[6] ; CLOCK_50   ;
; N/A   ; None         ; 12.306 ns  ; count[2] ; HEX7[5] ; CLOCK_50   ;
; N/A   ; None         ; 12.215 ns  ; count[1] ; HEX7[5] ; CLOCK_50   ;
; N/A   ; None         ; 12.185 ns  ; count[1] ; HEX7[6] ; CLOCK_50   ;
; N/A   ; None         ; 12.177 ns  ; count[0] ; HEX3[5] ; CLOCK_50   ;
; N/A   ; None         ; 12.075 ns  ; count[2] ; HEX7[0] ; CLOCK_50   ;
; N/A   ; None         ; 12.068 ns  ; count[0] ; HEX3[4] ; CLOCK_50   ;
; N/A   ; None         ; 12.061 ns  ; count[2] ; HEX6[3] ; CLOCK_50   ;
; N/A   ; None         ; 12.032 ns  ; count[2] ; HEX6[4] ; CLOCK_50   ;
; N/A   ; None         ; 12.012 ns  ; count[2] ; HEX6[5] ; CLOCK_50   ;
; N/A   ; None         ; 11.993 ns  ; count[2] ; HEX7[4] ; CLOCK_50   ;
; N/A   ; None         ; 11.926 ns  ; count[1] ; HEX4[1] ; CLOCK_50   ;
; N/A   ; None         ; 11.926 ns  ; count[1] ; HEX4[2] ; CLOCK_50   ;
; N/A   ; None         ; 11.913 ns  ; count[1] ; HEX7[0] ; CLOCK_50   ;
; N/A   ; None         ; 11.909 ns  ; count[1] ; HEX0[2] ; CLOCK_50   ;
; N/A   ; None         ; 11.908 ns  ; count[1] ; HEX6[4] ; CLOCK_50   ;
; N/A   ; None         ; 11.905 ns  ; count[1] ; HEX6[3] ; CLOCK_50   ;
; N/A   ; None         ; 11.902 ns  ; count[1] ; HEX7[1] ; CLOCK_50   ;
; N/A   ; None         ; 11.902 ns  ; count[1] ; HEX7[4] ; CLOCK_50   ;
; N/A   ; None         ; 11.899 ns  ; count[1] ; HEX0[1] ; CLOCK_50   ;
; N/A   ; None         ; 11.888 ns  ; count[1] ; HEX6[5] ; CLOCK_50   ;
; N/A   ; None         ; 11.872 ns  ; count[1] ; HEX7[2] ; CLOCK_50   ;
; N/A   ; None         ; 11.827 ns  ; count[2] ; HEX4[3] ; CLOCK_50   ;
; N/A   ; None         ; 11.808 ns  ; count[2] ; HEX4[0] ; CLOCK_50   ;
; N/A   ; None         ; 11.803 ns  ; count[2] ; HEX5[0] ; CLOCK_50   ;
; N/A   ; None         ; 11.800 ns  ; count[2] ; HEX4[4] ; CLOCK_50   ;
; N/A   ; None         ; 11.800 ns  ; count[2] ; HEX4[5] ; CLOCK_50   ;
; N/A   ; None         ; 11.789 ns  ; count[2] ; HEX5[6] ; CLOCK_50   ;
; N/A   ; None         ; 11.776 ns  ; count[2] ; HEX6[0] ; CLOCK_50   ;
; N/A   ; None         ; 11.751 ns  ; count[2] ; HEX0[4] ; CLOCK_50   ;
; N/A   ; None         ; 11.741 ns  ; count[2] ; HEX0[5] ; CLOCK_50   ;
; N/A   ; None         ; 11.675 ns  ; count[1] ; HEX4[3] ; CLOCK_50   ;
; N/A   ; None         ; 11.668 ns  ; count[1] ; HEX4[4] ; CLOCK_50   ;
; N/A   ; None         ; 11.668 ns  ; count[1] ; HEX4[5] ; CLOCK_50   ;
; N/A   ; None         ; 11.662 ns  ; count[1] ; HEX5[0] ; CLOCK_50   ;
; N/A   ; None         ; 11.643 ns  ; count[1] ; HEX5[6] ; CLOCK_50   ;
; N/A   ; None         ; 11.640 ns  ; count[1] ; HEX4[0] ; CLOCK_50   ;
; N/A   ; None         ; 11.614 ns  ; count[1] ; HEX6[0] ; CLOCK_50   ;
; N/A   ; None         ; 11.591 ns  ; count[2] ; HEX0[0] ; CLOCK_50   ;
; N/A   ; None         ; 11.590 ns  ; count[0] ; HEX5[1] ; CLOCK_50   ;
; N/A   ; None         ; 11.590 ns  ; count[0] ; HEX5[2] ; CLOCK_50   ;
; N/A   ; None         ; 11.580 ns  ; count[0] ; HEX0[4] ; CLOCK_50   ;
; N/A   ; None         ; 11.570 ns  ; count[0] ; HEX0[5] ; CLOCK_50   ;
; N/A   ; None         ; 11.509 ns  ; count[2] ; HEX5[4] ; CLOCK_50   ;
; N/A   ; None         ; 11.509 ns  ; count[2] ; HEX5[5] ; CLOCK_50   ;
; N/A   ; None         ; 11.506 ns  ; count[1] ; HEX5[1] ; CLOCK_50   ;
; N/A   ; None         ; 11.506 ns  ; count[1] ; HEX5[2] ; CLOCK_50   ;
; N/A   ; None         ; 11.484 ns  ; count[1] ; HEX0[4] ; CLOCK_50   ;
; N/A   ; None         ; 11.474 ns  ; count[1] ; HEX0[5] ; CLOCK_50   ;
; N/A   ; None         ; 11.414 ns  ; count[0] ; HEX0[0] ; CLOCK_50   ;
; N/A   ; None         ; 11.347 ns  ; count[1] ; HEX5[4] ; CLOCK_50   ;
; N/A   ; None         ; 11.347 ns  ; count[1] ; HEX5[5] ; CLOCK_50   ;
; N/A   ; None         ; 11.317 ns  ; count[1] ; HEX0[0] ; CLOCK_50   ;
; N/A   ; None         ; 11.162 ns  ; count[2] ; HEX6[6] ; CLOCK_50   ;
; N/A   ; None         ; 11.037 ns  ; count[1] ; HEX6[6] ; CLOCK_50   ;
; N/A   ; None         ; 11.021 ns  ; count[2] ; HEX4[6] ; CLOCK_50   ;
; N/A   ; None         ; 11.009 ns  ; count[2] ; HEX0[6] ; CLOCK_50   ;
; N/A   ; None         ; 10.893 ns  ; count[1] ; HEX4[6] ; CLOCK_50   ;
; N/A   ; None         ; 10.877 ns  ; count[1] ; HEX0[6] ; CLOCK_50   ;
; N/A   ; None         ; 10.817 ns  ; count[0] ; HEX4[1] ; CLOCK_50   ;
; N/A   ; None         ; 10.817 ns  ; count[0] ; HEX4[2] ; CLOCK_50   ;
; N/A   ; None         ; 10.800 ns  ; count[0] ; HEX0[2] ; CLOCK_50   ;
; N/A   ; None         ; 10.790 ns  ; count[0] ; HEX0[1] ; CLOCK_50   ;
; N/A   ; None         ; 10.723 ns  ; count[2] ; HEX0[3] ; CLOCK_50   ;
; N/A   ; None         ; 10.532 ns  ; count[0] ; HEX0[3] ; CLOCK_50   ;
; N/A   ; None         ; 10.457 ns  ; count[1] ; HEX0[3] ; CLOCK_50   ;
; N/A   ; None         ; 10.386 ns  ; count[0] ; HEX7[6] ; CLOCK_50   ;
; N/A   ; None         ; 10.384 ns  ; count[0] ; HEX7[5] ; CLOCK_50   ;
; N/A   ; None         ; 10.116 ns  ; count[0] ; HEX7[0] ; CLOCK_50   ;
; N/A   ; None         ; 10.103 ns  ; count[0] ; HEX6[3] ; CLOCK_50   ;
; N/A   ; None         ; 10.097 ns  ; count[0] ; HEX7[1] ; CLOCK_50   ;
; N/A   ; None         ; 10.080 ns  ; count[0] ; HEX6[4] ; CLOCK_50   ;
; N/A   ; None         ; 10.077 ns  ; count[2] ; HEX7[3] ; CLOCK_50   ;
; N/A   ; None         ; 10.071 ns  ; count[0] ; HEX7[4] ; CLOCK_50   ;
; N/A   ; None         ; 10.067 ns  ; count[0] ; HEX7[2] ; CLOCK_50   ;
; N/A   ; None         ; 10.060 ns  ; count[0] ; HEX6[5] ; CLOCK_50   ;
; N/A   ; None         ; 9.893 ns   ; count[2] ; HEX1[5] ; CLOCK_50   ;
; N/A   ; None         ; 9.869 ns   ; count[0] ; HEX4[3] ; CLOCK_50   ;
; N/A   ; None         ; 9.851 ns   ; count[0] ; HEX4[0] ; CLOCK_50   ;
; N/A   ; None         ; 9.845 ns   ; count[0] ; HEX5[0] ; CLOCK_50   ;
; N/A   ; None         ; 9.842 ns   ; count[0] ; HEX4[4] ; CLOCK_50   ;
; N/A   ; None         ; 9.842 ns   ; count[0] ; HEX4[5] ; CLOCK_50   ;
; N/A   ; None         ; 9.831 ns   ; count[0] ; HEX5[6] ; CLOCK_50   ;
; N/A   ; None         ; 9.818 ns   ; count[0] ; HEX6[0] ; CLOCK_50   ;
; N/A   ; None         ; 9.742 ns   ; count[2] ; HEX1[0] ; CLOCK_50   ;
; N/A   ; None         ; 9.719 ns   ; count[0] ; HEX1[5] ; CLOCK_50   ;
; N/A   ; None         ; 9.622 ns   ; count[2] ; HEX1[4] ; CLOCK_50   ;
; N/A   ; None         ; 9.621 ns   ; count[2] ; HEX2[0] ; CLOCK_50   ;
; N/A   ; None         ; 9.620 ns   ; count[1] ; HEX1[5] ; CLOCK_50   ;
; N/A   ; None         ; 9.618 ns   ; count[2] ; HEX1[6] ; CLOCK_50   ;
; N/A   ; None         ; 9.594 ns   ; count[0] ; HEX1[1] ; CLOCK_50   ;
; N/A   ; None         ; 9.562 ns   ; count[0] ; HEX1[0] ; CLOCK_50   ;
; N/A   ; None         ; 9.550 ns   ; count[0] ; HEX5[4] ; CLOCK_50   ;
; N/A   ; None         ; 9.550 ns   ; count[0] ; HEX5[5] ; CLOCK_50   ;
; N/A   ; None         ; 9.510 ns   ; count[1] ; HEX1[1] ; CLOCK_50   ;
; N/A   ; None         ; 9.475 ns   ; count[1] ; HEX1[0] ; CLOCK_50   ;
; N/A   ; None         ; 9.448 ns   ; count[0] ; HEX1[4] ; CLOCK_50   ;
; N/A   ; None         ; 9.432 ns   ; count[0] ; HEX2[0] ; CLOCK_50   ;
; N/A   ; None         ; 9.425 ns   ; count[0] ; HEX1[6] ; CLOCK_50   ;
; N/A   ; None         ; 9.421 ns   ; count[0] ; HEX1[2] ; CLOCK_50   ;
; N/A   ; None         ; 9.408 ns   ; count[2] ; HEX1[3] ; CLOCK_50   ;
; N/A   ; None         ; 9.357 ns   ; count[0] ; HEX2[2] ; CLOCK_50   ;
; N/A   ; None         ; 9.355 ns   ; count[1] ; HEX2[0] ; CLOCK_50   ;
; N/A   ; None         ; 9.350 ns   ; count[1] ; HEX1[6] ; CLOCK_50   ;
; N/A   ; None         ; 9.349 ns   ; count[1] ; HEX1[4] ; CLOCK_50   ;
; N/A   ; None         ; 9.337 ns   ; count[1] ; HEX1[2] ; CLOCK_50   ;
; N/A   ; None         ; 9.333 ns   ; count[2] ; HEX2[4] ; CLOCK_50   ;
; N/A   ; None         ; 9.333 ns   ; count[2] ; HEX2[5] ; CLOCK_50   ;
; N/A   ; None         ; 9.317 ns   ; count[0] ; HEX2[1] ; CLOCK_50   ;
; N/A   ; None         ; 9.314 ns   ; count[1] ; HEX2[2] ; CLOCK_50   ;
; N/A   ; None         ; 9.283 ns   ; count[1] ; HEX1[3] ; CLOCK_50   ;
; N/A   ; None         ; 9.274 ns   ; count[1] ; HEX2[1] ; CLOCK_50   ;
; N/A   ; None         ; 9.198 ns   ; count[2] ; HEX2[6] ; CLOCK_50   ;
; N/A   ; None         ; 9.149 ns   ; count[0] ; HEX2[4] ; CLOCK_50   ;
; N/A   ; None         ; 9.149 ns   ; count[0] ; HEX2[5] ; CLOCK_50   ;
; N/A   ; None         ; 9.076 ns   ; count[1] ; HEX2[6] ; CLOCK_50   ;
; N/A   ; None         ; 9.066 ns   ; count[1] ; HEX2[4] ; CLOCK_50   ;
; N/A   ; None         ; 9.066 ns   ; count[1] ; HEX2[5] ; CLOCK_50   ;
; N/A   ; None         ; 9.044 ns   ; count[0] ; HEX2[3] ; CLOCK_50   ;
; N/A   ; None         ; 8.765 ns   ; count[1] ; HEX2[3] ; CLOCK_50   ;
; N/A   ; None         ; 8.623 ns   ; count[2] ; HEX2[3] ; CLOCK_50   ;
; N/A   ; None         ; 8.286 ns   ; count[2] ; HEX3[3] ; CLOCK_50   ;
+-------+--------------+------------+----------+---------+------------+


+--------------------------+
; Timing Analyzer Messages ;
+--------------------------+
Info: *******************************************************************
Info: Running Quartus II Classic Timing Analyzer
    Info: Version 9.0 Build 235 06/17/2009 Service Pack 2 SJ Web Edition
    Info: Processing started: Mon Dec 10 23:58:51 2018
Info: Command: quartus_tan --read_settings_files=off --write_settings_files=off part5 -c part5 --timing_analysis_only
Info: Parallel compilation is enabled and will use 2 of the 2 processors detected
Warning: Found pins functioning as undefined clocks and/or memory enables
    Info: Assuming node "CLOCK_50" is an undefined clock
Info: Clock "CLOCK_50" has Internal fmax of 252.33 MHz between source register "countsec[0]" and destination register "countsec[21]" (period= 3.963 ns)
    Info: + Longest register to register delay is 3.740 ns
        Info: 1: + IC(0.000 ns) + CELL(0.000 ns) = 0.000 ns; Loc. = LCFF_X59_Y29_N7; Fanout = 3; REG Node = 'countsec[0]'
        Info: 2: + IC(0.336 ns) + CELL(0.414 ns) = 0.750 ns; Loc. = LCCOMB_X59_Y29_N6; Fanout = 2; COMB Node = 'Add1~1'
        Info: 3: + IC(0.000 ns) + CELL(0.071 ns) = 0.821 ns; Loc. = LCCOMB_X59_Y29_N8; Fanout = 2; COMB Node = 'Add1~3'
        Info: 4: + IC(0.000 ns) + CELL(0.071 ns) = 0.892 ns; Loc. = LCCOMB_X59_Y29_N10; Fanout = 2; COMB Node = 'Add1~5'
        Info: 5: + IC(0.000 ns) + CELL(0.071 ns) = 0.963 ns; Loc. = LCCOMB_X59_Y29_N12; Fanout = 2; COMB Node = 'Add1~7'
        Info: 6: + IC(0.000 ns) + CELL(0.159 ns) = 1.122 ns; Loc. = LCCOMB_X59_Y29_N14; Fanout = 2; COMB Node = 'Add1~9'
        Info: 7: + IC(0.000 ns) + CELL(0.071 ns) = 1.193 ns; Loc. = LCCOMB_X59_Y29_N16; Fanout = 2; COMB Node = 'Add1~11'
        Info: 8: + IC(0.000 ns) + CELL(0.071 ns) = 1.264 ns; Loc. = LCCOMB_X59_Y29_N18; Fanout = 2; COMB Node = 'Add1~13'
        Info: 9: + IC(0.000 ns) + CELL(0.071 ns) = 1.335 ns; Loc. = LCCOMB_X59_Y29_N20; Fanout = 2; COMB Node = 'Add1~15'
        Info: 10: + IC(0.000 ns) + CELL(0.071 ns) = 1.406 ns; Loc. = LCCOMB_X59_Y29_N22; Fanout = 2; COMB Node = 'Add1~17'
        Info: 11: + IC(0.000 ns) + CELL(0.071 ns) = 1.477 ns; Loc. = LCCOMB_X59_Y29_N24; Fanout = 2; COMB Node = 'Add1~19'
        Info: 12: + IC(0.000 ns) + CELL(0.071 ns) = 1.548 ns; Loc. = LCCOMB_X59_Y29_N26; Fanout = 2; COMB Node = 'Add1~21'
        Info: 13: + IC(0.000 ns) + CELL(0.071 ns) = 1.619 ns; Loc. = LCCOMB_X59_Y29_N28; Fanout = 2; COMB Node = 'Add1~23'
        Info: 14: + IC(0.000 ns) + CELL(0.146 ns) = 1.765 ns; Loc. = LCCOMB_X59_Y29_N30; Fanout = 2; COMB Node = 'Add1~25'
        Info: 15: + IC(0.000 ns) + CELL(0.071 ns) = 1.836 ns; Loc. = LCCOMB_X59_Y28_N0; Fanout = 2; COMB Node = 'Add1~27'
        Info: 16: + IC(0.000 ns) + CELL(0.071 ns) = 1.907 ns; Loc. = LCCOMB_X59_Y28_N2; Fanout = 2; COMB Node = 'Add1~29'
        Info: 17: + IC(0.000 ns) + CELL(0.071 ns) = 1.978 ns; Loc. = LCCOMB_X59_Y28_N4; Fanout = 2; COMB Node = 'Add1~31'
        Info: 18: + IC(0.000 ns) + CELL(0.071 ns) = 2.049 ns; Loc. = LCCOMB_X59_Y28_N6; Fanout = 2; COMB Node = 'Add1~33'
        Info: 19: + IC(0.000 ns) + CELL(0.071 ns) = 2.120 ns; Loc. = LCCOMB_X59_Y28_N8; Fanout = 2; COMB Node = 'Add1~35'
        Info: 20: + IC(0.000 ns) + CELL(0.071 ns) = 2.191 ns; Loc. = LCCOMB_X59_Y28_N10; Fanout = 2; COMB Node = 'Add1~37'
        Info: 21: + IC(0.000 ns) + CELL(0.071 ns) = 2.262 ns; Loc. = LCCOMB_X59_Y28_N12; Fanout = 2; COMB Node = 'Add1~39'
        Info: 22: + IC(0.000 ns) + CELL(0.159 ns) = 2.421 ns; Loc. = LCCOMB_X59_Y28_N14; Fanout = 2; COMB Node = 'Add1~41'
        Info: 23: + IC(0.000 ns) + CELL(0.410 ns) = 2.831 ns; Loc. = LCCOMB_X59_Y28_N16; Fanout = 1; COMB Node = 'Add1~42'
        Info: 24: + IC(0.675 ns) + CELL(0.150 ns) = 3.656 ns; Loc. = LCCOMB_X58_Y28_N26; Fanout = 1; COMB Node = 'countsec~34'
        Info: 25: + IC(0.000 ns) + CELL(0.084 ns) = 3.740 ns; Loc. = LCFF_X58_Y28_N27; Fanout = 3; REG Node = 'countsec[21]'
        Info: Total cell delay = 2.729 ns ( 72.97 % )
        Info: Total interconnect delay = 1.011 ns ( 27.03 % )
    Info: - Smallest clock skew is -0.009 ns
        Info: + Shortest clock path from clock "CLOCK_50" to destination register is 2.657 ns
            Info: 1: + IC(0.000 ns) + CELL(0.999 ns) = 0.999 ns; Loc. = PIN_N2; Fanout = 1; CLK Node = 'CLOCK_50'
            Info: 2: + IC(0.118 ns) + CELL(0.000 ns) = 1.117 ns; Loc. = CLKCTRL_G2; Fanout = 29; COMB Node = 'CLOCK_50~clkctrl'
            Info: 3: + IC(1.003 ns) + CELL(0.537 ns) = 2.657 ns; Loc. = LCFF_X58_Y28_N27; Fanout = 3; REG Node = 'countsec[21]'
            Info: Total cell delay = 1.536 ns ( 57.81 % )
            Info: Total interconnect delay = 1.121 ns ( 42.19 % )
        Info: - Longest clock path from clock "CLOCK_50" to source register is 2.666 ns
            Info: 1: + IC(0.000 ns) + CELL(0.999 ns) = 0.999 ns; Loc. = PIN_N2; Fanout = 1; CLK Node = 'CLOCK_50'
            Info: 2: + IC(0.118 ns) + CELL(0.000 ns) = 1.117 ns; Loc. = CLKCTRL_G2; Fanout = 29; COMB Node = 'CLOCK_50~clkctrl'
            Info: 3: + IC(1.012 ns) + CELL(0.537 ns) = 2.666 ns; Loc. = LCFF_X59_Y29_N7; Fanout = 3; REG Node = 'countsec[0]'
            Info: Total cell delay = 1.536 ns ( 57.61 % )
            Info: Total interconnect delay = 1.130 ns ( 42.39 % )
    Info: + Micro clock to output delay of source is 0.250 ns
    Info: + Micro setup delay of destination is -0.036 ns
Info: tco from clock "CLOCK_50" to destination pin "HEX3[0]" through register "count[2]" is 16.087 ns
    Info: + Longest clock path from clock "CLOCK_50" to source register is 2.657 ns
        Info: 1: + IC(0.000 ns) + CELL(0.999 ns) = 0.999 ns; Loc. = PIN_N2; Fanout = 1; CLK Node = 'CLOCK_50'
        Info: 2: + IC(0.118 ns) + CELL(0.000 ns) = 1.117 ns; Loc. = CLKCTRL_G2; Fanout = 29; COMB Node = 'CLOCK_50~clkctrl'
        Info: 3: + IC(1.003 ns) + CELL(0.537 ns) = 2.657 ns; Loc. = LCFF_X58_Y28_N17; Fanout = 32; REG Node = 'count[2]'
        Info: Total cell delay = 1.536 ns ( 57.81 % )
        Info: Total interconnect delay = 1.121 ns ( 42.19 % )
    Info: + Micro clock to output delay of source is 0.250 ns
    Info: + Longest register to pin delay is 13.180 ns
        Info: 1: + IC(0.000 ns) + CELL(0.000 ns) = 0.000 ns; Loc. = LCFF_X58_Y28_N17; Fanout = 32; REG Node = 'count[2]'
        Info: 2: + IC(5.061 ns) + CELL(0.438 ns) = 5.499 ns; Loc. = LCCOMB_X1_Y16_N22; Fanout = 1; COMB Node = 'HEX3~16'
        Info: 3: + IC(5.049 ns) + CELL(2.632 ns) = 13.180 ns; Loc. = PIN_Y23; Fanout = 0; PIN Node = 'HEX3[0]'
        Info: Total cell delay = 3.070 ns ( 23.29 % )
        Info: Total interconnect delay = 10.110 ns ( 76.71 % )
Info: Quartus II Classic Timing Analyzer was successful. 0 errors, 1 warning
    Info: Peak virtual memory: 253 megabytes
    Info: Processing ended: Mon Dec 10 23:58:52 2018
    Info: Elapsed time: 00:00:01
    Info: Total CPU time (on all processors): 00:00:00


