Classic Timing Analyzer report for part3
Sun Dec 09 16:44:32 2018
Quartus II Version 9.0 Build 235 06/17/2009 Service Pack 2 SJ Web Edition


---------------------
; Table of Contents ;
---------------------
  1. Legal Notice
  2. Timing Analyzer Summary
  3. Timing Analyzer Settings
  4. Clock Settings Summary
  5. Parallel Compilation
  6. Clock Setup: 'Clk'
  7. tsu
  8. tco
  9. th
 10. Timing Analyzer Messages



----------------
; Legal Notice ;
----------------
Copyright (C) 1991-2009 Altera Corporation
Your use of Altera Corporation's design tools, logic functions 
and other software and tools, and its AMPP partner logic 
functions, and any output files from any of the foregoing 
(including device programming or simulation files), and any 
associated documentation or information are expressly subject 
to the terms and conditions of the Altera Program License 
Subscription Agreement, Altera MegaCore Function License 
Agreement, or other applicable license agreement, including, 
without limitation, that your use is for the sole purpose of 
programming logic devices manufactured by Altera and sold by 
Altera or its authorized distributors.  Please refer to the 
applicable agreement for further details.



+-----------------------------------------------------------------------------------------------------------------------------------------------------------------------------------------------------------------------------------------------------------------------------------------------------------------+
; Timing Analyzer Summary                                                                                                                                                                                                                                                                                         ;
+------------------------------+-------+---------------+----------------------------------+---------------------------------------------------------------------------------------+----------------------------------------------------------------------------------------+------------+----------+--------------+
; Type                         ; Slack ; Required Time ; Actual Time                      ; From                                                                                  ; To                                                                                     ; From Clock ; To Clock ; Failed Paths ;
+------------------------------+-------+---------------+----------------------------------+---------------------------------------------------------------------------------------+----------------------------------------------------------------------------------------+------------+----------+--------------+
; Worst-case tsu               ; N/A   ; None          ; 0.633 ns                         ; Clr                                                                                   ; counter16:counter|lpm_counter:lpm_counter_component|cntr_mpi:auto_generated|safe_q[15] ; --         ; Clk      ; 0            ;
; Worst-case tco               ; N/A   ; None          ; 9.305 ns                         ; counter16:counter|lpm_counter:lpm_counter_component|cntr_mpi:auto_generated|safe_q[8] ; Q[8]                                                                                   ; Clk        ; --       ; 0            ;
; Worst-case th                ; N/A   ; None          ; 0.480 ns                         ; Clr                                                                                   ; counter16:counter|lpm_counter:lpm_counter_component|cntr_mpi:auto_generated|safe_q[15] ; --         ; Clk      ; 0            ;
; Clock Setup: 'Clk'           ; N/A   ; None          ; 401.61 MHz ( period = 2.490 ns ) ; counter16:counter|lpm_counter:lpm_counter_component|cntr_mpi:auto_generated|safe_q[0] ; counter16:counter|lpm_counter:lpm_counter_component|cntr_mpi:auto_generated|safe_q[15] ; Clk        ; Clk      ; 0            ;
; Total number of failed paths ;       ;               ;                                  ;                                                                                       ;                                                                                        ;            ;          ; 0            ;
+------------------------------+-------+---------------+----------------------------------+---------------------------------------------------------------------------------------+----------------------------------------------------------------------------------------+------------+----------+--------------+


+--------------------------------------------------------------------------------------------------------------------+
; Timing Analyzer Settings                                                                                           ;
+---------------------------------------------------------------------+--------------------+------+----+-------------+
; Option                                                              ; Setting            ; From ; To ; Entity Name ;
+---------------------------------------------------------------------+--------------------+------+----+-------------+
; Device Name                                                         ; EP2C35F672C6       ;      ;    ;             ;
; Timing Models                                                       ; Final              ;      ;    ;             ;
; Default hold multicycle                                             ; Same as Multicycle ;      ;    ;             ;
; Cut paths between unrelated clock domains                           ; On                 ;      ;    ;             ;
; Cut off read during write signal paths                              ; On                 ;      ;    ;             ;
; Cut off feedback from I/O pins                                      ; On                 ;      ;    ;             ;
; Report Combined Fast/Slow Timing                                    ; Off                ;      ;    ;             ;
; Ignore Clock Settings                                               ; Off                ;      ;    ;             ;
; Analyze latches as synchronous elements                             ; On                 ;      ;    ;             ;
; Enable Recovery/Removal analysis                                    ; Off                ;      ;    ;             ;
; Enable Clock Latency                                                ; Off                ;      ;    ;             ;
; Use TimeQuest Timing Analyzer                                       ; Off                ;      ;    ;             ;
; Minimum Core Junction Temperature                                   ; 0                  ;      ;    ;             ;
; Maximum Core Junction Temperature                                   ; 85                 ;      ;    ;             ;
; Number of source nodes to report per destination node               ; 10                 ;      ;    ;             ;
; Number of destination nodes to report                               ; 10                 ;      ;    ;             ;
; Number of paths to report                                           ; 200                ;      ;    ;             ;
; Report Minimum Timing Checks                                        ; Off                ;      ;    ;             ;
; Use Fast Timing Models                                              ; Off                ;      ;    ;             ;
; Report IO Paths Separately                                          ; Off                ;      ;    ;             ;
; Perform Multicorner Analysis                                        ; On                 ;      ;    ;             ;
; Reports the worst-case path for each clock domain and analysis      ; Off                ;      ;    ;             ;
; Removes common clock path pessimism (CCPP) during slack computation ; Off                ;      ;    ;             ;
; Output I/O Timing Endpoint                                          ; Near End           ;      ;    ;             ;
+---------------------------------------------------------------------+--------------------+------+----+-------------+


+------------------------------------------------------------------------------------------------------------------------------------------------------------------------------------+
; Clock Settings Summary                                                                                                                                                             ;
+-----------------+--------------------+----------+------------------+---------------+--------------+----------+-----------------------+---------------------+--------+--------------+
; Clock Node Name ; Clock Setting Name ; Type     ; Fmax Requirement ; Early Latency ; Late Latency ; Based on ; Multiply Base Fmax by ; Divide Base Fmax by ; Offset ; Phase offset ;
+-----------------+--------------------+----------+------------------+---------------+--------------+----------+-----------------------+---------------------+--------+--------------+
; Clk             ;                    ; User Pin ; None             ; 0.000 ns      ; 0.000 ns     ; --       ; N/A                   ; N/A                 ; N/A    ;              ;
+-----------------+--------------------+----------+------------------+---------------+--------------+----------+-----------------------+---------------------+--------+--------------+


+------------------------------------------+
; Parallel Compilation                     ;
+----------------------------+-------------+
; Processors                 ; Number      ;
+----------------------------+-------------+
; Number detected on machine ; 2           ;
; Maximum allowed            ; 2           ;
;                            ;             ;
; Average used               ; 1.00        ;
; Maximum used               ; 1           ;
;                            ;             ;
; Usage by Processor         ; % Time Used ;
;     1 processor            ; 100.0%      ;
;     2 processors           ;   0.0%      ;
+----------------------------+-------------+


+------------------------------------------------------------------------------------------------------------------------------------------------------------------------------------------------------------------------------------------------------------------------------------------------------------------------------------------------------+
; Clock Setup: 'Clk'                                                                                                                                                                                                                                                                                                                                   ;
+-------+------------------------------------------------+----------------------------------------------------------------------------------------+----------------------------------------------------------------------------------------+------------+----------+-----------------------------+---------------------------+-------------------------+
; Slack ; Actual fmax (period)                           ; From                                                                                   ; To                                                                                     ; From Clock ; To Clock ; Required Setup Relationship ; Required Longest P2P Time ; Actual Longest P2P Time ;
+-------+------------------------------------------------+----------------------------------------------------------------------------------------+----------------------------------------------------------------------------------------+------------+----------+-----------------------------+---------------------------+-------------------------+
; N/A   ; 401.61 MHz ( period = 2.490 ns )               ; counter16:counter|lpm_counter:lpm_counter_component|cntr_mpi:auto_generated|safe_q[0]  ; counter16:counter|lpm_counter:lpm_counter_component|cntr_mpi:auto_generated|safe_q[15] ; Clk        ; Clk      ; None                        ; None                      ; 2.276 ns                ;
; N/A   ; 411.69 MHz ( period = 2.429 ns )               ; counter16:counter|lpm_counter:lpm_counter_component|cntr_mpi:auto_generated|safe_q[1]  ; counter16:counter|lpm_counter:lpm_counter_component|cntr_mpi:auto_generated|safe_q[15] ; Clk        ; Clk      ; None                        ; None                      ; 2.215 ns                ;
; N/A   ; 413.39 MHz ( period = 2.419 ns )               ; counter16:counter|lpm_counter:lpm_counter_component|cntr_mpi:auto_generated|safe_q[0]  ; counter16:counter|lpm_counter:lpm_counter_component|cntr_mpi:auto_generated|safe_q[14] ; Clk        ; Clk      ; None                        ; None                      ; 2.205 ns                ;
; N/A   ; Restricted to 420.17 MHz ( period = 2.380 ns ) ; counter16:counter|lpm_counter:lpm_counter_component|cntr_mpi:auto_generated|safe_q[2]  ; counter16:counter|lpm_counter:lpm_counter_component|cntr_mpi:auto_generated|safe_q[15] ; Clk        ; Clk      ; None                        ; None                      ; 2.145 ns                ;
; N/A   ; Restricted to 420.17 MHz ( period = 2.380 ns ) ; counter16:counter|lpm_counter:lpm_counter_component|cntr_mpi:auto_generated|safe_q[1]  ; counter16:counter|lpm_counter:lpm_counter_component|cntr_mpi:auto_generated|safe_q[14] ; Clk        ; Clk      ; None                        ; None                      ; 2.144 ns                ;
; N/A   ; Restricted to 420.17 MHz ( period = 2.380 ns ) ; counter16:counter|lpm_counter:lpm_counter_component|cntr_mpi:auto_generated|safe_q[0]  ; counter16:counter|lpm_counter:lpm_counter_component|cntr_mpi:auto_generated|safe_q[13] ; Clk        ; Clk      ; None                        ; None                      ; 2.134 ns                ;
; N/A   ; Restricted to 420.17 MHz ( period = 2.380 ns ) ; counter16:counter|lpm_counter:lpm_counter_component|cntr_mpi:auto_generated|safe_q[3]  ; counter16:counter|lpm_counter:lpm_counter_component|cntr_mpi:auto_generated|safe_q[15] ; Clk        ; Clk      ; None                        ; None                      ; 2.109 ns                ;
; N/A   ; Restricted to 420.17 MHz ( period = 2.380 ns ) ; counter16:counter|lpm_counter:lpm_counter_component|cntr_mpi:auto_generated|safe_q[2]  ; counter16:counter|lpm_counter:lpm_counter_component|cntr_mpi:auto_generated|safe_q[14] ; Clk        ; Clk      ; None                        ; None                      ; 2.074 ns                ;
; N/A   ; Restricted to 420.17 MHz ( period = 2.380 ns ) ; counter16:counter|lpm_counter:lpm_counter_component|cntr_mpi:auto_generated|safe_q[1]  ; counter16:counter|lpm_counter:lpm_counter_component|cntr_mpi:auto_generated|safe_q[13] ; Clk        ; Clk      ; None                        ; None                      ; 2.073 ns                ;
; N/A   ; Restricted to 420.17 MHz ( period = 2.380 ns ) ; counter16:counter|lpm_counter:lpm_counter_component|cntr_mpi:auto_generated|safe_q[0]  ; counter16:counter|lpm_counter:lpm_counter_component|cntr_mpi:auto_generated|safe_q[12] ; Clk        ; Clk      ; None                        ; None                      ; 2.063 ns                ;
; N/A   ; Restricted to 420.17 MHz ( period = 2.380 ns ) ; counter16:counter|lpm_counter:lpm_counter_component|cntr_mpi:auto_generated|safe_q[3]  ; counter16:counter|lpm_counter:lpm_counter_component|cntr_mpi:auto_generated|safe_q[14] ; Clk        ; Clk      ; None                        ; None                      ; 2.038 ns                ;
; N/A   ; Restricted to 420.17 MHz ( period = 2.380 ns ) ; counter16:counter|lpm_counter:lpm_counter_component|cntr_mpi:auto_generated|safe_q[2]  ; counter16:counter|lpm_counter:lpm_counter_component|cntr_mpi:auto_generated|safe_q[13] ; Clk        ; Clk      ; None                        ; None                      ; 2.003 ns                ;
; N/A   ; Restricted to 420.17 MHz ( period = 2.380 ns ) ; counter16:counter|lpm_counter:lpm_counter_component|cntr_mpi:auto_generated|safe_q[4]  ; counter16:counter|lpm_counter:lpm_counter_component|cntr_mpi:auto_generated|safe_q[15] ; Clk        ; Clk      ; None                        ; None                      ; 2.003 ns                ;
; N/A   ; Restricted to 420.17 MHz ( period = 2.380 ns ) ; counter16:counter|lpm_counter:lpm_counter_component|cntr_mpi:auto_generated|safe_q[1]  ; counter16:counter|lpm_counter:lpm_counter_component|cntr_mpi:auto_generated|safe_q[12] ; Clk        ; Clk      ; None                        ; None                      ; 2.002 ns                ;
; N/A   ; Restricted to 420.17 MHz ( period = 2.380 ns ) ; counter16:counter|lpm_counter:lpm_counter_component|cntr_mpi:auto_generated|safe_q[0]  ; counter16:counter|lpm_counter:lpm_counter_component|cntr_mpi:auto_generated|safe_q[11] ; Clk        ; Clk      ; None                        ; None                      ; 1.992 ns                ;
; N/A   ; Restricted to 420.17 MHz ( period = 2.380 ns ) ; counter16:counter|lpm_counter:lpm_counter_component|cntr_mpi:auto_generated|safe_q[5]  ; counter16:counter|lpm_counter:lpm_counter_component|cntr_mpi:auto_generated|safe_q[15] ; Clk        ; Clk      ; None                        ; None                      ; 1.968 ns                ;
; N/A   ; Restricted to 420.17 MHz ( period = 2.380 ns ) ; counter16:counter|lpm_counter:lpm_counter_component|cntr_mpi:auto_generated|safe_q[3]  ; counter16:counter|lpm_counter:lpm_counter_component|cntr_mpi:auto_generated|safe_q[13] ; Clk        ; Clk      ; None                        ; None                      ; 1.967 ns                ;
; N/A   ; Restricted to 420.17 MHz ( period = 2.380 ns ) ; counter16:counter|lpm_counter:lpm_counter_component|cntr_mpi:auto_generated|safe_q[2]  ; counter16:counter|lpm_counter:lpm_counter_component|cntr_mpi:auto_generated|safe_q[12] ; Clk        ; Clk      ; None                        ; None                      ; 1.932 ns                ;
; N/A   ; Restricted to 420.17 MHz ( period = 2.380 ns ) ; counter16:counter|lpm_counter:lpm_counter_component|cntr_mpi:auto_generated|safe_q[4]  ; counter16:counter|lpm_counter:lpm_counter_component|cntr_mpi:auto_generated|safe_q[14] ; Clk        ; Clk      ; None                        ; None                      ; 1.932 ns                ;
; N/A   ; Restricted to 420.17 MHz ( period = 2.380 ns ) ; counter16:counter|lpm_counter:lpm_counter_component|cntr_mpi:auto_generated|safe_q[1]  ; counter16:counter|lpm_counter:lpm_counter_component|cntr_mpi:auto_generated|safe_q[11] ; Clk        ; Clk      ; None                        ; None                      ; 1.931 ns                ;
; N/A   ; Restricted to 420.17 MHz ( period = 2.380 ns ) ; counter16:counter|lpm_counter:lpm_counter_component|cntr_mpi:auto_generated|safe_q[0]  ; counter16:counter|lpm_counter:lpm_counter_component|cntr_mpi:auto_generated|safe_q[10] ; Clk        ; Clk      ; None                        ; None                      ; 1.921 ns                ;
; N/A   ; Restricted to 420.17 MHz ( period = 2.380 ns ) ; counter16:counter|lpm_counter:lpm_counter_component|cntr_mpi:auto_generated|safe_q[5]  ; counter16:counter|lpm_counter:lpm_counter_component|cntr_mpi:auto_generated|safe_q[14] ; Clk        ; Clk      ; None                        ; None                      ; 1.897 ns                ;
; N/A   ; Restricted to 420.17 MHz ( period = 2.380 ns ) ; counter16:counter|lpm_counter:lpm_counter_component|cntr_mpi:auto_generated|safe_q[6]  ; counter16:counter|lpm_counter:lpm_counter_component|cntr_mpi:auto_generated|safe_q[15] ; Clk        ; Clk      ; None                        ; None                      ; 1.897 ns                ;
; N/A   ; Restricted to 420.17 MHz ( period = 2.380 ns ) ; counter16:counter|lpm_counter:lpm_counter_component|cntr_mpi:auto_generated|safe_q[3]  ; counter16:counter|lpm_counter:lpm_counter_component|cntr_mpi:auto_generated|safe_q[12] ; Clk        ; Clk      ; None                        ; None                      ; 1.896 ns                ;
; N/A   ; Restricted to 420.17 MHz ( period = 2.380 ns ) ; counter16:counter|lpm_counter:lpm_counter_component|cntr_mpi:auto_generated|safe_q[2]  ; counter16:counter|lpm_counter:lpm_counter_component|cntr_mpi:auto_generated|safe_q[11] ; Clk        ; Clk      ; None                        ; None                      ; 1.861 ns                ;
; N/A   ; Restricted to 420.17 MHz ( period = 2.380 ns ) ; counter16:counter|lpm_counter:lpm_counter_component|cntr_mpi:auto_generated|safe_q[4]  ; counter16:counter|lpm_counter:lpm_counter_component|cntr_mpi:auto_generated|safe_q[13] ; Clk        ; Clk      ; None                        ; None                      ; 1.861 ns                ;
; N/A   ; Restricted to 420.17 MHz ( period = 2.380 ns ) ; counter16:counter|lpm_counter:lpm_counter_component|cntr_mpi:auto_generated|safe_q[1]  ; counter16:counter|lpm_counter:lpm_counter_component|cntr_mpi:auto_generated|safe_q[10] ; Clk        ; Clk      ; None                        ; None                      ; 1.860 ns                ;
; N/A   ; Restricted to 420.17 MHz ( period = 2.380 ns ) ; counter16:counter|lpm_counter:lpm_counter_component|cntr_mpi:auto_generated|safe_q[0]  ; counter16:counter|lpm_counter:lpm_counter_component|cntr_mpi:auto_generated|safe_q[9]  ; Clk        ; Clk      ; None                        ; None                      ; 1.850 ns                ;
; N/A   ; Restricted to 420.17 MHz ( period = 2.380 ns ) ; counter16:counter|lpm_counter:lpm_counter_component|cntr_mpi:auto_generated|safe_q[5]  ; counter16:counter|lpm_counter:lpm_counter_component|cntr_mpi:auto_generated|safe_q[13] ; Clk        ; Clk      ; None                        ; None                      ; 1.826 ns                ;
; N/A   ; Restricted to 420.17 MHz ( period = 2.380 ns ) ; counter16:counter|lpm_counter:lpm_counter_component|cntr_mpi:auto_generated|safe_q[6]  ; counter16:counter|lpm_counter:lpm_counter_component|cntr_mpi:auto_generated|safe_q[14] ; Clk        ; Clk      ; None                        ; None                      ; 1.826 ns                ;
; N/A   ; Restricted to 420.17 MHz ( period = 2.380 ns ) ; counter16:counter|lpm_counter:lpm_counter_component|cntr_mpi:auto_generated|safe_q[3]  ; counter16:counter|lpm_counter:lpm_counter_component|cntr_mpi:auto_generated|safe_q[11] ; Clk        ; Clk      ; None                        ; None                      ; 1.825 ns                ;
; N/A   ; Restricted to 420.17 MHz ( period = 2.380 ns ) ; counter16:counter|lpm_counter:lpm_counter_component|cntr_mpi:auto_generated|safe_q[7]  ; counter16:counter|lpm_counter:lpm_counter_component|cntr_mpi:auto_generated|safe_q[15] ; Clk        ; Clk      ; None                        ; None                      ; 1.794 ns                ;
; N/A   ; Restricted to 420.17 MHz ( period = 2.380 ns ) ; counter16:counter|lpm_counter:lpm_counter_component|cntr_mpi:auto_generated|safe_q[2]  ; counter16:counter|lpm_counter:lpm_counter_component|cntr_mpi:auto_generated|safe_q[10] ; Clk        ; Clk      ; None                        ; None                      ; 1.790 ns                ;
; N/A   ; Restricted to 420.17 MHz ( period = 2.380 ns ) ; counter16:counter|lpm_counter:lpm_counter_component|cntr_mpi:auto_generated|safe_q[4]  ; counter16:counter|lpm_counter:lpm_counter_component|cntr_mpi:auto_generated|safe_q[12] ; Clk        ; Clk      ; None                        ; None                      ; 1.790 ns                ;
; N/A   ; Restricted to 420.17 MHz ( period = 2.380 ns ) ; counter16:counter|lpm_counter:lpm_counter_component|cntr_mpi:auto_generated|safe_q[1]  ; counter16:counter|lpm_counter:lpm_counter_component|cntr_mpi:auto_generated|safe_q[9]  ; Clk        ; Clk      ; None                        ; None                      ; 1.789 ns                ;
; N/A   ; Restricted to 420.17 MHz ( period = 2.380 ns ) ; counter16:counter|lpm_counter:lpm_counter_component|cntr_mpi:auto_generated|safe_q[0]  ; counter16:counter|lpm_counter:lpm_counter_component|cntr_mpi:auto_generated|safe_q[8]  ; Clk        ; Clk      ; None                        ; None                      ; 1.779 ns                ;
; N/A   ; Restricted to 420.17 MHz ( period = 2.380 ns ) ; counter16:counter|lpm_counter:lpm_counter_component|cntr_mpi:auto_generated|safe_q[5]  ; counter16:counter|lpm_counter:lpm_counter_component|cntr_mpi:auto_generated|safe_q[12] ; Clk        ; Clk      ; None                        ; None                      ; 1.755 ns                ;
; N/A   ; Restricted to 420.17 MHz ( period = 2.380 ns ) ; counter16:counter|lpm_counter:lpm_counter_component|cntr_mpi:auto_generated|safe_q[6]  ; counter16:counter|lpm_counter:lpm_counter_component|cntr_mpi:auto_generated|safe_q[13] ; Clk        ; Clk      ; None                        ; None                      ; 1.755 ns                ;
; N/A   ; Restricted to 420.17 MHz ( period = 2.380 ns ) ; counter16:counter|lpm_counter:lpm_counter_component|cntr_mpi:auto_generated|safe_q[3]  ; counter16:counter|lpm_counter:lpm_counter_component|cntr_mpi:auto_generated|safe_q[10] ; Clk        ; Clk      ; None                        ; None                      ; 1.754 ns                ;
; N/A   ; Restricted to 420.17 MHz ( period = 2.380 ns ) ; counter16:counter|lpm_counter:lpm_counter_component|cntr_mpi:auto_generated|safe_q[7]  ; counter16:counter|lpm_counter:lpm_counter_component|cntr_mpi:auto_generated|safe_q[14] ; Clk        ; Clk      ; None                        ; None                      ; 1.723 ns                ;
; N/A   ; Restricted to 420.17 MHz ( period = 2.380 ns ) ; counter16:counter|lpm_counter:lpm_counter_component|cntr_mpi:auto_generated|safe_q[2]  ; counter16:counter|lpm_counter:lpm_counter_component|cntr_mpi:auto_generated|safe_q[9]  ; Clk        ; Clk      ; None                        ; None                      ; 1.719 ns                ;
; N/A   ; Restricted to 420.17 MHz ( period = 2.380 ns ) ; counter16:counter|lpm_counter:lpm_counter_component|cntr_mpi:auto_generated|safe_q[4]  ; counter16:counter|lpm_counter:lpm_counter_component|cntr_mpi:auto_generated|safe_q[11] ; Clk        ; Clk      ; None                        ; None                      ; 1.719 ns                ;
; N/A   ; Restricted to 420.17 MHz ( period = 2.380 ns ) ; counter16:counter|lpm_counter:lpm_counter_component|cntr_mpi:auto_generated|safe_q[1]  ; counter16:counter|lpm_counter:lpm_counter_component|cntr_mpi:auto_generated|safe_q[8]  ; Clk        ; Clk      ; None                        ; None                      ; 1.718 ns                ;
; N/A   ; Restricted to 420.17 MHz ( period = 2.380 ns ) ; counter16:counter|lpm_counter:lpm_counter_component|cntr_mpi:auto_generated|safe_q[5]  ; counter16:counter|lpm_counter:lpm_counter_component|cntr_mpi:auto_generated|safe_q[11] ; Clk        ; Clk      ; None                        ; None                      ; 1.684 ns                ;
; N/A   ; Restricted to 420.17 MHz ( period = 2.380 ns ) ; counter16:counter|lpm_counter:lpm_counter_component|cntr_mpi:auto_generated|safe_q[6]  ; counter16:counter|lpm_counter:lpm_counter_component|cntr_mpi:auto_generated|safe_q[12] ; Clk        ; Clk      ; None                        ; None                      ; 1.684 ns                ;
; N/A   ; Restricted to 420.17 MHz ( period = 2.380 ns ) ; counter16:counter|lpm_counter:lpm_counter_component|cntr_mpi:auto_generated|safe_q[3]  ; counter16:counter|lpm_counter:lpm_counter_component|cntr_mpi:auto_generated|safe_q[9]  ; Clk        ; Clk      ; None                        ; None                      ; 1.683 ns                ;
; N/A   ; Restricted to 420.17 MHz ( period = 2.380 ns ) ; counter16:counter|lpm_counter:lpm_counter_component|cntr_mpi:auto_generated|safe_q[8]  ; counter16:counter|lpm_counter:lpm_counter_component|cntr_mpi:auto_generated|safe_q[15] ; Clk        ; Clk      ; None                        ; None                      ; 1.666 ns                ;
; N/A   ; Restricted to 420.17 MHz ( period = 2.380 ns ) ; counter16:counter|lpm_counter:lpm_counter_component|cntr_mpi:auto_generated|safe_q[7]  ; counter16:counter|lpm_counter:lpm_counter_component|cntr_mpi:auto_generated|safe_q[13] ; Clk        ; Clk      ; None                        ; None                      ; 1.652 ns                ;
; N/A   ; Restricted to 420.17 MHz ( period = 2.380 ns ) ; counter16:counter|lpm_counter:lpm_counter_component|cntr_mpi:auto_generated|safe_q[2]  ; counter16:counter|lpm_counter:lpm_counter_component|cntr_mpi:auto_generated|safe_q[8]  ; Clk        ; Clk      ; None                        ; None                      ; 1.648 ns                ;
; N/A   ; Restricted to 420.17 MHz ( period = 2.380 ns ) ; counter16:counter|lpm_counter:lpm_counter_component|cntr_mpi:auto_generated|safe_q[4]  ; counter16:counter|lpm_counter:lpm_counter_component|cntr_mpi:auto_generated|safe_q[10] ; Clk        ; Clk      ; None                        ; None                      ; 1.648 ns                ;
; N/A   ; Restricted to 420.17 MHz ( period = 2.380 ns ) ; counter16:counter|lpm_counter:lpm_counter_component|cntr_mpi:auto_generated|safe_q[0]  ; counter16:counter|lpm_counter:lpm_counter_component|cntr_mpi:auto_generated|safe_q[7]  ; Clk        ; Clk      ; None                        ; None                      ; 1.620 ns                ;
; N/A   ; Restricted to 420.17 MHz ( period = 2.380 ns ) ; counter16:counter|lpm_counter:lpm_counter_component|cntr_mpi:auto_generated|safe_q[5]  ; counter16:counter|lpm_counter:lpm_counter_component|cntr_mpi:auto_generated|safe_q[10] ; Clk        ; Clk      ; None                        ; None                      ; 1.613 ns                ;
; N/A   ; Restricted to 420.17 MHz ( period = 2.380 ns ) ; counter16:counter|lpm_counter:lpm_counter_component|cntr_mpi:auto_generated|safe_q[6]  ; counter16:counter|lpm_counter:lpm_counter_component|cntr_mpi:auto_generated|safe_q[11] ; Clk        ; Clk      ; None                        ; None                      ; 1.613 ns                ;
; N/A   ; Restricted to 420.17 MHz ( period = 2.380 ns ) ; counter16:counter|lpm_counter:lpm_counter_component|cntr_mpi:auto_generated|safe_q[3]  ; counter16:counter|lpm_counter:lpm_counter_component|cntr_mpi:auto_generated|safe_q[8]  ; Clk        ; Clk      ; None                        ; None                      ; 1.612 ns                ;
; N/A   ; Restricted to 420.17 MHz ( period = 2.380 ns ) ; counter16:counter|lpm_counter:lpm_counter_component|cntr_mpi:auto_generated|safe_q[8]  ; counter16:counter|lpm_counter:lpm_counter_component|cntr_mpi:auto_generated|safe_q[14] ; Clk        ; Clk      ; None                        ; None                      ; 1.595 ns                ;
; N/A   ; Restricted to 420.17 MHz ( period = 2.380 ns ) ; counter16:counter|lpm_counter:lpm_counter_component|cntr_mpi:auto_generated|safe_q[7]  ; counter16:counter|lpm_counter:lpm_counter_component|cntr_mpi:auto_generated|safe_q[12] ; Clk        ; Clk      ; None                        ; None                      ; 1.581 ns                ;
; N/A   ; Restricted to 420.17 MHz ( period = 2.380 ns ) ; counter16:counter|lpm_counter:lpm_counter_component|cntr_mpi:auto_generated|safe_q[4]  ; counter16:counter|lpm_counter:lpm_counter_component|cntr_mpi:auto_generated|safe_q[9]  ; Clk        ; Clk      ; None                        ; None                      ; 1.577 ns                ;
; N/A   ; Restricted to 420.17 MHz ( period = 2.380 ns ) ; counter16:counter|lpm_counter:lpm_counter_component|cntr_mpi:auto_generated|safe_q[9]  ; counter16:counter|lpm_counter:lpm_counter_component|cntr_mpi:auto_generated|safe_q[15] ; Clk        ; Clk      ; None                        ; None                      ; 1.560 ns                ;
; N/A   ; Restricted to 420.17 MHz ( period = 2.380 ns ) ; counter16:counter|lpm_counter:lpm_counter_component|cntr_mpi:auto_generated|safe_q[1]  ; counter16:counter|lpm_counter:lpm_counter_component|cntr_mpi:auto_generated|safe_q[7]  ; Clk        ; Clk      ; None                        ; None                      ; 1.559 ns                ;
; N/A   ; Restricted to 420.17 MHz ( period = 2.380 ns ) ; counter16:counter|lpm_counter:lpm_counter_component|cntr_mpi:auto_generated|safe_q[0]  ; counter16:counter|lpm_counter:lpm_counter_component|cntr_mpi:auto_generated|safe_q[6]  ; Clk        ; Clk      ; None                        ; None                      ; 1.549 ns                ;
; N/A   ; Restricted to 420.17 MHz ( period = 2.380 ns ) ; counter16:counter|lpm_counter:lpm_counter_component|cntr_mpi:auto_generated|safe_q[5]  ; counter16:counter|lpm_counter:lpm_counter_component|cntr_mpi:auto_generated|safe_q[9]  ; Clk        ; Clk      ; None                        ; None                      ; 1.542 ns                ;
; N/A   ; Restricted to 420.17 MHz ( period = 2.380 ns ) ; counter16:counter|lpm_counter:lpm_counter_component|cntr_mpi:auto_generated|safe_q[6]  ; counter16:counter|lpm_counter:lpm_counter_component|cntr_mpi:auto_generated|safe_q[10] ; Clk        ; Clk      ; None                        ; None                      ; 1.542 ns                ;
; N/A   ; Restricted to 420.17 MHz ( period = 2.380 ns ) ; counter16:counter|lpm_counter:lpm_counter_component|cntr_mpi:auto_generated|safe_q[8]  ; counter16:counter|lpm_counter:lpm_counter_component|cntr_mpi:auto_generated|safe_q[13] ; Clk        ; Clk      ; None                        ; None                      ; 1.524 ns                ;
; N/A   ; Restricted to 420.17 MHz ( period = 2.380 ns ) ; counter16:counter|lpm_counter:lpm_counter_component|cntr_mpi:auto_generated|safe_q[10] ; counter16:counter|lpm_counter:lpm_counter_component|cntr_mpi:auto_generated|safe_q[15] ; Clk        ; Clk      ; None                        ; None                      ; 1.524 ns                ;
; N/A   ; Restricted to 420.17 MHz ( period = 2.380 ns ) ; counter16:counter|lpm_counter:lpm_counter_component|cntr_mpi:auto_generated|safe_q[7]  ; counter16:counter|lpm_counter:lpm_counter_component|cntr_mpi:auto_generated|safe_q[11] ; Clk        ; Clk      ; None                        ; None                      ; 1.510 ns                ;
; N/A   ; Restricted to 420.17 MHz ( period = 2.380 ns ) ; counter16:counter|lpm_counter:lpm_counter_component|cntr_mpi:auto_generated|safe_q[4]  ; counter16:counter|lpm_counter:lpm_counter_component|cntr_mpi:auto_generated|safe_q[8]  ; Clk        ; Clk      ; None                        ; None                      ; 1.506 ns                ;
; N/A   ; Restricted to 420.17 MHz ( period = 2.380 ns ) ; counter16:counter|lpm_counter:lpm_counter_component|cntr_mpi:auto_generated|safe_q[2]  ; counter16:counter|lpm_counter:lpm_counter_component|cntr_mpi:auto_generated|safe_q[7]  ; Clk        ; Clk      ; None                        ; None                      ; 1.489 ns                ;
; N/A   ; Restricted to 420.17 MHz ( period = 2.380 ns ) ; counter16:counter|lpm_counter:lpm_counter_component|cntr_mpi:auto_generated|safe_q[9]  ; counter16:counter|lpm_counter:lpm_counter_component|cntr_mpi:auto_generated|safe_q[14] ; Clk        ; Clk      ; None                        ; None                      ; 1.489 ns                ;
; N/A   ; Restricted to 420.17 MHz ( period = 2.380 ns ) ; counter16:counter|lpm_counter:lpm_counter_component|cntr_mpi:auto_generated|safe_q[1]  ; counter16:counter|lpm_counter:lpm_counter_component|cntr_mpi:auto_generated|safe_q[6]  ; Clk        ; Clk      ; None                        ; None                      ; 1.488 ns                ;
; N/A   ; Restricted to 420.17 MHz ( period = 2.380 ns ) ; counter16:counter|lpm_counter:lpm_counter_component|cntr_mpi:auto_generated|safe_q[0]  ; counter16:counter|lpm_counter:lpm_counter_component|cntr_mpi:auto_generated|safe_q[5]  ; Clk        ; Clk      ; None                        ; None                      ; 1.478 ns                ;
; N/A   ; Restricted to 420.17 MHz ( period = 2.380 ns ) ; counter16:counter|lpm_counter:lpm_counter_component|cntr_mpi:auto_generated|safe_q[5]  ; counter16:counter|lpm_counter:lpm_counter_component|cntr_mpi:auto_generated|safe_q[8]  ; Clk        ; Clk      ; None                        ; None                      ; 1.471 ns                ;
; N/A   ; Restricted to 420.17 MHz ( period = 2.380 ns ) ; counter16:counter|lpm_counter:lpm_counter_component|cntr_mpi:auto_generated|safe_q[6]  ; counter16:counter|lpm_counter:lpm_counter_component|cntr_mpi:auto_generated|safe_q[9]  ; Clk        ; Clk      ; None                        ; None                      ; 1.471 ns                ;
; N/A   ; Restricted to 420.17 MHz ( period = 2.380 ns ) ; counter16:counter|lpm_counter:lpm_counter_component|cntr_mpi:auto_generated|safe_q[3]  ; counter16:counter|lpm_counter:lpm_counter_component|cntr_mpi:auto_generated|safe_q[7]  ; Clk        ; Clk      ; None                        ; None                      ; 1.453 ns                ;
; N/A   ; Restricted to 420.17 MHz ( period = 2.380 ns ) ; counter16:counter|lpm_counter:lpm_counter_component|cntr_mpi:auto_generated|safe_q[8]  ; counter16:counter|lpm_counter:lpm_counter_component|cntr_mpi:auto_generated|safe_q[12] ; Clk        ; Clk      ; None                        ; None                      ; 1.453 ns                ;
; N/A   ; Restricted to 420.17 MHz ( period = 2.380 ns ) ; counter16:counter|lpm_counter:lpm_counter_component|cntr_mpi:auto_generated|safe_q[10] ; counter16:counter|lpm_counter:lpm_counter_component|cntr_mpi:auto_generated|safe_q[14] ; Clk        ; Clk      ; None                        ; None                      ; 1.453 ns                ;
; N/A   ; Restricted to 420.17 MHz ( period = 2.380 ns ) ; counter16:counter|lpm_counter:lpm_counter_component|cntr_mpi:auto_generated|safe_q[7]  ; counter16:counter|lpm_counter:lpm_counter_component|cntr_mpi:auto_generated|safe_q[10] ; Clk        ; Clk      ; None                        ; None                      ; 1.439 ns                ;
; N/A   ; Restricted to 420.17 MHz ( period = 2.380 ns ) ; counter16:counter|lpm_counter:lpm_counter_component|cntr_mpi:auto_generated|safe_q[2]  ; counter16:counter|lpm_counter:lpm_counter_component|cntr_mpi:auto_generated|safe_q[6]  ; Clk        ; Clk      ; None                        ; None                      ; 1.418 ns                ;
; N/A   ; Restricted to 420.17 MHz ( period = 2.380 ns ) ; counter16:counter|lpm_counter:lpm_counter_component|cntr_mpi:auto_generated|safe_q[9]  ; counter16:counter|lpm_counter:lpm_counter_component|cntr_mpi:auto_generated|safe_q[13] ; Clk        ; Clk      ; None                        ; None                      ; 1.418 ns                ;
; N/A   ; Restricted to 420.17 MHz ( period = 2.380 ns ) ; counter16:counter|lpm_counter:lpm_counter_component|cntr_mpi:auto_generated|safe_q[11] ; counter16:counter|lpm_counter:lpm_counter_component|cntr_mpi:auto_generated|safe_q[15] ; Clk        ; Clk      ; None                        ; None                      ; 1.418 ns                ;
; N/A   ; Restricted to 420.17 MHz ( period = 2.380 ns ) ; counter16:counter|lpm_counter:lpm_counter_component|cntr_mpi:auto_generated|safe_q[1]  ; counter16:counter|lpm_counter:lpm_counter_component|cntr_mpi:auto_generated|safe_q[5]  ; Clk        ; Clk      ; None                        ; None                      ; 1.417 ns                ;
; N/A   ; Restricted to 420.17 MHz ( period = 2.380 ns ) ; counter16:counter|lpm_counter:lpm_counter_component|cntr_mpi:auto_generated|safe_q[0]  ; counter16:counter|lpm_counter:lpm_counter_component|cntr_mpi:auto_generated|safe_q[4]  ; Clk        ; Clk      ; None                        ; None                      ; 1.407 ns                ;
; N/A   ; Restricted to 420.17 MHz ( period = 2.380 ns ) ; counter16:counter|lpm_counter:lpm_counter_component|cntr_mpi:auto_generated|safe_q[6]  ; counter16:counter|lpm_counter:lpm_counter_component|cntr_mpi:auto_generated|safe_q[8]  ; Clk        ; Clk      ; None                        ; None                      ; 1.400 ns                ;
; N/A   ; Restricted to 420.17 MHz ( period = 2.380 ns ) ; counter16:counter|lpm_counter:lpm_counter_component|cntr_mpi:auto_generated|safe_q[3]  ; counter16:counter|lpm_counter:lpm_counter_component|cntr_mpi:auto_generated|safe_q[6]  ; Clk        ; Clk      ; None                        ; None                      ; 1.382 ns                ;
; N/A   ; Restricted to 420.17 MHz ( period = 2.380 ns ) ; counter16:counter|lpm_counter:lpm_counter_component|cntr_mpi:auto_generated|safe_q[8]  ; counter16:counter|lpm_counter:lpm_counter_component|cntr_mpi:auto_generated|safe_q[11] ; Clk        ; Clk      ; None                        ; None                      ; 1.382 ns                ;
; N/A   ; Restricted to 420.17 MHz ( period = 2.380 ns ) ; counter16:counter|lpm_counter:lpm_counter_component|cntr_mpi:auto_generated|safe_q[10] ; counter16:counter|lpm_counter:lpm_counter_component|cntr_mpi:auto_generated|safe_q[13] ; Clk        ; Clk      ; None                        ; None                      ; 1.382 ns                ;
; N/A   ; Restricted to 420.17 MHz ( period = 2.380 ns ) ; counter16:counter|lpm_counter:lpm_counter_component|cntr_mpi:auto_generated|safe_q[12] ; counter16:counter|lpm_counter:lpm_counter_component|cntr_mpi:auto_generated|safe_q[15] ; Clk        ; Clk      ; None                        ; None                      ; 1.382 ns                ;
; N/A   ; Restricted to 420.17 MHz ( period = 2.380 ns ) ; counter16:counter|lpm_counter:lpm_counter_component|cntr_mpi:auto_generated|safe_q[7]  ; counter16:counter|lpm_counter:lpm_counter_component|cntr_mpi:auto_generated|safe_q[9]  ; Clk        ; Clk      ; None                        ; None                      ; 1.368 ns                ;
; N/A   ; Restricted to 420.17 MHz ( period = 2.380 ns ) ; counter16:counter|lpm_counter:lpm_counter_component|cntr_mpi:auto_generated|safe_q[2]  ; counter16:counter|lpm_counter:lpm_counter_component|cntr_mpi:auto_generated|safe_q[5]  ; Clk        ; Clk      ; None                        ; None                      ; 1.347 ns                ;
; N/A   ; Restricted to 420.17 MHz ( period = 2.380 ns ) ; counter16:counter|lpm_counter:lpm_counter_component|cntr_mpi:auto_generated|safe_q[4]  ; counter16:counter|lpm_counter:lpm_counter_component|cntr_mpi:auto_generated|safe_q[7]  ; Clk        ; Clk      ; None                        ; None                      ; 1.347 ns                ;
; N/A   ; Restricted to 420.17 MHz ( period = 2.380 ns ) ; counter16:counter|lpm_counter:lpm_counter_component|cntr_mpi:auto_generated|safe_q[9]  ; counter16:counter|lpm_counter:lpm_counter_component|cntr_mpi:auto_generated|safe_q[12] ; Clk        ; Clk      ; None                        ; None                      ; 1.347 ns                ;
; N/A   ; Restricted to 420.17 MHz ( period = 2.380 ns ) ; counter16:counter|lpm_counter:lpm_counter_component|cntr_mpi:auto_generated|safe_q[11] ; counter16:counter|lpm_counter:lpm_counter_component|cntr_mpi:auto_generated|safe_q[14] ; Clk        ; Clk      ; None                        ; None                      ; 1.347 ns                ;
; N/A   ; Restricted to 420.17 MHz ( period = 2.380 ns ) ; counter16:counter|lpm_counter:lpm_counter_component|cntr_mpi:auto_generated|safe_q[1]  ; counter16:counter|lpm_counter:lpm_counter_component|cntr_mpi:auto_generated|safe_q[4]  ; Clk        ; Clk      ; None                        ; None                      ; 1.346 ns                ;
; N/A   ; Restricted to 420.17 MHz ( period = 2.380 ns ) ; counter16:counter|lpm_counter:lpm_counter_component|cntr_mpi:auto_generated|safe_q[0]  ; counter16:counter|lpm_counter:lpm_counter_component|cntr_mpi:auto_generated|safe_q[3]  ; Clk        ; Clk      ; None                        ; None                      ; 1.336 ns                ;
; N/A   ; Restricted to 420.17 MHz ( period = 2.380 ns ) ; counter16:counter|lpm_counter:lpm_counter_component|cntr_mpi:auto_generated|safe_q[5]  ; counter16:counter|lpm_counter:lpm_counter_component|cntr_mpi:auto_generated|safe_q[7]  ; Clk        ; Clk      ; None                        ; None                      ; 1.312 ns                ;
; N/A   ; Restricted to 420.17 MHz ( period = 2.380 ns ) ; counter16:counter|lpm_counter:lpm_counter_component|cntr_mpi:auto_generated|safe_q[3]  ; counter16:counter|lpm_counter:lpm_counter_component|cntr_mpi:auto_generated|safe_q[5]  ; Clk        ; Clk      ; None                        ; None                      ; 1.311 ns                ;
; N/A   ; Restricted to 420.17 MHz ( period = 2.380 ns ) ; counter16:counter|lpm_counter:lpm_counter_component|cntr_mpi:auto_generated|safe_q[8]  ; counter16:counter|lpm_counter:lpm_counter_component|cntr_mpi:auto_generated|safe_q[10] ; Clk        ; Clk      ; None                        ; None                      ; 1.311 ns                ;
; N/A   ; Restricted to 420.17 MHz ( period = 2.380 ns ) ; counter16:counter|lpm_counter:lpm_counter_component|cntr_mpi:auto_generated|safe_q[10] ; counter16:counter|lpm_counter:lpm_counter_component|cntr_mpi:auto_generated|safe_q[12] ; Clk        ; Clk      ; None                        ; None                      ; 1.311 ns                ;
; N/A   ; Restricted to 420.17 MHz ( period = 2.380 ns ) ; counter16:counter|lpm_counter:lpm_counter_component|cntr_mpi:auto_generated|safe_q[12] ; counter16:counter|lpm_counter:lpm_counter_component|cntr_mpi:auto_generated|safe_q[14] ; Clk        ; Clk      ; None                        ; None                      ; 1.311 ns                ;
; N/A   ; Restricted to 420.17 MHz ( period = 2.380 ns ) ; counter16:counter|lpm_counter:lpm_counter_component|cntr_mpi:auto_generated|safe_q[7]  ; counter16:counter|lpm_counter:lpm_counter_component|cntr_mpi:auto_generated|safe_q[8]  ; Clk        ; Clk      ; None                        ; None                      ; 1.297 ns                ;
; N/A   ; Restricted to 420.17 MHz ( period = 2.380 ns ) ; counter16:counter|lpm_counter:lpm_counter_component|cntr_mpi:auto_generated|safe_q[2]  ; counter16:counter|lpm_counter:lpm_counter_component|cntr_mpi:auto_generated|safe_q[4]  ; Clk        ; Clk      ; None                        ; None                      ; 1.276 ns                ;
; N/A   ; Restricted to 420.17 MHz ( period = 2.380 ns ) ; counter16:counter|lpm_counter:lpm_counter_component|cntr_mpi:auto_generated|safe_q[4]  ; counter16:counter|lpm_counter:lpm_counter_component|cntr_mpi:auto_generated|safe_q[6]  ; Clk        ; Clk      ; None                        ; None                      ; 1.276 ns                ;
; N/A   ; Restricted to 420.17 MHz ( period = 2.380 ns ) ; counter16:counter|lpm_counter:lpm_counter_component|cntr_mpi:auto_generated|safe_q[9]  ; counter16:counter|lpm_counter:lpm_counter_component|cntr_mpi:auto_generated|safe_q[11] ; Clk        ; Clk      ; None                        ; None                      ; 1.276 ns                ;
; N/A   ; Restricted to 420.17 MHz ( period = 2.380 ns ) ; counter16:counter|lpm_counter:lpm_counter_component|cntr_mpi:auto_generated|safe_q[11] ; counter16:counter|lpm_counter:lpm_counter_component|cntr_mpi:auto_generated|safe_q[13] ; Clk        ; Clk      ; None                        ; None                      ; 1.276 ns                ;
; N/A   ; Restricted to 420.17 MHz ( period = 2.380 ns ) ; counter16:counter|lpm_counter:lpm_counter_component|cntr_mpi:auto_generated|safe_q[13] ; counter16:counter|lpm_counter:lpm_counter_component|cntr_mpi:auto_generated|safe_q[15] ; Clk        ; Clk      ; None                        ; None                      ; 1.276 ns                ;
; N/A   ; Restricted to 420.17 MHz ( period = 2.380 ns ) ; counter16:counter|lpm_counter:lpm_counter_component|cntr_mpi:auto_generated|safe_q[1]  ; counter16:counter|lpm_counter:lpm_counter_component|cntr_mpi:auto_generated|safe_q[3]  ; Clk        ; Clk      ; None                        ; None                      ; 1.275 ns                ;
; N/A   ; Restricted to 420.17 MHz ( period = 2.380 ns ) ; counter16:counter|lpm_counter:lpm_counter_component|cntr_mpi:auto_generated|safe_q[0]  ; counter16:counter|lpm_counter:lpm_counter_component|cntr_mpi:auto_generated|safe_q[2]  ; Clk        ; Clk      ; None                        ; None                      ; 1.265 ns                ;
; N/A   ; Restricted to 420.17 MHz ( period = 2.380 ns ) ; counter16:counter|lpm_counter:lpm_counter_component|cntr_mpi:auto_generated|safe_q[5]  ; counter16:counter|lpm_counter:lpm_counter_component|cntr_mpi:auto_generated|safe_q[6]  ; Clk        ; Clk      ; None                        ; None                      ; 1.241 ns                ;
; N/A   ; Restricted to 420.17 MHz ( period = 2.380 ns ) ; counter16:counter|lpm_counter:lpm_counter_component|cntr_mpi:auto_generated|safe_q[6]  ; counter16:counter|lpm_counter:lpm_counter_component|cntr_mpi:auto_generated|safe_q[7]  ; Clk        ; Clk      ; None                        ; None                      ; 1.241 ns                ;
; N/A   ; Restricted to 420.17 MHz ( period = 2.380 ns ) ; counter16:counter|lpm_counter:lpm_counter_component|cntr_mpi:auto_generated|safe_q[3]  ; counter16:counter|lpm_counter:lpm_counter_component|cntr_mpi:auto_generated|safe_q[4]  ; Clk        ; Clk      ; None                        ; None                      ; 1.240 ns                ;
; N/A   ; Restricted to 420.17 MHz ( period = 2.380 ns ) ; counter16:counter|lpm_counter:lpm_counter_component|cntr_mpi:auto_generated|safe_q[8]  ; counter16:counter|lpm_counter:lpm_counter_component|cntr_mpi:auto_generated|safe_q[9]  ; Clk        ; Clk      ; None                        ; None                      ; 1.240 ns                ;
; N/A   ; Restricted to 420.17 MHz ( period = 2.380 ns ) ; counter16:counter|lpm_counter:lpm_counter_component|cntr_mpi:auto_generated|safe_q[10] ; counter16:counter|lpm_counter:lpm_counter_component|cntr_mpi:auto_generated|safe_q[11] ; Clk        ; Clk      ; None                        ; None                      ; 1.240 ns                ;
; N/A   ; Restricted to 420.17 MHz ( period = 2.380 ns ) ; counter16:counter|lpm_counter:lpm_counter_component|cntr_mpi:auto_generated|safe_q[12] ; counter16:counter|lpm_counter:lpm_counter_component|cntr_mpi:auto_generated|safe_q[13] ; Clk        ; Clk      ; None                        ; None                      ; 1.240 ns                ;
; N/A   ; Restricted to 420.17 MHz ( period = 2.380 ns ) ; counter16:counter|lpm_counter:lpm_counter_component|cntr_mpi:auto_generated|safe_q[2]  ; counter16:counter|lpm_counter:lpm_counter_component|cntr_mpi:auto_generated|safe_q[3]  ; Clk        ; Clk      ; None                        ; None                      ; 1.205 ns                ;
; N/A   ; Restricted to 420.17 MHz ( period = 2.380 ns ) ; counter16:counter|lpm_counter:lpm_counter_component|cntr_mpi:auto_generated|safe_q[4]  ; counter16:counter|lpm_counter:lpm_counter_component|cntr_mpi:auto_generated|safe_q[5]  ; Clk        ; Clk      ; None                        ; None                      ; 1.205 ns                ;
; N/A   ; Restricted to 420.17 MHz ( period = 2.380 ns ) ; counter16:counter|lpm_counter:lpm_counter_component|cntr_mpi:auto_generated|safe_q[9]  ; counter16:counter|lpm_counter:lpm_counter_component|cntr_mpi:auto_generated|safe_q[10] ; Clk        ; Clk      ; None                        ; None                      ; 1.205 ns                ;
; N/A   ; Restricted to 420.17 MHz ( period = 2.380 ns ) ; counter16:counter|lpm_counter:lpm_counter_component|cntr_mpi:auto_generated|safe_q[11] ; counter16:counter|lpm_counter:lpm_counter_component|cntr_mpi:auto_generated|safe_q[12] ; Clk        ; Clk      ; None                        ; None                      ; 1.205 ns                ;
; N/A   ; Restricted to 420.17 MHz ( period = 2.380 ns ) ; counter16:counter|lpm_counter:lpm_counter_component|cntr_mpi:auto_generated|safe_q[13] ; counter16:counter|lpm_counter:lpm_counter_component|cntr_mpi:auto_generated|safe_q[14] ; Clk        ; Clk      ; None                        ; None                      ; 1.205 ns                ;
; N/A   ; Restricted to 420.17 MHz ( period = 2.380 ns ) ; counter16:counter|lpm_counter:lpm_counter_component|cntr_mpi:auto_generated|safe_q[14] ; counter16:counter|lpm_counter:lpm_counter_component|cntr_mpi:auto_generated|safe_q[15] ; Clk        ; Clk      ; None                        ; None                      ; 1.205 ns                ;
; N/A   ; Restricted to 420.17 MHz ( period = 2.380 ns ) ; counter16:counter|lpm_counter:lpm_counter_component|cntr_mpi:auto_generated|safe_q[1]  ; counter16:counter|lpm_counter:lpm_counter_component|cntr_mpi:auto_generated|safe_q[2]  ; Clk        ; Clk      ; None                        ; None                      ; 1.204 ns                ;
; N/A   ; Restricted to 420.17 MHz ( period = 2.380 ns ) ; counter16:counter|lpm_counter:lpm_counter_component|cntr_mpi:auto_generated|safe_q[0]  ; counter16:counter|lpm_counter:lpm_counter_component|cntr_mpi:auto_generated|safe_q[1]  ; Clk        ; Clk      ; None                        ; None                      ; 1.194 ns                ;
; N/A   ; Restricted to 420.17 MHz ( period = 2.380 ns ) ; counter16:counter|lpm_counter:lpm_counter_component|cntr_mpi:auto_generated|safe_q[5]  ; counter16:counter|lpm_counter:lpm_counter_component|cntr_mpi:auto_generated|safe_q[5]  ; Clk        ; Clk      ; None                        ; None                      ; 0.855 ns                ;
; N/A   ; Restricted to 420.17 MHz ( period = 2.380 ns ) ; counter16:counter|lpm_counter:lpm_counter_component|cntr_mpi:auto_generated|safe_q[6]  ; counter16:counter|lpm_counter:lpm_counter_component|cntr_mpi:auto_generated|safe_q[6]  ; Clk        ; Clk      ; None                        ; None                      ; 0.855 ns                ;
; N/A   ; Restricted to 420.17 MHz ( period = 2.380 ns ) ; counter16:counter|lpm_counter:lpm_counter_component|cntr_mpi:auto_generated|safe_q[3]  ; counter16:counter|lpm_counter:lpm_counter_component|cntr_mpi:auto_generated|safe_q[3]  ; Clk        ; Clk      ; None                        ; None                      ; 0.854 ns                ;
; N/A   ; Restricted to 420.17 MHz ( period = 2.380 ns ) ; counter16:counter|lpm_counter:lpm_counter_component|cntr_mpi:auto_generated|safe_q[8]  ; counter16:counter|lpm_counter:lpm_counter_component|cntr_mpi:auto_generated|safe_q[8]  ; Clk        ; Clk      ; None                        ; None                      ; 0.854 ns                ;
; N/A   ; Restricted to 420.17 MHz ( period = 2.380 ns ) ; counter16:counter|lpm_counter:lpm_counter_component|cntr_mpi:auto_generated|safe_q[10] ; counter16:counter|lpm_counter:lpm_counter_component|cntr_mpi:auto_generated|safe_q[10] ; Clk        ; Clk      ; None                        ; None                      ; 0.854 ns                ;
; N/A   ; Restricted to 420.17 MHz ( period = 2.380 ns ) ; counter16:counter|lpm_counter:lpm_counter_component|cntr_mpi:auto_generated|safe_q[12] ; counter16:counter|lpm_counter:lpm_counter_component|cntr_mpi:auto_generated|safe_q[12] ; Clk        ; Clk      ; None                        ; None                      ; 0.854 ns                ;
; N/A   ; Restricted to 420.17 MHz ( period = 2.380 ns ) ; counter16:counter|lpm_counter:lpm_counter_component|cntr_mpi:auto_generated|safe_q[2]  ; counter16:counter|lpm_counter:lpm_counter_component|cntr_mpi:auto_generated|safe_q[2]  ; Clk        ; Clk      ; None                        ; None                      ; 0.822 ns                ;
; N/A   ; Restricted to 420.17 MHz ( period = 2.380 ns ) ; counter16:counter|lpm_counter:lpm_counter_component|cntr_mpi:auto_generated|safe_q[4]  ; counter16:counter|lpm_counter:lpm_counter_component|cntr_mpi:auto_generated|safe_q[4]  ; Clk        ; Clk      ; None                        ; None                      ; 0.822 ns                ;
; N/A   ; Restricted to 420.17 MHz ( period = 2.380 ns ) ; counter16:counter|lpm_counter:lpm_counter_component|cntr_mpi:auto_generated|safe_q[7]  ; counter16:counter|lpm_counter:lpm_counter_component|cntr_mpi:auto_generated|safe_q[7]  ; Clk        ; Clk      ; None                        ; None                      ; 0.822 ns                ;
; N/A   ; Restricted to 420.17 MHz ( period = 2.380 ns ) ; counter16:counter|lpm_counter:lpm_counter_component|cntr_mpi:auto_generated|safe_q[9]  ; counter16:counter|lpm_counter:lpm_counter_component|cntr_mpi:auto_generated|safe_q[9]  ; Clk        ; Clk      ; None                        ; None                      ; 0.822 ns                ;
; N/A   ; Restricted to 420.17 MHz ( period = 2.380 ns ) ; counter16:counter|lpm_counter:lpm_counter_component|cntr_mpi:auto_generated|safe_q[11] ; counter16:counter|lpm_counter:lpm_counter_component|cntr_mpi:auto_generated|safe_q[11] ; Clk        ; Clk      ; None                        ; None                      ; 0.822 ns                ;
; N/A   ; Restricted to 420.17 MHz ( period = 2.380 ns ) ; counter16:counter|lpm_counter:lpm_counter_component|cntr_mpi:auto_generated|safe_q[13] ; counter16:counter|lpm_counter:lpm_counter_component|cntr_mpi:auto_generated|safe_q[13] ; Clk        ; Clk      ; None                        ; None                      ; 0.822 ns                ;
; N/A   ; Restricted to 420.17 MHz ( period = 2.380 ns ) ; counter16:counter|lpm_counter:lpm_counter_component|cntr_mpi:auto_generated|safe_q[14] ; counter16:counter|lpm_counter:lpm_counter_component|cntr_mpi:auto_generated|safe_q[14] ; Clk        ; Clk      ; None                        ; None                      ; 0.822 ns                ;
; N/A   ; Restricted to 420.17 MHz ( period = 2.380 ns ) ; counter16:counter|lpm_counter:lpm_counter_component|cntr_mpi:auto_generated|safe_q[1]  ; counter16:counter|lpm_counter:lpm_counter_component|cntr_mpi:auto_generated|safe_q[1]  ; Clk        ; Clk      ; None                        ; None                      ; 0.821 ns                ;
; N/A   ; Restricted to 420.17 MHz ( period = 2.380 ns ) ; counter16:counter|lpm_counter:lpm_counter_component|cntr_mpi:auto_generated|safe_q[0]  ; counter16:counter|lpm_counter:lpm_counter_component|cntr_mpi:auto_generated|safe_q[0]  ; Clk        ; Clk      ; None                        ; None                      ; 0.811 ns                ;
; N/A   ; Restricted to 420.17 MHz ( period = 2.380 ns ) ; counter16:counter|lpm_counter:lpm_counter_component|cntr_mpi:auto_generated|safe_q[15] ; counter16:counter|lpm_counter:lpm_counter_component|cntr_mpi:auto_generated|safe_q[15] ; Clk        ; Clk      ; None                        ; None                      ; 0.547 ns                ;
+-------+------------------------------------------------+----------------------------------------------------------------------------------------+----------------------------------------------------------------------------------------+------------+----------+-----------------------------+---------------------------+-------------------------+


+----------------------------------------------------------------------------------------------------------------------------------------------+
; tsu                                                                                                                                          ;
+-------+--------------+------------+------+----------------------------------------------------------------------------------------+----------+
; Slack ; Required tsu ; Actual tsu ; From ; To                                                                                     ; To Clock ;
+-------+--------------+------------+------+----------------------------------------------------------------------------------------+----------+
; N/A   ; None         ; 0.633 ns   ; Clr  ; counter16:counter|lpm_counter:lpm_counter_component|cntr_mpi:auto_generated|safe_q[0]  ; Clk      ;
; N/A   ; None         ; 0.633 ns   ; Clr  ; counter16:counter|lpm_counter:lpm_counter_component|cntr_mpi:auto_generated|safe_q[1]  ; Clk      ;
; N/A   ; None         ; 0.633 ns   ; Clr  ; counter16:counter|lpm_counter:lpm_counter_component|cntr_mpi:auto_generated|safe_q[2]  ; Clk      ;
; N/A   ; None         ; 0.633 ns   ; Clr  ; counter16:counter|lpm_counter:lpm_counter_component|cntr_mpi:auto_generated|safe_q[3]  ; Clk      ;
; N/A   ; None         ; 0.633 ns   ; Clr  ; counter16:counter|lpm_counter:lpm_counter_component|cntr_mpi:auto_generated|safe_q[4]  ; Clk      ;
; N/A   ; None         ; 0.633 ns   ; Clr  ; counter16:counter|lpm_counter:lpm_counter_component|cntr_mpi:auto_generated|safe_q[5]  ; Clk      ;
; N/A   ; None         ; 0.633 ns   ; Clr  ; counter16:counter|lpm_counter:lpm_counter_component|cntr_mpi:auto_generated|safe_q[6]  ; Clk      ;
; N/A   ; None         ; 0.633 ns   ; Clr  ; counter16:counter|lpm_counter:lpm_counter_component|cntr_mpi:auto_generated|safe_q[7]  ; Clk      ;
; N/A   ; None         ; 0.633 ns   ; Clr  ; counter16:counter|lpm_counter:lpm_counter_component|cntr_mpi:auto_generated|safe_q[8]  ; Clk      ;
; N/A   ; None         ; 0.633 ns   ; Clr  ; counter16:counter|lpm_counter:lpm_counter_component|cntr_mpi:auto_generated|safe_q[9]  ; Clk      ;
; N/A   ; None         ; 0.633 ns   ; Clr  ; counter16:counter|lpm_counter:lpm_counter_component|cntr_mpi:auto_generated|safe_q[10] ; Clk      ;
; N/A   ; None         ; 0.633 ns   ; Clr  ; counter16:counter|lpm_counter:lpm_counter_component|cntr_mpi:auto_generated|safe_q[11] ; Clk      ;
; N/A   ; None         ; 0.633 ns   ; Clr  ; counter16:counter|lpm_counter:lpm_counter_component|cntr_mpi:auto_generated|safe_q[12] ; Clk      ;
; N/A   ; None         ; 0.633 ns   ; Clr  ; counter16:counter|lpm_counter:lpm_counter_component|cntr_mpi:auto_generated|safe_q[13] ; Clk      ;
; N/A   ; None         ; 0.633 ns   ; Clr  ; counter16:counter|lpm_counter:lpm_counter_component|cntr_mpi:auto_generated|safe_q[14] ; Clk      ;
; N/A   ; None         ; 0.633 ns   ; Clr  ; counter16:counter|lpm_counter:lpm_counter_component|cntr_mpi:auto_generated|safe_q[15] ; Clk      ;
; N/A   ; None         ; 0.358 ns   ; T    ; counter16:counter|lpm_counter:lpm_counter_component|cntr_mpi:auto_generated|safe_q[0]  ; Clk      ;
; N/A   ; None         ; 0.358 ns   ; T    ; counter16:counter|lpm_counter:lpm_counter_component|cntr_mpi:auto_generated|safe_q[1]  ; Clk      ;
; N/A   ; None         ; 0.358 ns   ; T    ; counter16:counter|lpm_counter:lpm_counter_component|cntr_mpi:auto_generated|safe_q[2]  ; Clk      ;
; N/A   ; None         ; 0.358 ns   ; T    ; counter16:counter|lpm_counter:lpm_counter_component|cntr_mpi:auto_generated|safe_q[3]  ; Clk      ;
; N/A   ; None         ; 0.358 ns   ; T    ; counter16:counter|lpm_counter:lpm_counter_component|cntr_mpi:auto_generated|safe_q[4]  ; Clk      ;
; N/A   ; None         ; 0.358 ns   ; T    ; counter16:counter|lpm_counter:lpm_counter_component|cntr_mpi:auto_generated|safe_q[5]  ; Clk      ;
; N/A   ; None         ; 0.358 ns   ; T    ; counter16:counter|lpm_counter:lpm_counter_component|cntr_mpi:auto_generated|safe_q[6]  ; Clk      ;
; N/A   ; None         ; 0.358 ns   ; T    ; counter16:counter|lpm_counter:lpm_counter_component|cntr_mpi:auto_generated|safe_q[7]  ; Clk      ;
; N/A   ; None         ; 0.358 ns   ; T    ; counter16:counter|lpm_counter:lpm_counter_component|cntr_mpi:auto_generated|safe_q[8]  ; Clk      ;
; N/A   ; None         ; 0.358 ns   ; T    ; counter16:counter|lpm_counter:lpm_counter_component|cntr_mpi:auto_generated|safe_q[9]  ; Clk      ;
; N/A   ; None         ; 0.358 ns   ; T    ; counter16:counter|lpm_counter:lpm_counter_component|cntr_mpi:auto_generated|safe_q[10] ; Clk      ;
; N/A   ; None         ; 0.358 ns   ; T    ; counter16:counter|lpm_counter:lpm_counter_component|cntr_mpi:auto_generated|safe_q[11] ; Clk      ;
; N/A   ; None         ; 0.358 ns   ; T    ; counter16:counter|lpm_counter:lpm_counter_component|cntr_mpi:auto_generated|safe_q[12] ; Clk      ;
; N/A   ; None         ; 0.358 ns   ; T    ; counter16:counter|lpm_counter:lpm_counter_component|cntr_mpi:auto_generated|safe_q[13] ; Clk      ;
; N/A   ; None         ; 0.358 ns   ; T    ; counter16:counter|lpm_counter:lpm_counter_component|cntr_mpi:auto_generated|safe_q[14] ; Clk      ;
; N/A   ; None         ; 0.358 ns   ; T    ; counter16:counter|lpm_counter:lpm_counter_component|cntr_mpi:auto_generated|safe_q[15] ; Clk      ;
+-------+--------------+------------+------+----------------------------------------------------------------------------------------+----------+


+-------------------------------------------------------------------------------------------------------------------------------------------------+
; tco                                                                                                                                             ;
+-------+--------------+------------+----------------------------------------------------------------------------------------+-------+------------+
; Slack ; Required tco ; Actual tco ; From                                                                                   ; To    ; From Clock ;
+-------+--------------+------------+----------------------------------------------------------------------------------------+-------+------------+
; N/A   ; None         ; 9.305 ns   ; counter16:counter|lpm_counter:lpm_counter_component|cntr_mpi:auto_generated|safe_q[8]  ; Q[8]  ; Clk        ;
; N/A   ; None         ; 9.188 ns   ; counter16:counter|lpm_counter:lpm_counter_component|cntr_mpi:auto_generated|safe_q[1]  ; Q[1]  ; Clk        ;
; N/A   ; None         ; 9.138 ns   ; counter16:counter|lpm_counter:lpm_counter_component|cntr_mpi:auto_generated|safe_q[13] ; Q[13] ; Clk        ;
; N/A   ; None         ; 8.933 ns   ; counter16:counter|lpm_counter:lpm_counter_component|cntr_mpi:auto_generated|safe_q[5]  ; Q[5]  ; Clk        ;
; N/A   ; None         ; 8.917 ns   ; counter16:counter|lpm_counter:lpm_counter_component|cntr_mpi:auto_generated|safe_q[10] ; Q[10] ; Clk        ;
; N/A   ; None         ; 8.527 ns   ; counter16:counter|lpm_counter:lpm_counter_component|cntr_mpi:auto_generated|safe_q[6]  ; Q[6]  ; Clk        ;
; N/A   ; None         ; 6.876 ns   ; counter16:counter|lpm_counter:lpm_counter_component|cntr_mpi:auto_generated|safe_q[9]  ; Q[9]  ; Clk        ;
; N/A   ; None         ; 6.864 ns   ; counter16:counter|lpm_counter:lpm_counter_component|cntr_mpi:auto_generated|safe_q[0]  ; Q[0]  ; Clk        ;
; N/A   ; None         ; 6.608 ns   ; counter16:counter|lpm_counter:lpm_counter_component|cntr_mpi:auto_generated|safe_q[4]  ; Q[4]  ; Clk        ;
; N/A   ; None         ; 6.607 ns   ; counter16:counter|lpm_counter:lpm_counter_component|cntr_mpi:auto_generated|safe_q[2]  ; Q[2]  ; Clk        ;
; N/A   ; None         ; 6.439 ns   ; counter16:counter|lpm_counter:lpm_counter_component|cntr_mpi:auto_generated|safe_q[7]  ; Q[7]  ; Clk        ;
; N/A   ; None         ; 6.422 ns   ; counter16:counter|lpm_counter:lpm_counter_component|cntr_mpi:auto_generated|safe_q[11] ; Q[11] ; Clk        ;
; N/A   ; None         ; 6.403 ns   ; counter16:counter|lpm_counter:lpm_counter_component|cntr_mpi:auto_generated|safe_q[14] ; Q[14] ; Clk        ;
; N/A   ; None         ; 6.403 ns   ; counter16:counter|lpm_counter:lpm_counter_component|cntr_mpi:auto_generated|safe_q[3]  ; Q[3]  ; Clk        ;
; N/A   ; None         ; 6.378 ns   ; counter16:counter|lpm_counter:lpm_counter_component|cntr_mpi:auto_generated|safe_q[15] ; Q[15] ; Clk        ;
; N/A   ; None         ; 6.373 ns   ; counter16:counter|lpm_counter:lpm_counter_component|cntr_mpi:auto_generated|safe_q[12] ; Q[12] ; Clk        ;
+-------+--------------+------------+----------------------------------------------------------------------------------------+-------+------------+


+----------------------------------------------------------------------------------------------------------------------------------------------------+
; th                                                                                                                                                 ;
+---------------+-------------+-----------+------+----------------------------------------------------------------------------------------+----------+
; Minimum Slack ; Required th ; Actual th ; From ; To                                                                                     ; To Clock ;
+---------------+-------------+-----------+------+----------------------------------------------------------------------------------------+----------+
; N/A           ; None        ; 0.480 ns  ; Clr  ; counter16:counter|lpm_counter:lpm_counter_component|cntr_mpi:auto_generated|safe_q[0]  ; Clk      ;
; N/A           ; None        ; 0.480 ns  ; Clr  ; counter16:counter|lpm_counter:lpm_counter_component|cntr_mpi:auto_generated|safe_q[1]  ; Clk      ;
; N/A           ; None        ; 0.480 ns  ; Clr  ; counter16:counter|lpm_counter:lpm_counter_component|cntr_mpi:auto_generated|safe_q[2]  ; Clk      ;
; N/A           ; None        ; 0.480 ns  ; Clr  ; counter16:counter|lpm_counter:lpm_counter_component|cntr_mpi:auto_generated|safe_q[3]  ; Clk      ;
; N/A           ; None        ; 0.480 ns  ; Clr  ; counter16:counter|lpm_counter:lpm_counter_component|cntr_mpi:auto_generated|safe_q[4]  ; Clk      ;
; N/A           ; None        ; 0.480 ns  ; Clr  ; counter16:counter|lpm_counter:lpm_counter_component|cntr_mpi:auto_generated|safe_q[5]  ; Clk      ;
; N/A           ; None        ; 0.480 ns  ; Clr  ; counter16:counter|lpm_counter:lpm_counter_component|cntr_mpi:auto_generated|safe_q[6]  ; Clk      ;
; N/A           ; None        ; 0.480 ns  ; Clr  ; counter16:counter|lpm_counter:lpm_counter_component|cntr_mpi:auto_generated|safe_q[7]  ; Clk      ;
; N/A           ; None        ; 0.480 ns  ; Clr  ; counter16:counter|lpm_counter:lpm_counter_component|cntr_mpi:auto_generated|safe_q[8]  ; Clk      ;
; N/A           ; None        ; 0.480 ns  ; Clr  ; counter16:counter|lpm_counter:lpm_counter_component|cntr_mpi:auto_generated|safe_q[9]  ; Clk      ;
; N/A           ; None        ; 0.480 ns  ; Clr  ; counter16:counter|lpm_counter:lpm_counter_component|cntr_mpi:auto_generated|safe_q[10] ; Clk      ;
; N/A           ; None        ; 0.480 ns  ; Clr  ; counter16:counter|lpm_counter:lpm_counter_component|cntr_mpi:auto_generated|safe_q[11] ; Clk      ;
; N/A           ; None        ; 0.480 ns  ; Clr  ; counter16:counter|lpm_counter:lpm_counter_component|cntr_mpi:auto_generated|safe_q[12] ; Clk      ;
; N/A           ; None        ; 0.480 ns  ; Clr  ; counter16:counter|lpm_counter:lpm_counter_component|cntr_mpi:auto_generated|safe_q[13] ; Clk      ;
; N/A           ; None        ; 0.480 ns  ; Clr  ; counter16:counter|lpm_counter:lpm_counter_component|cntr_mpi:auto_generated|safe_q[14] ; Clk      ;
; N/A           ; None        ; 0.480 ns  ; Clr  ; counter16:counter|lpm_counter:lpm_counter_component|cntr_mpi:auto_generated|safe_q[15] ; Clk      ;
; N/A           ; None        ; -0.128 ns ; T    ; counter16:counter|lpm_counter:lpm_counter_component|cntr_mpi:auto_generated|safe_q[0]  ; Clk      ;
; N/A           ; None        ; -0.128 ns ; T    ; counter16:counter|lpm_counter:lpm_counter_component|cntr_mpi:auto_generated|safe_q[1]  ; Clk      ;
; N/A           ; None        ; -0.128 ns ; T    ; counter16:counter|lpm_counter:lpm_counter_component|cntr_mpi:auto_generated|safe_q[2]  ; Clk      ;
; N/A           ; None        ; -0.128 ns ; T    ; counter16:counter|lpm_counter:lpm_counter_component|cntr_mpi:auto_generated|safe_q[3]  ; Clk      ;
; N/A           ; None        ; -0.128 ns ; T    ; counter16:counter|lpm_counter:lpm_counter_component|cntr_mpi:auto_generated|safe_q[4]  ; Clk      ;
; N/A           ; None        ; -0.128 ns ; T    ; counter16:counter|lpm_counter:lpm_counter_component|cntr_mpi:auto_generated|safe_q[5]  ; Clk      ;
; N/A           ; None        ; -0.128 ns ; T    ; counter16:counter|lpm_counter:lpm_counter_component|cntr_mpi:auto_generated|safe_q[6]  ; Clk      ;
; N/A           ; None        ; -0.128 ns ; T    ; counter16:counter|lpm_counter:lpm_counter_component|cntr_mpi:auto_generated|safe_q[7]  ; Clk      ;
; N/A           ; None        ; -0.128 ns ; T    ; counter16:counter|lpm_counter:lpm_counter_component|cntr_mpi:auto_generated|safe_q[8]  ; Clk      ;
; N/A           ; None        ; -0.128 ns ; T    ; counter16:counter|lpm_counter:lpm_counter_component|cntr_mpi:auto_generated|safe_q[9]  ; Clk      ;
; N/A           ; None        ; -0.128 ns ; T    ; counter16:counter|lpm_counter:lpm_counter_component|cntr_mpi:auto_generated|safe_q[10] ; Clk      ;
; N/A           ; None        ; -0.128 ns ; T    ; counter16:counter|lpm_counter:lpm_counter_component|cntr_mpi:auto_generated|safe_q[11] ; Clk      ;
; N/A           ; None        ; -0.128 ns ; T    ; counter16:counter|lpm_counter:lpm_counter_component|cntr_mpi:auto_generated|safe_q[12] ; Clk      ;
; N/A           ; None        ; -0.128 ns ; T    ; counter16:counter|lpm_counter:lpm_counter_component|cntr_mpi:auto_generated|safe_q[13] ; Clk      ;
; N/A           ; None        ; -0.128 ns ; T    ; counter16:counter|lpm_counter:lpm_counter_component|cntr_mpi:auto_generated|safe_q[14] ; Clk      ;
; N/A           ; None        ; -0.128 ns ; T    ; counter16:counter|lpm_counter:lpm_counter_component|cntr_mpi:auto_generated|safe_q[15] ; Clk      ;
+---------------+-------------+-----------+------+----------------------------------------------------------------------------------------+----------+


+--------------------------+
; Timing Analyzer Messages ;
+--------------------------+
Info: *******************************************************************
Info: Running Quartus II Classic Timing Analyzer
    Info: Version 9.0 Build 235 06/17/2009 Service Pack 2 SJ Web Edition
    Info: Processing started: Sun Dec 09 16:44:32 2018
Info: Command: quartus_tan --read_settings_files=off --write_settings_files=off part3 -c part3 --timing_analysis_only
Info: Parallel compilation is enabled and will use 2 of the 2 processors detected
Warning: Found pins functioning as undefined clocks and/or memory enables
    Info: Assuming node "Clk" is an undefined clock
Info: Clock "Clk" has Internal fmax of 401.61 MHz between source register "counter16:counter|lpm_counter:lpm_counter_component|cntr_mpi:auto_generated|safe_q[0]" and destination register "counter16:counter|lpm_counter:lpm_counter_component|cntr_mpi:auto_generated|safe_q[15]" (period= 2.49 ns)
    Info: + Longest register to register delay is 2.276 ns
        Info: 1: + IC(0.000 ns) + CELL(0.000 ns) = 0.000 ns; Loc. = LCFF_X28_Y34_N1; Fanout = 3; REG Node = 'counter16:counter|lpm_counter:lpm_counter_component|cntr_mpi:auto_generated|safe_q[0]'
        Info: 2: + IC(0.307 ns) + CELL(0.393 ns) = 0.700 ns; Loc. = LCCOMB_X28_Y34_N0; Fanout = 2; COMB Node = 'counter16:counter|lpm_counter:lpm_counter_component|cntr_mpi:auto_generated|counter_comb_bita0~COUT'
        Info: 3: + IC(0.000 ns) + CELL(0.071 ns) = 0.771 ns; Loc. = LCCOMB_X28_Y34_N2; Fanout = 2; COMB Node = 'counter16:counter|lpm_counter:lpm_counter_component|cntr_mpi:auto_generated|counter_comb_bita1~COUT'
        Info: 4: + IC(0.000 ns) + CELL(0.071 ns) = 0.842 ns; Loc. = LCCOMB_X28_Y34_N4; Fanout = 2; COMB Node = 'counter16:counter|lpm_counter:lpm_counter_component|cntr_mpi:auto_generated|counter_comb_bita2~COUT'
        Info: 5: + IC(0.000 ns) + CELL(0.071 ns) = 0.913 ns; Loc. = LCCOMB_X28_Y34_N6; Fanout = 2; COMB Node = 'counter16:counter|lpm_counter:lpm_counter_component|cntr_mpi:auto_generated|counter_comb_bita3~COUT'
        Info: 6: + IC(0.000 ns) + CELL(0.071 ns) = 0.984 ns; Loc. = LCCOMB_X28_Y34_N8; Fanout = 2; COMB Node = 'counter16:counter|lpm_counter:lpm_counter_component|cntr_mpi:auto_generated|counter_comb_bita4~COUT'
        Info: 7: + IC(0.000 ns) + CELL(0.071 ns) = 1.055 ns; Loc. = LCCOMB_X28_Y34_N10; Fanout = 2; COMB Node = 'counter16:counter|lpm_counter:lpm_counter_component|cntr_mpi:auto_generated|counter_comb_bita5~COUT'
        Info: 8: + IC(0.000 ns) + CELL(0.071 ns) = 1.126 ns; Loc. = LCCOMB_X28_Y34_N12; Fanout = 2; COMB Node = 'counter16:counter|lpm_counter:lpm_counter_component|cntr_mpi:auto_generated|counter_comb_bita6~COUT'
        Info: 9: + IC(0.000 ns) + CELL(0.159 ns) = 1.285 ns; Loc. = LCCOMB_X28_Y34_N14; Fanout = 2; COMB Node = 'counter16:counter|lpm_counter:lpm_counter_component|cntr_mpi:auto_generated|counter_comb_bita7~COUT'
        Info: 10: + IC(0.000 ns) + CELL(0.071 ns) = 1.356 ns; Loc. = LCCOMB_X28_Y34_N16; Fanout = 2; COMB Node = 'counter16:counter|lpm_counter:lpm_counter_component|cntr_mpi:auto_generated|counter_comb_bita8~COUT'
        Info: 11: + IC(0.000 ns) + CELL(0.071 ns) = 1.427 ns; Loc. = LCCOMB_X28_Y34_N18; Fanout = 2; COMB Node = 'counter16:counter|lpm_counter:lpm_counter_component|cntr_mpi:auto_generated|counter_comb_bita9~COUT'
        Info: 12: + IC(0.000 ns) + CELL(0.071 ns) = 1.498 ns; Loc. = LCCOMB_X28_Y34_N20; Fanout = 2; COMB Node = 'counter16:counter|lpm_counter:lpm_counter_component|cntr_mpi:auto_generated|counter_comb_bita10~COUT'
        Info: 13: + IC(0.000 ns) + CELL(0.071 ns) = 1.569 ns; Loc. = LCCOMB_X28_Y34_N22; Fanout = 2; COMB Node = 'counter16:counter|lpm_counter:lpm_counter_component|cntr_mpi:auto_generated|counter_comb_bita11~COUT'
        Info: 14: + IC(0.000 ns) + CELL(0.071 ns) = 1.640 ns; Loc. = LCCOMB_X28_Y34_N24; Fanout = 2; COMB Node = 'counter16:counter|lpm_counter:lpm_counter_component|cntr_mpi:auto_generated|counter_comb_bita12~COUT'
        Info: 15: + IC(0.000 ns) + CELL(0.071 ns) = 1.711 ns; Loc. = LCCOMB_X28_Y34_N26; Fanout = 2; COMB Node = 'counter16:counter|lpm_counter:lpm_counter_component|cntr_mpi:auto_generated|counter_comb_bita13~COUT'
        Info: 16: + IC(0.000 ns) + CELL(0.071 ns) = 1.782 ns; Loc. = LCCOMB_X28_Y34_N28; Fanout = 1; COMB Node = 'counter16:counter|lpm_counter:lpm_counter_component|cntr_mpi:auto_generated|counter_comb_bita14~COUT'
        Info: 17: + IC(0.000 ns) + CELL(0.410 ns) = 2.192 ns; Loc. = LCCOMB_X28_Y34_N30; Fanout = 1; COMB Node = 'counter16:counter|lpm_counter:lpm_counter_component|cntr_mpi:auto_generated|counter_comb_bita15'
        Info: 18: + IC(0.000 ns) + CELL(0.084 ns) = 2.276 ns; Loc. = LCFF_X28_Y34_N31; Fanout = 2; REG Node = 'counter16:counter|lpm_counter:lpm_counter_component|cntr_mpi:auto_generated|safe_q[15]'
        Info: Total cell delay = 1.969 ns ( 86.51 % )
        Info: Total interconnect delay = 0.307 ns ( 13.49 % )
    Info: - Smallest clock skew is 0.000 ns
        Info: + Shortest clock path from clock "Clk" to destination register is 2.696 ns
            Info: 1: + IC(0.000 ns) + CELL(0.999 ns) = 0.999 ns; Loc. = PIN_P2; Fanout = 1; CLK Node = 'Clk'
            Info: 2: + IC(0.118 ns) + CELL(0.000 ns) = 1.117 ns; Loc. = CLKCTRL_G3; Fanout = 16; COMB Node = 'Clk~clkctrl'
            Info: 3: + IC(1.042 ns) + CELL(0.537 ns) = 2.696 ns; Loc. = LCFF_X28_Y34_N31; Fanout = 2; REG Node = 'counter16:counter|lpm_counter:lpm_counter_component|cntr_mpi:auto_generated|safe_q[15]'
            Info: Total cell delay = 1.536 ns ( 56.97 % )
            Info: Total interconnect delay = 1.160 ns ( 43.03 % )
        Info: - Longest clock path from clock "Clk" to source register is 2.696 ns
            Info: 1: + IC(0.000 ns) + CELL(0.999 ns) = 0.999 ns; Loc. = PIN_P2; Fanout = 1; CLK Node = 'Clk'
            Info: 2: + IC(0.118 ns) + CELL(0.000 ns) = 1.117 ns; Loc. = CLKCTRL_G3; Fanout = 16; COMB Node = 'Clk~clkctrl'
            Info: 3: + IC(1.042 ns) + CELL(0.537 ns) = 2.696 ns; Loc. = LCFF_X28_Y34_N1; Fanout = 3; REG Node = 'counter16:counter|lpm_counter:lpm_counter_component|cntr_mpi:auto_generated|safe_q[0]'
            Info: Total cell delay = 1.536 ns ( 56.97 % )
            Info: Total interconnect delay = 1.160 ns ( 43.03 % )
    Info: + Micro clock to output delay of source is 0.250 ns
    Info: + Micro setup delay of destination is -0.036 ns
Info: tsu for register "counter16:counter|lpm_counter:lpm_counter_component|cntr_mpi:auto_generated|safe_q[0]" (data pin = "Clr", clock pin = "Clk") is 0.633 ns
    Info: + Longest pin to register delay is 3.365 ns
        Info: 1: + IC(0.000 ns) + CELL(0.979 ns) = 0.979 ns; Loc. = PIN_C13; Fanout = 17; PIN Node = 'Clr'
        Info: 2: + IC(0.649 ns) + CELL(0.420 ns) = 2.048 ns; Loc. = LCCOMB_X30_Y34_N0; Fanout = 16; COMB Node = 'counter16:counter|lpm_counter:lpm_counter_component|cntr_mpi:auto_generated|_~2'
        Info: 3: + IC(0.657 ns) + CELL(0.660 ns) = 3.365 ns; Loc. = LCFF_X28_Y34_N1; Fanout = 3; REG Node = 'counter16:counter|lpm_counter:lpm_counter_component|cntr_mpi:auto_generated|safe_q[0]'
        Info: Total cell delay = 2.059 ns ( 61.19 % )
        Info: Total interconnect delay = 1.306 ns ( 38.81 % )
    Info: + Micro setup delay of destination is -0.036 ns
    Info: - Shortest clock path from clock "Clk" to destination register is 2.696 ns
        Info: 1: + IC(0.000 ns) + CELL(0.999 ns) = 0.999 ns; Loc. = PIN_P2; Fanout = 1; CLK Node = 'Clk'
        Info: 2: + IC(0.118 ns) + CELL(0.000 ns) = 1.117 ns; Loc. = CLKCTRL_G3; Fanout = 16; COMB Node = 'Clk~clkctrl'
        Info: 3: + IC(1.042 ns) + CELL(0.537 ns) = 2.696 ns; Loc. = LCFF_X28_Y34_N1; Fanout = 3; REG Node = 'counter16:counter|lpm_counter:lpm_counter_component|cntr_mpi:auto_generated|safe_q[0]'
        Info: Total cell delay = 1.536 ns ( 56.97 % )
        Info: Total interconnect delay = 1.160 ns ( 43.03 % )
Info: tco from clock "Clk" to destination pin "Q[8]" through register "counter16:counter|lpm_counter:lpm_counter_component|cntr_mpi:auto_generated|safe_q[8]" is 9.305 ns
    Info: + Longest clock path from clock "Clk" to source register is 2.696 ns
        Info: 1: + IC(0.000 ns) + CELL(0.999 ns) = 0.999 ns; Loc. = PIN_P2; Fanout = 1; CLK Node = 'Clk'
        Info: 2: + IC(0.118 ns) + CELL(0.000 ns) = 1.117 ns; Loc. = CLKCTRL_G3; Fanout = 16; COMB Node = 'Clk~clkctrl'
        Info: 3: + IC(1.042 ns) + CELL(0.537 ns) = 2.696 ns; Loc. = LCFF_X28_Y34_N17; Fanout = 3; REG Node = 'counter16:counter|lpm_counter:lpm_counter_component|cntr_mpi:auto_generated|safe_q[8]'
        Info: Total cell delay = 1.536 ns ( 56.97 % )
        Info: Total interconnect delay = 1.160 ns ( 43.03 % )
    Info: + Micro clock to output delay of source is 0.250 ns
    Info: + Longest register to pin delay is 6.359 ns
        Info: 1: + IC(0.000 ns) + CELL(0.000 ns) = 0.000 ns; Loc. = LCFF_X28_Y34_N17; Fanout = 3; REG Node = 'counter16:counter|lpm_counter:lpm_counter_component|cntr_mpi:auto_generated|safe_q[8]'
        Info: 2: + IC(3.727 ns) + CELL(2.632 ns) = 6.359 ns; Loc. = PIN_L25; Fanout = 0; PIN Node = 'Q[8]'
        Info: Total cell delay = 2.632 ns ( 41.39 % )
        Info: Total interconnect delay = 3.727 ns ( 58.61 % )
Info: th for register "counter16:counter|lpm_counter:lpm_counter_component|cntr_mpi:auto_generated|safe_q[0]" (data pin = "Clr", clock pin = "Clk") is 0.480 ns
    Info: + Longest clock path from clock "Clk" to destination register is 2.696 ns
        Info: 1: + IC(0.000 ns) + CELL(0.999 ns) = 0.999 ns; Loc. = PIN_P2; Fanout = 1; CLK Node = 'Clk'
        Info: 2: + IC(0.118 ns) + CELL(0.000 ns) = 1.117 ns; Loc. = CLKCTRL_G3; Fanout = 16; COMB Node = 'Clk~clkctrl'
        Info: 3: + IC(1.042 ns) + CELL(0.537 ns) = 2.696 ns; Loc. = LCFF_X28_Y34_N1; Fanout = 3; REG Node = 'counter16:counter|lpm_counter:lpm_counter_component|cntr_mpi:auto_generated|safe_q[0]'
        Info: Total cell delay = 1.536 ns ( 56.97 % )
        Info: Total interconnect delay = 1.160 ns ( 43.03 % )
    Info: + Micro hold delay of destination is 0.266 ns
    Info: - Shortest pin to register delay is 2.482 ns
        Info: 1: + IC(0.000 ns) + CELL(0.979 ns) = 0.979 ns; Loc. = PIN_C13; Fanout = 17; PIN Node = 'Clr'
        Info: 2: + IC(0.844 ns) + CELL(0.659 ns) = 2.482 ns; Loc. = LCFF_X28_Y34_N1; Fanout = 3; REG Node = 'counter16:counter|lpm_counter:lpm_counter_component|cntr_mpi:auto_generated|safe_q[0]'
        Info: Total cell delay = 1.638 ns ( 66.00 % )
        Info: Total interconnect delay = 0.844 ns ( 34.00 % )
Info: Quartus II Classic Timing Analyzer was successful. 0 errors, 1 warning
    Info: Peak virtual memory: 253 megabytes
    Info: Processing ended: Sun Dec 09 16:44:32 2018
    Info: Elapsed time: 00:00:00
    Info: Total CPU time (on all processors): 00:00:00


