Classic Timing Analyzer report for part3
Sun Dec 09 09:21:21 2018
Quartus II Version 9.0 Build 235 06/17/2009 Service Pack 2 SJ Web Edition


---------------------
; Table of Contents ;
---------------------
  1. Legal Notice
  2. Timing Analyzer Summary
  3. Timing Analyzer Settings
  4. Parallel Compilation
  5. tpd
  6. Timing Analyzer Messages



----------------
; Legal Notice ;
----------------
Copyright (C) 1991-2009 Altera Corporation
Your use of Altera Corporation's design tools, logic functions 
and other software and tools, and its AMPP partner logic 
functions, and any output files from any of the foregoing 
(including device programming or simulation files), and any 
associated documentation or information are expressly subject 
to the terms and conditions of the Altera Program License 
Subscription Agreement, Altera MegaCore Function License 
Agreement, or other applicable license agreement, including, 
without limitation, that your use is for the sole purpose of 
programming logic devices manufactured by Altera and sold by 
Altera or its authorized distributors.  Please refer to the 
applicable agreement for further details.



+-----------------------------------------------------------------------------------------------------------------------------+
; Timing Analyzer Summary                                                                                                     ;
+------------------------------+-------+---------------+-------------+-------+---------+------------+----------+--------------+
; Type                         ; Slack ; Required Time ; Actual Time ; From  ; To      ; From Clock ; To Clock ; Failed Paths ;
+------------------------------+-------+---------------+-------------+-------+---------+------------+----------+--------------+
; Worst-case tpd               ; N/A   ; None          ; 8.731 ns    ; SW[0] ; LEDR[0] ; --         ; --       ; 0            ;
; Total number of failed paths ;       ;               ;             ;       ;         ;            ;          ; 0            ;
+------------------------------+-------+---------------+-------------+-------+---------+------------+----------+--------------+


+--------------------------------------------------------------------------------------------------------------------+
; Timing Analyzer Settings                                                                                           ;
+---------------------------------------------------------------------+--------------------+------+----+-------------+
; Option                                                              ; Setting            ; From ; To ; Entity Name ;
+---------------------------------------------------------------------+--------------------+------+----+-------------+
; Device Name                                                         ; EP2C35F672C6       ;      ;    ;             ;
; Timing Models                                                       ; Final              ;      ;    ;             ;
; Default hold multicycle                                             ; Same as Multicycle ;      ;    ;             ;
; Cut paths between unrelated clock domains                           ; On                 ;      ;    ;             ;
; Cut off read during write signal paths                              ; On                 ;      ;    ;             ;
; Cut off feedback from I/O pins                                      ; On                 ;      ;    ;             ;
; Report Combined Fast/Slow Timing                                    ; Off                ;      ;    ;             ;
; Ignore Clock Settings                                               ; Off                ;      ;    ;             ;
; Analyze latches as synchronous elements                             ; On                 ;      ;    ;             ;
; Enable Recovery/Removal analysis                                    ; Off                ;      ;    ;             ;
; Enable Clock Latency                                                ; Off                ;      ;    ;             ;
; Use TimeQuest Timing Analyzer                                       ; Off                ;      ;    ;             ;
; Minimum Core Junction Temperature                                   ; 0                  ;      ;    ;             ;
; Maximum Core Junction Temperature                                   ; 85                 ;      ;    ;             ;
; Number of source nodes to report per destination node               ; 10                 ;      ;    ;             ;
; Number of destination nodes to report                               ; 10                 ;      ;    ;             ;
; Number of paths to report                                           ; 200                ;      ;    ;             ;
; Report Minimum Timing Checks                                        ; Off                ;      ;    ;             ;
; Use Fast Timing Models                                              ; Off                ;      ;    ;             ;
; Report IO Paths Separately                                          ; Off                ;      ;    ;             ;
; Perform Multicorner Analysis                                        ; On                 ;      ;    ;             ;
; Reports the worst-case path for each clock domain and analysis      ; Off                ;      ;    ;             ;
; Removes common clock path pessimism (CCPP) during slack computation ; Off                ;      ;    ;             ;
; Output I/O Timing Endpoint                                          ; Near End           ;      ;    ;             ;
+---------------------------------------------------------------------+--------------------+------+----+-------------+


+------------------------------------------+
; Parallel Compilation                     ;
+----------------------------+-------------+
; Processors                 ; Number      ;
+----------------------------+-------------+
; Number detected on machine ; 2           ;
; Maximum allowed            ; 2           ;
;                            ;             ;
; Average used               ; 1.00        ;
; Maximum used               ; 1           ;
;                            ;             ;
; Usage by Processor         ; % Time Used ;
;     1 processor            ; 100.0%      ;
;     2 processors           ;   0.0%      ;
+----------------------------+-------------+


+---------------------------------------------------------------+
; tpd                                                           ;
+-------+-------------------+-----------------+-------+---------+
; Slack ; Required P2P Time ; Actual P2P Time ; From  ; To      ;
+-------+-------------------+-----------------+-------+---------+
; N/A   ; None              ; 8.731 ns        ; SW[0] ; LEDR[0] ;
; N/A   ; None              ; 8.245 ns        ; SW[1] ; LEDR[0] ;
+-------+-------------------+-----------------+-------+---------+


+--------------------------+
; Timing Analyzer Messages ;
+--------------------------+
Info: *******************************************************************
Info: Running Quartus II Classic Timing Analyzer
    Info: Version 9.0 Build 235 06/17/2009 Service Pack 2 SJ Web Edition
    Info: Processing started: Sun Dec 09 09:21:21 2018
Info: Command: quartus_tan --read_settings_files=off --write_settings_files=off part3 -c part3 --timing_analysis_only
Info: Parallel compilation is enabled and will use 2 of the 2 processors detected
Warning: Found combinational loop of 2 nodes
    Warning: Node "D_latch:U2|Qb"
    Warning: Node "D_latch:U2|Qa"
Warning: Found combinational loop of 2 nodes
    Warning: Node "D_latch:U1|Qa"
    Warning: Node "D_latch:U1|Qb"
Info: Longest tpd from source pin "SW[0]" to destination pin "LEDR[0]" is 8.731 ns
    Info: 1: + IC(0.000 ns) + CELL(0.979 ns) = 0.979 ns; Loc. = PIN_D13; Fanout = 2; PIN Node = 'SW[0]'
    Info: 2: + IC(0.661 ns) + CELL(0.150 ns) = 1.790 ns; Loc. = LCCOMB_X30_Y35_N26; Fanout = 1; COMB Node = 'D_latch:U1|R'
    Info: 3: + IC(0.248 ns) + CELL(0.393 ns) = 2.431 ns; Loc. = LCCOMB_X30_Y35_N22; Fanout = 2; COMB Node = 'D_latch:U1|R_g'
    Info: 4: + IC(0.000 ns) + CELL(0.799 ns) = 3.230 ns; Loc. = LCCOMB_X30_Y35_N6; Fanout = 3; COMB LOOP Node = 'D_latch:U1|Qa'
        Info: Loc. = LCCOMB_X30_Y35_N6; Node "D_latch:U1|Qa"
        Info: Loc. = LCCOMB_X30_Y35_N12; Node "D_latch:U1|Qb"
    Info: 5: + IC(0.262 ns) + CELL(0.150 ns) = 3.642 ns; Loc. = LCCOMB_X30_Y35_N8; Fanout = 1; COMB Node = 'D_latch:U2|R'
    Info: 6: + IC(0.248 ns) + CELL(0.275 ns) = 4.165 ns; Loc. = LCCOMB_X30_Y35_N24; Fanout = 2; COMB Node = 'D_latch:U2|R_g'
    Info: 7: + IC(0.000 ns) + CELL(1.192 ns) = 5.357 ns; Loc. = LCCOMB_X30_Y35_N0; Fanout = 2; COMB LOOP Node = 'D_latch:U2|Qa'
        Info: Loc. = LCCOMB_X30_Y35_N0; Node "D_latch:U2|Qa"
        Info: Loc. = LCCOMB_X30_Y35_N28; Node "D_latch:U2|Qb"
    Info: 8: + IC(0.576 ns) + CELL(2.798 ns) = 8.731 ns; Loc. = PIN_B11; Fanout = 0; PIN Node = 'LEDR[0]'
    Info: Total cell delay = 6.736 ns ( 77.15 % )
    Info: Total interconnect delay = 1.995 ns ( 22.85 % )
Info: Quartus II Classic Timing Analyzer was successful. 0 errors, 6 warnings
    Info: Peak virtual memory: 252 megabytes
    Info: Processing ended: Sun Dec 09 09:21:22 2018
    Info: Elapsed time: 00:00:01
    Info: Total CPU time (on all processors): 00:00:00


